[0.006s] Invoking command in '/home/tang/tang_ws/remote_h/crsf_parser/build/crsf_parser': CMAKE_PREFIX_PATH=${CMAKE_PREFIX_PATH}:/opt/ros/humble /usr/bin/cmake --build /home/tang/tang_ws/remote_h/crsf_parser/build/crsf_parser -- -j16 -l16
[0.023s] -- Found ament_cmake: 1.3.12 (/opt/ros/humble/share/ament_cmake/cmake)
[0.105s] -- Found rclcpp: 16.0.17 (/opt/ros/humble/share/rclcpp/cmake)
[0.120s] -- Found rosidl_generator_c: 3.1.8 (/opt/ros/humble/share/rosidl_generator_c/cmake)
[0.122s] -- Found rosidl_adapter: 3.1.8 (/opt/ros/humble/share/rosidl_adapter/cmake)
[0.125s] -- Found rosidl_generator_cpp: 3.1.8 (/opt/ros/humble/share/rosidl_generator_cpp/cmake)
[0.130s] -- Using all available rosidl_typesupport_c: rosidl_typesupport_fastrtps_c;rosidl_typesupport_introspection_c
[0.136s] -- Using all available rosidl_typesupport_cpp: rosidl_typesupport_fastrtps_cpp;rosidl_typesupport_introspection_cpp
[0.154s] -- Found rmw_implementation_cmake: 6.1.2 (/opt/ros/humble/share/rmw_implementation_cmake/cmake)
[0.154s] -- Found rmw_fastrtps_cpp: 6.2.9 (/opt/ros/humble/share/rmw_fastrtps_cpp/cmake)
[0.211s] -- Using RMW implementation 'rmw_fastrtps_cpp' as default
[0.238s] -- Found sensor_msgs: 4.9.0 (/opt/ros/humble/share/sensor_msgs/cmake)
[0.255s] -- Found rosidl_default_generators: 1.2.0 (/opt/ros/humble/share/rosidl_default_generators/cmake)
[0.407s] -- Found ament_cmake_ros: 0.10.0 (/opt/ros/humble/share/ament_cmake_ros/cmake)
[0.597s] -- Using all available rosidl_typesupport_c: rosidl_typesupport_fastrtps_c;rosidl_typesupport_introspection_c
[0.668s] -- Using all available rosidl_typesupport_cpp: rosidl_typesupport_fastrtps_cpp;rosidl_typesupport_introspection_cpp
[0.682s] -- Found python_cmake_module: 0.10.0 (/opt/ros/humble/share/python_cmake_module/cmake)
[0.697s] -- Using PYTHON_EXECUTABLE: /usr/bin/python3
[0.697s] -- Using PYTHON_INCLUDE_DIRS: /usr/include/python3.10
[0.697s] -- Using PYTHON_LIBRARIES: /usr/lib/x86_64-linux-gnu/libpython3.10.so
[0.705s] [0mCMake Deprecation Warning at /opt/ros/humble/share/rosidl_cmake/cmake/rosidl_target_interfaces.cmake:32 (message):
[0.705s]   Use rosidl_get_typesupport_target() and target_link_libraries() instead of
[0.705s]   rosidl_target_interfaces()
[0.705s] Call Stack (most recent call first):
[0.705s]   CMakeLists.txt:49 (rosidl_target_interfaces)
[0.705s] 
[0.705s] [0m
[0.710s] [31mCMake Error at CMakeLists.txt:62 (find_package):
[0.710s]   By not providing "Findcommunication.cmake" in CMAKE_MODULE_PATH this
[0.710s]   project has asked CMake to find a package configuration file provided by
[0.710s]   "communication", but CMake did not find one.
[0.711s] 
[0.711s]   Could not find a package configuration file provided by "communication"
[0.711s]   with any of the following names:
[0.711s] 
[0.711s]     communicationConfig.cmake
[0.711s]     communication-config.cmake
[0.711s] 
[0.711s]   Add the installation prefix of "communication" to CMAKE_PREFIX_PATH or set
[0.711s]   "communication_DIR" to a directory containing one of the above files.  If
[0.711s]   "communication" provides a separate development package or SDK, be sure it
[0.711s]   has been installed.
[0.711s] 
[0.711s] [0m
[0.711s] -- Configuring incomplete, errors occurred!
[0.711s] See also "/home/tang/tang_ws/remote_h/crsf_parser/build/crsf_parser/CMakeFiles/CMakeOutput.log".
[0.716s] gmake: *** [Makefile:788：cmake_check_build_system] 错误 1
[0.717s] Invoked command in '/home/tang/tang_ws/remote_h/crsf_parser/build/crsf_parser' returned '2': CMAKE_PREFIX_PATH=${CMAKE_PREFIX_PATH}:/opt/ros/humble /usr/bin/cmake --build /home/tang/tang_ws/remote_h/crsf_parser/build/crsf_parser -- -j16 -l16
