[0.006s] Invoking command in '/home/tang/tang_ws/remote_h/crsf_parser/build/crsf_parser': CMAKE_PREFIX_PATH=/opt/ros/humble /usr/bin/cmake --build /home/tang/tang_ws/remote_h/crsf_parser/build/crsf_parser -- -j16 -l16
[0.029s] [35m[1mConsolidate compiler generated dependencies of target crsf_parser__rosidl_generator_c[0m
[0.034s] [  3%] Built target crsf_parser__cpp
[0.035s] [ 12%] Built target crsf_parser__rosidl_generator_c
[0.041s] [35m[1mConsolidate compiler generated dependencies of target crsf_parser__rosidl_typesupport_fastrtps_cpp[0m
[0.041s] [35m[1mConsolidate compiler generated dependencies of target crsf_parser__rosidl_typesupport_c[0m
[0.041s] [35m[1mConsolidate compiler generated dependencies of target crsf_parser__rosidl_typesupport_introspection_c[0m
[0.041s] [35m[1mConsolidate compiler generated dependencies of target crsf_parser__rosidl_typesupport_fastrtps_c[0m
[0.042s] [ 12%] Built target ament_cmake_python_copy_crsf_parser
[0.043s] [35m[1mConsolidate compiler generated dependencies of target crsf_parser__rosidl_typesupport_cpp[0m
[0.043s] [35m[1mConsolidate compiler generated dependencies of target crsf_parser__rosidl_typesupport_introspection_cpp[0m
[0.048s] [ 33%] Built target crsf_parser__rosidl_typesupport_fastrtps_cpp
[0.048s] [ 39%] Built target crsf_parser__rosidl_typesupport_c
[0.048s] [ 39%] Built target crsf_parser__rosidl_typesupport_introspection_c
[0.048s] [ 48%] Built target crsf_parser__rosidl_typesupport_fastrtps_c
[0.051s] [ 57%] Built target crsf_parser__rosidl_typesupport_introspection_cpp
[0.051s] [ 66%] Built target crsf_parser__rosidl_typesupport_cpp
[0.065s] [ 66%] Built target crsf_parser
[0.073s] [35m[1mConsolidate compiler generated dependencies of target crsf_parser_node[0m
[0.078s] [ 69%] Built target crsf_parser__py
[0.083s] [ 75%] Built target crsf_parser_node
[0.084s] [35m[1mConsolidate compiler generated dependencies of target crsf_parser__rosidl_generator_py[0m
[0.093s] [ 81%] Built target crsf_parser__rosidl_generator_py
[0.100s] [35m[1mConsolidate compiler generated dependencies of target crsf_parser__rosidl_typesupport_c__pyext[0m
[0.100s] [35m[1mConsolidate compiler generated dependencies of target crsf_parser__rosidl_typesupport_introspection_c__pyext[0m
[0.100s] [35m[1mConsolidate compiler generated dependencies of target crsf_parser__rosidl_typesupport_fastrtps_c__pyext[0m
[0.107s] [ 87%] Built target crsf_parser__rosidl_typesupport_fastrtps_c__pyext
[0.109s] [100%] Built target crsf_parser__rosidl_typesupport_introspection_c__pyext
[0.109s] [100%] Built target crsf_parser__rosidl_typesupport_c__pyext
[0.162s] running egg_info
[0.162s] writing crsf_parser.egg-info/PKG-INFO
[0.162s] writing dependency_links to crsf_parser.egg-info/dependency_links.txt
[0.163s] writing top-level names to crsf_parser.egg-info/top_level.txt
[0.164s] reading manifest file 'crsf_parser.egg-info/SOURCES.txt'
[0.164s] writing manifest file 'crsf_parser.egg-info/SOURCES.txt'
[0.179s] [100%] Built target ament_cmake_python_build_crsf_parser_egg
[0.185s] Invoked command in '/home/tang/tang_ws/remote_h/crsf_parser/build/crsf_parser' returned '0': CMAKE_PREFIX_PATH=/opt/ros/humble /usr/bin/cmake --build /home/tang/tang_ws/remote_h/crsf_parser/build/crsf_parser -- -j16 -l16
[0.192s] Invoking command in '/home/tang/tang_ws/remote_h/crsf_parser/build/crsf_parser': CMAKE_PREFIX_PATH=/opt/ros/humble /usr/bin/cmake --install /home/tang/tang_ws/remote_h/crsf_parser/build/crsf_parser
[0.197s] -- Install configuration: ""
[0.197s] -- Up-to-date: /home/tang/tang_ws/remote_h/crsf_parser/install/crsf_parser/share/ament_index/resource_index/rosidl_interfaces/crsf_parser
[0.197s] -- Up-to-date: /home/tang/tang_ws/remote_h/crsf_parser/install/crsf_parser/include/crsf_parser/crsf_parser
[0.197s] -- Up-to-date: /home/tang/tang_ws/remote_h/crsf_parser/install/crsf_parser/include/crsf_parser/crsf_parser/msg
[0.197s] -- Up-to-date: /home/tang/tang_ws/remote_h/crsf_parser/install/crsf_parser/include/crsf_parser/crsf_parser/msg/rosidl_generator_c__visibility_control.h
[0.197s] -- Up-to-date: /home/tang/tang_ws/remote_h/crsf_parser/install/crsf_parser/include/crsf_parser/crsf_parser/msg/crsf_channels.h
[0.197s] -- Up-to-date: /home/tang/tang_ws/remote_h/crsf_parser/install/crsf_parser/include/crsf_parser/crsf_parser/msg/detail
[0.197s] -- Up-to-date: /home/tang/tang_ws/remote_h/crsf_parser/install/crsf_parser/include/crsf_parser/crsf_parser/msg/detail/crsf_channels__struct.h
[0.198s] -- Up-to-date: /home/tang/tang_ws/remote_h/crsf_parser/install/crsf_parser/include/crsf_parser/crsf_parser/msg/detail/crsf_channels__functions.c
[0.198s] -- Up-to-date: /home/tang/tang_ws/remote_h/crsf_parser/install/crsf_parser/include/crsf_parser/crsf_parser/msg/detail/crsf_channels__type_support.h
[0.198s] -- Up-to-date: /home/tang/tang_ws/remote_h/crsf_parser/install/crsf_parser/include/crsf_parser/crsf_parser/msg/detail/crsf_channels__functions.h
[0.198s] -- Up-to-date: /home/tang/tang_ws/remote_h/crsf_parser/install/crsf_parser/share/crsf_parser/environment/library_path.sh
[0.198s] -- Up-to-date: /home/tang/tang_ws/remote_h/crsf_parser/install/crsf_parser/share/crsf_parser/environment/library_path.dsv
[0.198s] -- Up-to-date: /home/tang/tang_ws/remote_h/crsf_parser/install/crsf_parser/lib/libcrsf_parser__rosidl_generator_c.so
[0.198s] -- Up-to-date: /home/tang/tang_ws/remote_h/crsf_parser/install/crsf_parser/include/crsf_parser/crsf_parser
[0.198s] -- Up-to-date: /home/tang/tang_ws/remote_h/crsf_parser/install/crsf_parser/include/crsf_parser/crsf_parser/msg
[0.198s] -- Up-to-date: /home/tang/tang_ws/remote_h/crsf_parser/install/crsf_parser/include/crsf_parser/crsf_parser/msg/detail
[0.198s] -- Up-to-date: /home/tang/tang_ws/remote_h/crsf_parser/install/crsf_parser/include/crsf_parser/crsf_parser/msg/detail/crsf_channels__rosidl_typesupport_fastrtps_c.h
[0.198s] -- Up-to-date: /home/tang/tang_ws/remote_h/crsf_parser/install/crsf_parser/include/crsf_parser/crsf_parser/msg/rosidl_typesupport_fastrtps_c__visibility_control.h
[0.198s] -- Up-to-date: /home/tang/tang_ws/remote_h/crsf_parser/install/crsf_parser/lib/libcrsf_parser__rosidl_typesupport_fastrtps_c.so
[0.198s] -- Up-to-date: /home/tang/tang_ws/remote_h/crsf_parser/install/crsf_parser/include/crsf_parser/crsf_parser
[0.198s] -- Up-to-date: /home/tang/tang_ws/remote_h/crsf_parser/install/crsf_parser/include/crsf_parser/crsf_parser/msg
[0.198s] -- Up-to-date: /home/tang/tang_ws/remote_h/crsf_parser/install/crsf_parser/include/crsf_parser/crsf_parser/msg/rosidl_generator_cpp__visibility_control.hpp
[0.198s] -- Up-to-date: /home/tang/tang_ws/remote_h/crsf_parser/install/crsf_parser/include/crsf_parser/crsf_parser/msg/crsf_channels.hpp
[0.198s] -- Up-to-date: /home/tang/tang_ws/remote_h/crsf_parser/install/crsf_parser/include/crsf_parser/crsf_parser/msg/detail
[0.198s] -- Up-to-date: /home/tang/tang_ws/remote_h/crsf_parser/install/crsf_parser/include/crsf_parser/crsf_parser/msg/detail/crsf_channels__type_support.hpp
[0.198s] -- Up-to-date: /home/tang/tang_ws/remote_h/crsf_parser/install/crsf_parser/include/crsf_parser/crsf_parser/msg/detail/crsf_channels__builder.hpp
[0.198s] -- Up-to-date: /home/tang/tang_ws/remote_h/crsf_parser/install/crsf_parser/include/crsf_parser/crsf_parser/msg/detail/crsf_channels__struct.hpp
[0.198s] -- Up-to-date: /home/tang/tang_ws/remote_h/crsf_parser/install/crsf_parser/include/crsf_parser/crsf_parser/msg/detail/crsf_channels__traits.hpp
[0.198s] -- Up-to-date: /home/tang/tang_ws/remote_h/crsf_parser/install/crsf_parser/include/crsf_parser/crsf_parser
[0.198s] -- Up-to-date: /home/tang/tang_ws/remote_h/crsf_parser/install/crsf_parser/include/crsf_parser/crsf_parser/msg
[0.198s] -- Up-to-date: /home/tang/tang_ws/remote_h/crsf_parser/install/crsf_parser/include/crsf_parser/crsf_parser/msg/rosidl_typesupport_fastrtps_cpp__visibility_control.h
[0.198s] -- Up-to-date: /home/tang/tang_ws/remote_h/crsf_parser/install/crsf_parser/include/crsf_parser/crsf_parser/msg/detail
[0.198s] -- Up-to-date: /home/tang/tang_ws/remote_h/crsf_parser/install/crsf_parser/include/crsf_parser/crsf_parser/msg/detail/dds_fastrtps
[0.198s] -- Up-to-date: /home/tang/tang_ws/remote_h/crsf_parser/install/crsf_parser/include/crsf_parser/crsf_parser/msg/detail/crsf_channels__rosidl_typesupport_fastrtps_cpp.hpp
[0.198s] -- Up-to-date: /home/tang/tang_ws/remote_h/crsf_parser/install/crsf_parser/lib/libcrsf_parser__rosidl_typesupport_fastrtps_cpp.so
[0.198s] -- Up-to-date: /home/tang/tang_ws/remote_h/crsf_parser/install/crsf_parser/include/crsf_parser/crsf_parser
[0.198s] -- Up-to-date: /home/tang/tang_ws/remote_h/crsf_parser/install/crsf_parser/include/crsf_parser/crsf_parser/msg
[0.198s] -- Up-to-date: /home/tang/tang_ws/remote_h/crsf_parser/install/crsf_parser/include/crsf_parser/crsf_parser/msg/rosidl_typesupport_introspection_c__visibility_control.h
[0.199s] -- Up-to-date: /home/tang/tang_ws/remote_h/crsf_parser/install/crsf_parser/include/crsf_parser/crsf_parser/msg/detail
[0.199s] -- Up-to-date: /home/tang/tang_ws/remote_h/crsf_parser/install/crsf_parser/include/crsf_parser/crsf_parser/msg/detail/crsf_channels__type_support.c
[0.199s] -- Up-to-date: /home/tang/tang_ws/remote_h/crsf_parser/install/crsf_parser/include/crsf_parser/crsf_parser/msg/detail/crsf_channels__rosidl_typesupport_introspection_c.h
[0.199s] -- Up-to-date: /home/tang/tang_ws/remote_h/crsf_parser/install/crsf_parser/lib/libcrsf_parser__rosidl_typesupport_introspection_c.so
[0.199s] -- Up-to-date: /home/tang/tang_ws/remote_h/crsf_parser/install/crsf_parser/lib/libcrsf_parser__rosidl_typesupport_c.so
[0.199s] -- Up-to-date: /home/tang/tang_ws/remote_h/crsf_parser/install/crsf_parser/include/crsf_parser/crsf_parser
[0.199s] -- Up-to-date: /home/tang/tang_ws/remote_h/crsf_parser/install/crsf_parser/include/crsf_parser/crsf_parser/msg
[0.199s] -- Up-to-date: /home/tang/tang_ws/remote_h/crsf_parser/install/crsf_parser/include/crsf_parser/crsf_parser/msg/detail
[0.199s] -- Up-to-date: /home/tang/tang_ws/remote_h/crsf_parser/install/crsf_parser/include/crsf_parser/crsf_parser/msg/detail/crsf_channels__rosidl_typesupport_introspection_cpp.hpp
[0.199s] -- Up-to-date: /home/tang/tang_ws/remote_h/crsf_parser/install/crsf_parser/include/crsf_parser/crsf_parser/msg/detail/crsf_channels__type_support.cpp
[0.199s] -- Up-to-date: /home/tang/tang_ws/remote_h/crsf_parser/install/crsf_parser/lib/libcrsf_parser__rosidl_typesupport_introspection_cpp.so
[0.199s] -- Up-to-date: /home/tang/tang_ws/remote_h/crsf_parser/install/crsf_parser/lib/libcrsf_parser__rosidl_typesupport_cpp.so
[0.199s] -- Up-to-date: /home/tang/tang_ws/remote_h/crsf_parser/install/crsf_parser/share/crsf_parser/environment/pythonpath.sh
[0.199s] -- Up-to-date: /home/tang/tang_ws/remote_h/crsf_parser/install/crsf_parser/share/crsf_parser/environment/pythonpath.dsv
[0.199s] -- Up-to-date: /home/tang/tang_ws/remote_h/crsf_parser/install/crsf_parser/local/lib/python3.10/dist-packages/crsf_parser-0.1.0-py3.10.egg-info
[0.199s] -- Installing: /home/tang/tang_ws/remote_h/crsf_parser/install/crsf_parser/local/lib/python3.10/dist-packages/crsf_parser-0.1.0-py3.10.egg-info/SOURCES.txt
[0.199s] -- Installing: /home/tang/tang_ws/remote_h/crsf_parser/install/crsf_parser/local/lib/python3.10/dist-packages/crsf_parser-0.1.0-py3.10.egg-info/PKG-INFO
[0.199s] -- Installing: /home/tang/tang_ws/remote_h/crsf_parser/install/crsf_parser/local/lib/python3.10/dist-packages/crsf_parser-0.1.0-py3.10.egg-info/top_level.txt
[0.199s] -- Installing: /home/tang/tang_ws/remote_h/crsf_parser/install/crsf_parser/local/lib/python3.10/dist-packages/crsf_parser-0.1.0-py3.10.egg-info/dependency_links.txt
[0.199s] -- Up-to-date: /home/tang/tang_ws/remote_h/crsf_parser/install/crsf_parser/local/lib/python3.10/dist-packages/crsf_parser
[0.199s] -- Up-to-date: /home/tang/tang_ws/remote_h/crsf_parser/install/crsf_parser/local/lib/python3.10/dist-packages/crsf_parser/crsf_parser_s__rosidl_typesupport_c.cpython-310-x86_64-linux-gnu.so
[0.199s] -- Up-to-date: /home/tang/tang_ws/remote_h/crsf_parser/install/crsf_parser/local/lib/python3.10/dist-packages/crsf_parser/crsf_parser_s__rosidl_typesupport_fastrtps_c.cpython-310-x86_64-linux-gnu.so
[0.199s] -- Up-to-date: /home/tang/tang_ws/remote_h/crsf_parser/install/crsf_parser/local/lib/python3.10/dist-packages/crsf_parser/_crsf_parser_s.ep.rosidl_typesupport_fastrtps_c.c
[0.199s] -- Up-to-date: /home/tang/tang_ws/remote_h/crsf_parser/install/crsf_parser/local/lib/python3.10/dist-packages/crsf_parser/crsf_parser_s__rosidl_typesupport_introspection_c.cpython-310-x86_64-linux-gnu.so
[0.199s] -- Up-to-date: /home/tang/tang_ws/remote_h/crsf_parser/install/crsf_parser/local/lib/python3.10/dist-packages/crsf_parser/_crsf_parser_s.ep.rosidl_typesupport_introspection_c.c
[0.199s] -- Up-to-date: /home/tang/tang_ws/remote_h/crsf_parser/install/crsf_parser/local/lib/python3.10/dist-packages/crsf_parser/__init__.py
[0.199s] -- Up-to-date: /home/tang/tang_ws/remote_h/crsf_parser/install/crsf_parser/local/lib/python3.10/dist-packages/crsf_parser/libcrsf_parser__rosidl_generator_py.so
[0.199s] -- Up-to-date: /home/tang/tang_ws/remote_h/crsf_parser/install/crsf_parser/local/lib/python3.10/dist-packages/crsf_parser/msg
[0.199s] -- Up-to-date: /home/tang/tang_ws/remote_h/crsf_parser/install/crsf_parser/local/lib/python3.10/dist-packages/crsf_parser/msg/_crsf_channels_s.c
[0.199s] -- Up-to-date: /home/tang/tang_ws/remote_h/crsf_parser/install/crsf_parser/local/lib/python3.10/dist-packages/crsf_parser/msg/__init__.py
[0.199s] -- Up-to-date: /home/tang/tang_ws/remote_h/crsf_parser/install/crsf_parser/local/lib/python3.10/dist-packages/crsf_parser/msg/_crsf_channels.py
[0.199s] -- Up-to-date: /home/tang/tang_ws/remote_h/crsf_parser/install/crsf_parser/local/lib/python3.10/dist-packages/crsf_parser/_crsf_parser_s.ep.rosidl_typesupport_c.c
[0.216s] Listing '/home/tang/tang_ws/remote_h/crsf_parser/install/crsf_parser/local/lib/python3.10/dist-packages/crsf_parser'...
[0.216s] Listing '/home/tang/tang_ws/remote_h/crsf_parser/install/crsf_parser/local/lib/python3.10/dist-packages/crsf_parser/msg'...
[0.219s] -- Up-to-date: /home/tang/tang_ws/remote_h/crsf_parser/install/crsf_parser/local/lib/python3.10/dist-packages/crsf_parser/crsf_parser_s__rosidl_typesupport_fastrtps_c.cpython-310-x86_64-linux-gnu.so
[0.219s] -- Up-to-date: /home/tang/tang_ws/remote_h/crsf_parser/install/crsf_parser/local/lib/python3.10/dist-packages/crsf_parser/crsf_parser_s__rosidl_typesupport_introspection_c.cpython-310-x86_64-linux-gnu.so
[0.219s] -- Up-to-date: /home/tang/tang_ws/remote_h/crsf_parser/install/crsf_parser/local/lib/python3.10/dist-packages/crsf_parser/crsf_parser_s__rosidl_typesupport_c.cpython-310-x86_64-linux-gnu.so
[0.219s] -- Up-to-date: /home/tang/tang_ws/remote_h/crsf_parser/install/crsf_parser/lib/libcrsf_parser__rosidl_generator_py.so
[0.219s] -- Up-to-date: /home/tang/tang_ws/remote_h/crsf_parser/install/crsf_parser/share/crsf_parser/msg/CRSFChannels.idl
[0.219s] -- Up-to-date: /home/tang/tang_ws/remote_h/crsf_parser/install/crsf_parser/share/crsf_parser/msg/CRSFChannels.msg
[0.219s] -- Up-to-date: /home/tang/tang_ws/remote_h/crsf_parser/install/crsf_parser/lib/crsf_parser/crsf_parser_node
[0.219s] -- Up-to-date: /home/tang/tang_ws/remote_h/crsf_parser/install/crsf_parser/share/crsf_parser/launch
[0.220s] -- Up-to-date: /home/tang/tang_ws/remote_h/crsf_parser/install/crsf_parser/share/crsf_parser/launch/crsf_parser.launch.py
[0.220s] -- Up-to-date: /home/tang/tang_ws/remote_h/crsf_parser/install/crsf_parser/share/crsf_parser/msg
[0.220s] -- Up-to-date: /home/tang/tang_ws/remote_h/crsf_parser/install/crsf_parser/share/crsf_parser/msg/CRSFChannels.msg
[0.220s] -- Up-to-date: /home/tang/tang_ws/remote_h/crsf_parser/install/crsf_parser/share/ament_index/resource_index/package_run_dependencies/crsf_parser
[0.220s] -- Up-to-date: /home/tang/tang_ws/remote_h/crsf_parser/install/crsf_parser/share/ament_index/resource_index/parent_prefix_path/crsf_parser
[0.220s] -- Up-to-date: /home/tang/tang_ws/remote_h/crsf_parser/install/crsf_parser/share/crsf_parser/environment/ament_prefix_path.sh
[0.220s] -- Up-to-date: /home/tang/tang_ws/remote_h/crsf_parser/install/crsf_parser/share/crsf_parser/environment/ament_prefix_path.dsv
[0.220s] -- Up-to-date: /home/tang/tang_ws/remote_h/crsf_parser/install/crsf_parser/share/crsf_parser/environment/path.sh
[0.220s] -- Up-to-date: /home/tang/tang_ws/remote_h/crsf_parser/install/crsf_parser/share/crsf_parser/environment/path.dsv
[0.220s] -- Up-to-date: /home/tang/tang_ws/remote_h/crsf_parser/install/crsf_parser/share/crsf_parser/local_setup.bash
[0.220s] -- Up-to-date: /home/tang/tang_ws/remote_h/crsf_parser/install/crsf_parser/share/crsf_parser/local_setup.sh
[0.220s] -- Up-to-date: /home/tang/tang_ws/remote_h/crsf_parser/install/crsf_parser/share/crsf_parser/local_setup.zsh
[0.220s] -- Up-to-date: /home/tang/tang_ws/remote_h/crsf_parser/install/crsf_parser/share/crsf_parser/local_setup.dsv
[0.220s] -- Installing: /home/tang/tang_ws/remote_h/crsf_parser/install/crsf_parser/share/crsf_parser/package.dsv
[0.220s] -- Up-to-date: /home/tang/tang_ws/remote_h/crsf_parser/install/crsf_parser/share/ament_index/resource_index/packages/crsf_parser
[0.220s] -- Up-to-date: /home/tang/tang_ws/remote_h/crsf_parser/install/crsf_parser/share/crsf_parser/cmake/export_crsf_parser__rosidl_generator_cExport.cmake
[0.220s] -- Up-to-date: /home/tang/tang_ws/remote_h/crsf_parser/install/crsf_parser/share/crsf_parser/cmake/export_crsf_parser__rosidl_generator_cExport-noconfig.cmake
[0.220s] -- Up-to-date: /home/tang/tang_ws/remote_h/crsf_parser/install/crsf_parser/share/crsf_parser/cmake/export_crsf_parser__rosidl_typesupport_fastrtps_cExport.cmake
[0.220s] -- Up-to-date: /home/tang/tang_ws/remote_h/crsf_parser/install/crsf_parser/share/crsf_parser/cmake/export_crsf_parser__rosidl_typesupport_fastrtps_cExport-noconfig.cmake
[0.220s] -- Up-to-date: /home/tang/tang_ws/remote_h/crsf_parser/install/crsf_parser/share/crsf_parser/cmake/export_crsf_parser__rosidl_generator_cppExport.cmake
[0.220s] -- Up-to-date: /home/tang/tang_ws/remote_h/crsf_parser/install/crsf_parser/share/crsf_parser/cmake/export_crsf_parser__rosidl_typesupport_fastrtps_cppExport.cmake
[0.220s] -- Up-to-date: /home/tang/tang_ws/remote_h/crsf_parser/install/crsf_parser/share/crsf_parser/cmake/export_crsf_parser__rosidl_typesupport_fastrtps_cppExport-noconfig.cmake
[0.220s] -- Up-to-date: /home/tang/tang_ws/remote_h/crsf_parser/install/crsf_parser/share/crsf_parser/cmake/crsf_parser__rosidl_typesupport_introspection_cExport.cmake
[0.220s] -- Up-to-date: /home/tang/tang_ws/remote_h/crsf_parser/install/crsf_parser/share/crsf_parser/cmake/crsf_parser__rosidl_typesupport_introspection_cExport-noconfig.cmake
[0.220s] -- Up-to-date: /home/tang/tang_ws/remote_h/crsf_parser/install/crsf_parser/share/crsf_parser/cmake/crsf_parser__rosidl_typesupport_cExport.cmake
[0.220s] -- Up-to-date: /home/tang/tang_ws/remote_h/crsf_parser/install/crsf_parser/share/crsf_parser/cmake/crsf_parser__rosidl_typesupport_cExport-noconfig.cmake
[0.220s] -- Up-to-date: /home/tang/tang_ws/remote_h/crsf_parser/install/crsf_parser/share/crsf_parser/cmake/crsf_parser__rosidl_typesupport_introspection_cppExport.cmake
[0.220s] -- Up-to-date: /home/tang/tang_ws/remote_h/crsf_parser/install/crsf_parser/share/crsf_parser/cmake/crsf_parser__rosidl_typesupport_introspection_cppExport-noconfig.cmake
[0.220s] -- Up-to-date: /home/tang/tang_ws/remote_h/crsf_parser/install/crsf_parser/share/crsf_parser/cmake/crsf_parser__rosidl_typesupport_cppExport.cmake
[0.220s] -- Up-to-date: /home/tang/tang_ws/remote_h/crsf_parser/install/crsf_parser/share/crsf_parser/cmake/crsf_parser__rosidl_typesupport_cppExport-noconfig.cmake
[0.220s] -- Up-to-date: /home/tang/tang_ws/remote_h/crsf_parser/install/crsf_parser/share/crsf_parser/cmake/export_crsf_parser__rosidl_generator_pyExport.cmake
[0.221s] -- Up-to-date: /home/tang/tang_ws/remote_h/crsf_parser/install/crsf_parser/share/crsf_parser/cmake/export_crsf_parser__rosidl_generator_pyExport-noconfig.cmake
[0.221s] -- Up-to-date: /home/tang/tang_ws/remote_h/crsf_parser/install/crsf_parser/share/crsf_parser/cmake/rosidl_cmake-extras.cmake
[0.221s] -- Up-to-date: /home/tang/tang_ws/remote_h/crsf_parser/install/crsf_parser/share/crsf_parser/cmake/ament_cmake_export_dependencies-extras.cmake
[0.221s] -- Up-to-date: /home/tang/tang_ws/remote_h/crsf_parser/install/crsf_parser/share/crsf_parser/cmake/ament_cmake_export_include_directories-extras.cmake
[0.221s] -- Up-to-date: /home/tang/tang_ws/remote_h/crsf_parser/install/crsf_parser/share/crsf_parser/cmake/ament_cmake_export_libraries-extras.cmake
[0.221s] -- Up-to-date: /home/tang/tang_ws/remote_h/crsf_parser/install/crsf_parser/share/crsf_parser/cmake/ament_cmake_export_targets-extras.cmake
[0.221s] -- Up-to-date: /home/tang/tang_ws/remote_h/crsf_parser/install/crsf_parser/share/crsf_parser/cmake/rosidl_cmake_export_typesupport_targets-extras.cmake
[0.221s] -- Up-to-date: /home/tang/tang_ws/remote_h/crsf_parser/install/crsf_parser/share/crsf_parser/cmake/rosidl_cmake_export_typesupport_libraries-extras.cmake
[0.221s] -- Up-to-date: /home/tang/tang_ws/remote_h/crsf_parser/install/crsf_parser/share/crsf_parser/cmake/crsf_parserConfig.cmake
[0.221s] -- Up-to-date: /home/tang/tang_ws/remote_h/crsf_parser/install/crsf_parser/share/crsf_parser/cmake/crsf_parserConfig-version.cmake
[0.221s] -- Up-to-date: /home/tang/tang_ws/remote_h/crsf_parser/install/crsf_parser/share/crsf_parser/package.xml
[0.222s] Invoked command in '/home/tang/tang_ws/remote_h/crsf_parser/build/crsf_parser' returned '0': CMAKE_PREFIX_PATH=/opt/ros/humble /usr/bin/cmake --install /home/tang/tang_ws/remote_h/crsf_parser/build/crsf_parser
