-- Found ament_cmake: 1.3.12 (/opt/ros/humble/share/ament_cmake/cmake)
-- Found rclcpp: 16.0.17 (/opt/ros/humble/share/rclcpp/cmake)
-- Found rosidl_generator_c: 3.1.8 (/opt/ros/humble/share/rosidl_generator_c/cmake)
-- Found rosidl_adapter: 3.1.8 (/opt/ros/humble/share/rosidl_adapter/cmake)
-- Found rosidl_generator_cpp: 3.1.8 (/opt/ros/humble/share/rosidl_generator_cpp/cmake)
-- Using all available rosidl_typesupport_c: rosidl_typesupport_fastrtps_c;rosidl_typesupport_introspection_c
-- Using all available rosidl_typesupport_cpp: rosidl_typesupport_fastrtps_cpp;rosidl_typesupport_introspection_cpp
-- Found rmw_implementation_cmake: 6.1.2 (/opt/ros/humble/share/rmw_implementation_cmake/cmake)
-- Found rmw_fastrtps_cpp: 6.2.9 (/opt/ros/humble/share/rmw_fastrtps_cpp/cmake)
-- Using RMW implementation 'rmw_fastrtps_cpp' as default
-- Found sensor_msgs: 4.9.0 (/opt/ros/humble/share/sensor_msgs/cmake)
-- Found rosidl_default_generators: 1.2.0 (/opt/ros/humble/share/rosidl_default_generators/cmake)
-- Found ament_cmake_ros: 0.10.0 (/opt/ros/humble/share/ament_cmake_ros/cmake)
-- Using all available rosidl_typesupport_c: rosidl_typesupport_fastrtps_c;rosidl_typesupport_introspection_c
-- Using all available rosidl_typesupport_cpp: rosidl_typesupport_fastrtps_cpp;rosidl_typesupport_introspection_cpp
-- Found python_cmake_module: 0.10.0 (/opt/ros/humble/share/python_cmake_module/cmake)
-- Using PYTHON_EXECUTABLE: /usr/bin/python3
-- Using PYTHON_INCLUDE_DIRS: /usr/include/python3.10
-- Using PYTHON_LIBRARIES: /usr/lib/x86_64-linux-gnu/libpython3.10.so
-- Found communication: 0.0.0 (/opt/bxi/bxi_ros2_pkg/share/communication/cmake)
-- Configuring done
-- Generating done
-- Build files have been written to: /home/tang/tang_ws/remote_h/crsf_parser/build/crsf_parser
[35m[1mConsolidate compiler generated dependencies of target crsf_parser__rosidl_generator_c[0m
[  5%] [32mBuilding CXX object CMakeFiles/tranform.dir/src/tranform.cpp.o[0m
[  5%] [32mBuilding CXX object CMakeFiles/transform_node.dir/src/tranform.cpp.o[0m
[ 13%] Built target crsf_parser__rosidl_generator_c
[ 16%] Built target crsf_parser__cpp
[ 16%] Built target ament_cmake_python_copy_crsf_parser
[35m[1mConsolidate compiler generated dependencies of target crsf_parser__rosidl_typesupport_introspection_c[0m
[35m[1mConsolidate compiler generated dependencies of target crsf_parser__rosidl_typesupport_fastrtps_c[0m
[35m[1mConsolidate compiler generated dependencies of target crsf_parser__rosidl_typesupport_fastrtps_cpp[0m
[35m[1mConsolidate compiler generated dependencies of target crsf_parser__rosidl_typesupport_c[0m
[35m[1mConsolidate compiler generated dependencies of target crsf_parser__rosidl_typesupport_cpp[0m
[35m[1mConsolidate compiler generated dependencies of target crsf_parser__rosidl_typesupport_introspection_cpp[0m
[ 24%] Built target crsf_parser__rosidl_typesupport_introspection_c
[ 32%] Built target crsf_parser__rosidl_typesupport_fastrtps_cpp
[ 40%] Built target crsf_parser__rosidl_typesupport_fastrtps_c
[ 48%] Built target crsf_parser__rosidl_typesupport_c
[ 56%] Built target crsf_parser__rosidl_typesupport_introspection_cpp
[ 64%] Built target crsf_parser__rosidl_typesupport_cpp
running egg_info
writing crsf_parser.egg-info/PKG-INFO
writing dependency_links to crsf_parser.egg-info/dependency_links.txt
writing top-level names to crsf_parser.egg-info/top_level.txt
reading manifest file 'crsf_parser.egg-info/SOURCES.txt'
writing manifest file 'crsf_parser.egg-info/SOURCES.txt'
[ 64%] Built target ament_cmake_python_build_crsf_parser_egg
