[  8%] Built target crsf_parser__cpp
[ 11%] Built target crsf_parser__rosidl_generator_c
[ 14%] [32mBuilding CXX object CMakeFiles/tranform.dir/src/tranform.cpp.o[0m
[ 14%] Built target ament_cmake_python_copy_crsf_parser
[ 22%] Built target crsf_parser__rosidl_typesupport_cpp
[ 31%] Built target crsf_parser__rosidl_typesupport_introspection_c
[ 40%] Built target crsf_parser__rosidl_typesupport_fastrtps_cpp
[ 48%] Built target crsf_parser__rosidl_typesupport_introspection_cpp
[ 65%] Built target crsf_parser__rosidl_typesupport_c
[ 65%] Built target crsf_parser__rosidl_typesupport_fastrtps_c
[ 65%] Built target crsf_parser
[ 68%] Built target crsf_parser__py
[ 74%] Built target crsf_parser_node
[ 80%] Built target crsf_parser__rosidl_generator_py
[ 85%] Built target crsf_parser__rosidl_typesupport_introspection_c__pyext
[ 91%] Built target crsf_parser__rosidl_typesupport_c__pyext
[ 97%] Built target crsf_parser__rosidl_typesupport_fastrtps_c__pyext
running egg_info
writing crsf_parser.egg-info/PKG-INFO
writing dependency_links to crsf_parser.egg-info/dependency_links.txt
writing top-level names to crsf_parser.egg-info/top_level.txt
reading manifest file 'crsf_parser.egg-info/SOURCES.txt'
writing manifest file 'crsf_parser.egg-info/SOURCES.txt'
[ 97%] Built target ament_cmake_python_build_crsf_parser_egg
[01m[K/home/tang/tang_ws/remote_h/crsf_parser/src/tranform.cpp:[m[K In constructor ‘[01m[KTransformNode::TransformNode()[m[K’:
[01m[K/home/tang/tang_ws/remote_h/crsf_parser/src/tranform.cpp:12:9:[m[K [01;31m[Kerror: [m[K‘[01m[Ktimer_[m[K’ was not declared in this scope; did you mean ‘[01m[Ktimer_t[m[K’?
   12 |         [01;31m[Ktimer_[m[K = this->create_wall_timer(std::chrono::milliseconds(10), std::bind(&TransformNode::publish_motion_commands, this));
      |         [01;31m[K^~~~~~[m[K
      |         [32m[Ktimer_t[m[K
gmake[2]: *** [CMakeFiles/tranform.dir/build.make:76：CMakeFiles/tranform.dir/src/tranform.cpp.o] 错误 1
gmake[1]: *** [CMakeFiles/Makefile2:622：CMakeFiles/tranform.dir/all] 错误 2
gmake: *** [Makefile:146：all] 错误 2
