[  2%] Built target crsf_parser__cpp
[ 11%] Built target crsf_parser__rosidl_generator_c
[ 11%] Built target ament_cmake_python_copy_crsf_parser
[ 14%] [32mBuilding CXX object CMakeFiles/tranform.dir/src/tranform.cpp.o[0m
[ 22%] Built target crsf_parser__rosidl_typesupport_c
[ 34%] Built target crsf_parser__rosidl_typesupport_introspection_cpp
[ 40%] Built target crsf_parser__rosidl_typesupport_fastrtps_cpp
[ 48%] Built target crsf_parser__rosidl_typesupport_fastrtps_c
[ 57%] Built target crsf_parser__rosidl_typesupport_cpp
[ 65%] Built target crsf_parser__rosidl_typesupport_introspection_c
[ 65%] Built target crsf_parser
[ 68%] Built target crsf_parser__py
[ 74%] Built target crsf_parser_node
[ 80%] Built target crsf_parser__rosidl_generator_py
[ 85%] Built target crsf_parser__rosidl_typesupport_c__pyext
[ 91%] Built target crsf_parser__rosidl_typesupport_fastrtps_c__pyext
[ 97%] Built target crsf_parser__rosidl_typesupport_introspection_c__pyext
running egg_info
writing crsf_parser.egg-info/PKG-INFO
writing dependency_links to crsf_parser.egg-info/dependency_links.txt
writing top-level names to crsf_parser.egg-info/top_level.txt
reading manifest file 'crsf_parser.egg-info/SOURCES.txt'
writing manifest file 'crsf_parser.egg-info/SOURCES.txt'
[ 97%] Built target ament_cmake_python_build_crsf_parser_egg
[100%] [32m[1mLinking CXX executable tranform[0m
[100%] Built target tranform
-- Install configuration: ""
-- Up-to-date: /home/tang/tang_ws/remote_h/crsf_parser/install/crsf_parser/share/ament_index/resource_index/rosidl_interfaces/crsf_parser
-- Up-to-date: /home/tang/tang_ws/remote_h/crsf_parser/install/crsf_parser/include/crsf_parser/crsf_parser
-- Up-to-date: /home/tang/tang_ws/remote_h/crsf_parser/install/crsf_parser/include/crsf_parser/crsf_parser/msg
-- Up-to-date: /home/tang/tang_ws/remote_h/crsf_parser/install/crsf_parser/include/crsf_parser/crsf_parser/msg/rosidl_generator_c__visibility_control.h
-- Up-to-date: /home/tang/tang_ws/remote_h/crsf_parser/install/crsf_parser/include/crsf_parser/crsf_parser/msg/crsf_channels.h
-- Up-to-date: /home/tang/tang_ws/remote_h/crsf_parser/install/crsf_parser/include/crsf_parser/crsf_parser/msg/detail
-- Up-to-date: /home/tang/tang_ws/remote_h/crsf_parser/install/crsf_parser/include/crsf_parser/crsf_parser/msg/detail/crsf_channels__struct.h
-- Up-to-date: /home/tang/tang_ws/remote_h/crsf_parser/install/crsf_parser/include/crsf_parser/crsf_parser/msg/detail/crsf_channels__functions.c
-- Up-to-date: /home/tang/tang_ws/remote_h/crsf_parser/install/crsf_parser/include/crsf_parser/crsf_parser/msg/detail/crsf_channels__type_support.h
-- Up-to-date: /home/tang/tang_ws/remote_h/crsf_parser/install/crsf_parser/include/crsf_parser/crsf_parser/msg/detail/crsf_channels__functions.h
-- Up-to-date: /home/tang/tang_ws/remote_h/crsf_parser/install/crsf_parser/share/crsf_parser/environment/library_path.sh
-- Up-to-date: /home/tang/tang_ws/remote_h/crsf_parser/install/crsf_parser/share/crsf_parser/environment/library_path.dsv
-- Up-to-date: /home/tang/tang_ws/remote_h/crsf_parser/install/crsf_parser/lib/libcrsf_parser__rosidl_generator_c.so
-- Up-to-date: /home/tang/tang_ws/remote_h/crsf_parser/install/crsf_parser/include/crsf_parser/crsf_parser
-- Up-to-date: /home/tang/tang_ws/remote_h/crsf_parser/install/crsf_parser/include/crsf_parser/crsf_parser/msg
-- Up-to-date: /home/tang/tang_ws/remote_h/crsf_parser/install/crsf_parser/include/crsf_parser/crsf_parser/msg/detail
-- Up-to-date: /home/tang/tang_ws/remote_h/crsf_parser/install/crsf_parser/include/crsf_parser/crsf_parser/msg/detail/crsf_channels__rosidl_typesupport_fastrtps_c.h
-- Up-to-date: /home/tang/tang_ws/remote_h/crsf_parser/install/crsf_parser/include/crsf_parser/crsf_parser/msg/rosidl_typesupport_fastrtps_c__visibility_control.h
-- Up-to-date: /home/tang/tang_ws/remote_h/crsf_parser/install/crsf_parser/lib/libcrsf_parser__rosidl_typesupport_fastrtps_c.so
-- Up-to-date: /home/tang/tang_ws/remote_h/crsf_parser/install/crsf_parser/include/crsf_parser/crsf_parser
-- Up-to-date: /home/tang/tang_ws/remote_h/crsf_parser/install/crsf_parser/include/crsf_parser/crsf_parser/msg
-- Up-to-date: /home/tang/tang_ws/remote_h/crsf_parser/install/crsf_parser/include/crsf_parser/crsf_parser/msg/rosidl_generator_cpp__visibility_control.hpp
-- Up-to-date: /home/tang/tang_ws/remote_h/crsf_parser/install/crsf_parser/include/crsf_parser/crsf_parser/msg/crsf_channels.hpp
-- Up-to-date: /home/tang/tang_ws/remote_h/crsf_parser/install/crsf_parser/include/crsf_parser/crsf_parser/msg/detail
-- Up-to-date: /home/tang/tang_ws/remote_h/crsf_parser/install/crsf_parser/include/crsf_parser/crsf_parser/msg/detail/crsf_channels__type_support.hpp
-- Up-to-date: /home/tang/tang_ws/remote_h/crsf_parser/install/crsf_parser/include/crsf_parser/crsf_parser/msg/detail/crsf_channels__builder.hpp
-- Up-to-date: /home/tang/tang_ws/remote_h/crsf_parser/install/crsf_parser/include/crsf_parser/crsf_parser/msg/detail/crsf_channels__struct.hpp
-- Up-to-date: /home/tang/tang_ws/remote_h/crsf_parser/install/crsf_parser/include/crsf_parser/crsf_parser/msg/detail/crsf_channels__traits.hpp
-- Up-to-date: /home/tang/tang_ws/remote_h/crsf_parser/install/crsf_parser/include/crsf_parser/crsf_parser
-- Up-to-date: /home/tang/tang_ws/remote_h/crsf_parser/install/crsf_parser/include/crsf_parser/crsf_parser/msg
-- Up-to-date: /home/tang/tang_ws/remote_h/crsf_parser/install/crsf_parser/include/crsf_parser/crsf_parser/msg/rosidl_typesupport_fastrtps_cpp__visibility_control.h
-- Up-to-date: /home/tang/tang_ws/remote_h/crsf_parser/install/crsf_parser/include/crsf_parser/crsf_parser/msg/detail
-- Up-to-date: /home/tang/tang_ws/remote_h/crsf_parser/install/crsf_parser/include/crsf_parser/crsf_parser/msg/detail/dds_fastrtps
-- Up-to-date: /home/tang/tang_ws/remote_h/crsf_parser/install/crsf_parser/include/crsf_parser/crsf_parser/msg/detail/crsf_channels__rosidl_typesupport_fastrtps_cpp.hpp
-- Up-to-date: /home/tang/tang_ws/remote_h/crsf_parser/install/crsf_parser/lib/libcrsf_parser__rosidl_typesupport_fastrtps_cpp.so
-- Up-to-date: /home/tang/tang_ws/remote_h/crsf_parser/install/crsf_parser/include/crsf_parser/crsf_parser
-- Up-to-date: /home/tang/tang_ws/remote_h/crsf_parser/install/crsf_parser/include/crsf_parser/crsf_parser/msg
-- Up-to-date: /home/tang/tang_ws/remote_h/crsf_parser/install/crsf_parser/include/crsf_parser/crsf_parser/msg/rosidl_typesupport_introspection_c__visibility_control.h
-- Up-to-date: /home/tang/tang_ws/remote_h/crsf_parser/install/crsf_parser/include/crsf_parser/crsf_parser/msg/detail
-- Up-to-date: /home/tang/tang_ws/remote_h/crsf_parser/install/crsf_parser/include/crsf_parser/crsf_parser/msg/detail/crsf_channels__type_support.c
-- Up-to-date: /home/tang/tang_ws/remote_h/crsf_parser/install/crsf_parser/include/crsf_parser/crsf_parser/msg/detail/crsf_channels__rosidl_typesupport_introspection_c.h
-- Up-to-date: /home/tang/tang_ws/remote_h/crsf_parser/install/crsf_parser/lib/libcrsf_parser__rosidl_typesupport_introspection_c.so
-- Up-to-date: /home/tang/tang_ws/remote_h/crsf_parser/install/crsf_parser/lib/libcrsf_parser__rosidl_typesupport_c.so
-- Up-to-date: /home/tang/tang_ws/remote_h/crsf_parser/install/crsf_parser/include/crsf_parser/crsf_parser
-- Up-to-date: /home/tang/tang_ws/remote_h/crsf_parser/install/crsf_parser/include/crsf_parser/crsf_parser/msg
-- Up-to-date: /home/tang/tang_ws/remote_h/crsf_parser/install/crsf_parser/include/crsf_parser/crsf_parser/msg/detail
-- Up-to-date: /home/tang/tang_ws/remote_h/crsf_parser/install/crsf_parser/include/crsf_parser/crsf_parser/msg/detail/crsf_channels__rosidl_typesupport_introspection_cpp.hpp
-- Up-to-date: /home/tang/tang_ws/remote_h/crsf_parser/install/crsf_parser/include/crsf_parser/crsf_parser/msg/detail/crsf_channels__type_support.cpp
-- Up-to-date: /home/tang/tang_ws/remote_h/crsf_parser/install/crsf_parser/lib/libcrsf_parser__rosidl_typesupport_introspection_cpp.so
-- Up-to-date: /home/tang/tang_ws/remote_h/crsf_parser/install/crsf_parser/lib/libcrsf_parser__rosidl_typesupport_cpp.so
-- Up-to-date: /home/tang/tang_ws/remote_h/crsf_parser/install/crsf_parser/share/crsf_parser/environment/pythonpath.sh
-- Up-to-date: /home/tang/tang_ws/remote_h/crsf_parser/install/crsf_parser/share/crsf_parser/environment/pythonpath.dsv
-- Up-to-date: /home/tang/tang_ws/remote_h/crsf_parser/install/crsf_parser/local/lib/python3.10/dist-packages/crsf_parser-0.1.0-py3.10.egg-info
-- Installing: /home/tang/tang_ws/remote_h/crsf_parser/install/crsf_parser/local/lib/python3.10/dist-packages/crsf_parser-0.1.0-py3.10.egg-info/SOURCES.txt
-- Installing: /home/tang/tang_ws/remote_h/crsf_parser/install/crsf_parser/local/lib/python3.10/dist-packages/crsf_parser-0.1.0-py3.10.egg-info/PKG-INFO
-- Installing: /home/tang/tang_ws/remote_h/crsf_parser/install/crsf_parser/local/lib/python3.10/dist-packages/crsf_parser-0.1.0-py3.10.egg-info/top_level.txt
-- Installing: /home/tang/tang_ws/remote_h/crsf_parser/install/crsf_parser/local/lib/python3.10/dist-packages/crsf_parser-0.1.0-py3.10.egg-info/dependency_links.txt
-- Up-to-date: /home/tang/tang_ws/remote_h/crsf_parser/install/crsf_parser/local/lib/python3.10/dist-packages/crsf_parser
-- Up-to-date: /home/tang/tang_ws/remote_h/crsf_parser/install/crsf_parser/local/lib/python3.10/dist-packages/crsf_parser/crsf_parser_s__rosidl_typesupport_c.cpython-310-x86_64-linux-gnu.so
-- Up-to-date: /home/tang/tang_ws/remote_h/crsf_parser/install/crsf_parser/local/lib/python3.10/dist-packages/crsf_parser/crsf_parser_s__rosidl_typesupport_fastrtps_c.cpython-310-x86_64-linux-gnu.so
-- Up-to-date: /home/tang/tang_ws/remote_h/crsf_parser/install/crsf_parser/local/lib/python3.10/dist-packages/crsf_parser/_crsf_parser_s.ep.rosidl_typesupport_fastrtps_c.c
-- Up-to-date: /home/tang/tang_ws/remote_h/crsf_parser/install/crsf_parser/local/lib/python3.10/dist-packages/crsf_parser/crsf_parser_s__rosidl_typesupport_introspection_c.cpython-310-x86_64-linux-gnu.so
-- Up-to-date: /home/tang/tang_ws/remote_h/crsf_parser/install/crsf_parser/local/lib/python3.10/dist-packages/crsf_parser/_crsf_parser_s.ep.rosidl_typesupport_introspection_c.c
-- Up-to-date: /home/tang/tang_ws/remote_h/crsf_parser/install/crsf_parser/local/lib/python3.10/dist-packages/crsf_parser/__init__.py
-- Up-to-date: /home/tang/tang_ws/remote_h/crsf_parser/install/crsf_parser/local/lib/python3.10/dist-packages/crsf_parser/libcrsf_parser__rosidl_generator_py.so
-- Up-to-date: /home/tang/tang_ws/remote_h/crsf_parser/install/crsf_parser/local/lib/python3.10/dist-packages/crsf_parser/msg
-- Up-to-date: /home/tang/tang_ws/remote_h/crsf_parser/install/crsf_parser/local/lib/python3.10/dist-packages/crsf_parser/msg/_crsf_channels_s.c
-- Up-to-date: /home/tang/tang_ws/remote_h/crsf_parser/install/crsf_parser/local/lib/python3.10/dist-packages/crsf_parser/msg/__init__.py
-- Up-to-date: /home/tang/tang_ws/remote_h/crsf_parser/install/crsf_parser/local/lib/python3.10/dist-packages/crsf_parser/msg/_crsf_channels.py
-- Up-to-date: /home/tang/tang_ws/remote_h/crsf_parser/install/crsf_parser/local/lib/python3.10/dist-packages/crsf_parser/_crsf_parser_s.ep.rosidl_typesupport_c.c
Listing '/home/tang/tang_ws/remote_h/crsf_parser/install/crsf_parser/local/lib/python3.10/dist-packages/crsf_parser'...
Listing '/home/tang/tang_ws/remote_h/crsf_parser/install/crsf_parser/local/lib/python3.10/dist-packages/crsf_parser/msg'...
-- Up-to-date: /home/tang/tang_ws/remote_h/crsf_parser/install/crsf_parser/local/lib/python3.10/dist-packages/crsf_parser/crsf_parser_s__rosidl_typesupport_fastrtps_c.cpython-310-x86_64-linux-gnu.so
-- Up-to-date: /home/tang/tang_ws/remote_h/crsf_parser/install/crsf_parser/local/lib/python3.10/dist-packages/crsf_parser/crsf_parser_s__rosidl_typesupport_introspection_c.cpython-310-x86_64-linux-gnu.so
-- Up-to-date: /home/tang/tang_ws/remote_h/crsf_parser/install/crsf_parser/local/lib/python3.10/dist-packages/crsf_parser/crsf_parser_s__rosidl_typesupport_c.cpython-310-x86_64-linux-gnu.so
-- Up-to-date: /home/tang/tang_ws/remote_h/crsf_parser/install/crsf_parser/lib/libcrsf_parser__rosidl_generator_py.so
-- Up-to-date: /home/tang/tang_ws/remote_h/crsf_parser/install/crsf_parser/share/crsf_parser/msg/CRSFChannels.idl
-- Up-to-date: /home/tang/tang_ws/remote_h/crsf_parser/install/crsf_parser/share/crsf_parser/msg/CRSFChannels.msg
-- Up-to-date: /home/tang/tang_ws/remote_h/crsf_parser/install/crsf_parser/lib/crsf_parser/crsf_parser_node
-- Installing: /home/tang/tang_ws/remote_h/crsf_parser/install/crsf_parser/lib/crsf_parser/tranform
-- Set runtime path of "/home/tang/tang_ws/remote_h/crsf_parser/install/crsf_parser/lib/crsf_parser/tranform" to ""
-- Up-to-date: /home/tang/tang_ws/remote_h/crsf_parser/install/crsf_parser/share/crsf_parser/launch
-- Up-to-date: /home/tang/tang_ws/remote_h/crsf_parser/install/crsf_parser/share/crsf_parser/launch/crsf_parser.launch.py
-- Up-to-date: /home/tang/tang_ws/remote_h/crsf_parser/install/crsf_parser/share/crsf_parser/msg
-- Up-to-date: /home/tang/tang_ws/remote_h/crsf_parser/install/crsf_parser/share/crsf_parser/msg/CRSFChannels.msg
-- Up-to-date: /home/tang/tang_ws/remote_h/crsf_parser/install/crsf_parser/share/ament_index/resource_index/package_run_dependencies/crsf_parser
-- Up-to-date: /home/tang/tang_ws/remote_h/crsf_parser/install/crsf_parser/share/ament_index/resource_index/parent_prefix_path/crsf_parser
-- Up-to-date: /home/tang/tang_ws/remote_h/crsf_parser/install/crsf_parser/share/crsf_parser/environment/ament_prefix_path.sh
-- Up-to-date: /home/tang/tang_ws/remote_h/crsf_parser/install/crsf_parser/share/crsf_parser/environment/ament_prefix_path.dsv
-- Up-to-date: /home/tang/tang_ws/remote_h/crsf_parser/install/crsf_parser/share/crsf_parser/environment/path.sh
-- Up-to-date: /home/tang/tang_ws/remote_h/crsf_parser/install/crsf_parser/share/crsf_parser/environment/path.dsv
-- Up-to-date: /home/tang/tang_ws/remote_h/crsf_parser/install/crsf_parser/share/crsf_parser/local_setup.bash
-- Up-to-date: /home/tang/tang_ws/remote_h/crsf_parser/install/crsf_parser/share/crsf_parser/local_setup.sh
-- Up-to-date: /home/tang/tang_ws/remote_h/crsf_parser/install/crsf_parser/share/crsf_parser/local_setup.zsh
-- Up-to-date: /home/tang/tang_ws/remote_h/crsf_parser/install/crsf_parser/share/crsf_parser/local_setup.dsv
-- Installing: /home/tang/tang_ws/remote_h/crsf_parser/install/crsf_parser/share/crsf_parser/package.dsv
-- Up-to-date: /home/tang/tang_ws/remote_h/crsf_parser/install/crsf_parser/share/ament_index/resource_index/packages/crsf_parser
-- Up-to-date: /home/tang/tang_ws/remote_h/crsf_parser/install/crsf_parser/share/crsf_parser/cmake/export_crsf_parser__rosidl_generator_cExport.cmake
-- Up-to-date: /home/tang/tang_ws/remote_h/crsf_parser/install/crsf_parser/share/crsf_parser/cmake/export_crsf_parser__rosidl_generator_cExport-noconfig.cmake
-- Up-to-date: /home/tang/tang_ws/remote_h/crsf_parser/install/crsf_parser/share/crsf_parser/cmake/export_crsf_parser__rosidl_typesupport_fastrtps_cExport.cmake
-- Up-to-date: /home/tang/tang_ws/remote_h/crsf_parser/install/crsf_parser/share/crsf_parser/cmake/export_crsf_parser__rosidl_typesupport_fastrtps_cExport-noconfig.cmake
-- Up-to-date: /home/tang/tang_ws/remote_h/crsf_parser/install/crsf_parser/share/crsf_parser/cmake/export_crsf_parser__rosidl_generator_cppExport.cmake
-- Up-to-date: /home/tang/tang_ws/remote_h/crsf_parser/install/crsf_parser/share/crsf_parser/cmake/export_crsf_parser__rosidl_typesupport_fastrtps_cppExport.cmake
-- Up-to-date: /home/tang/tang_ws/remote_h/crsf_parser/install/crsf_parser/share/crsf_parser/cmake/export_crsf_parser__rosidl_typesupport_fastrtps_cppExport-noconfig.cmake
-- Up-to-date: /home/tang/tang_ws/remote_h/crsf_parser/install/crsf_parser/share/crsf_parser/cmake/crsf_parser__rosidl_typesupport_introspection_cExport.cmake
-- Up-to-date: /home/tang/tang_ws/remote_h/crsf_parser/install/crsf_parser/share/crsf_parser/cmake/crsf_parser__rosidl_typesupport_introspection_cExport-noconfig.cmake
-- Up-to-date: /home/tang/tang_ws/remote_h/crsf_parser/install/crsf_parser/share/crsf_parser/cmake/crsf_parser__rosidl_typesupport_cExport.cmake
-- Up-to-date: /home/tang/tang_ws/remote_h/crsf_parser/install/crsf_parser/share/crsf_parser/cmake/crsf_parser__rosidl_typesupport_cExport-noconfig.cmake
-- Up-to-date: /home/tang/tang_ws/remote_h/crsf_parser/install/crsf_parser/share/crsf_parser/cmake/crsf_parser__rosidl_typesupport_introspection_cppExport.cmake
-- Up-to-date: /home/tang/tang_ws/remote_h/crsf_parser/install/crsf_parser/share/crsf_parser/cmake/crsf_parser__rosidl_typesupport_introspection_cppExport-noconfig.cmake
-- Up-to-date: /home/tang/tang_ws/remote_h/crsf_parser/install/crsf_parser/share/crsf_parser/cmake/crsf_parser__rosidl_typesupport_cppExport.cmake
-- Up-to-date: /home/tang/tang_ws/remote_h/crsf_parser/install/crsf_parser/share/crsf_parser/cmake/crsf_parser__rosidl_typesupport_cppExport-noconfig.cmake
-- Up-to-date: /home/tang/tang_ws/remote_h/crsf_parser/install/crsf_parser/share/crsf_parser/cmake/export_crsf_parser__rosidl_generator_pyExport.cmake
-- Up-to-date: /home/tang/tang_ws/remote_h/crsf_parser/install/crsf_parser/share/crsf_parser/cmake/export_crsf_parser__rosidl_generator_pyExport-noconfig.cmake
-- Up-to-date: /home/tang/tang_ws/remote_h/crsf_parser/install/crsf_parser/share/crsf_parser/cmake/rosidl_cmake-extras.cmake
-- Up-to-date: /home/tang/tang_ws/remote_h/crsf_parser/install/crsf_parser/share/crsf_parser/cmake/ament_cmake_export_dependencies-extras.cmake
-- Up-to-date: /home/tang/tang_ws/remote_h/crsf_parser/install/crsf_parser/share/crsf_parser/cmake/ament_cmake_export_include_directories-extras.cmake
-- Up-to-date: /home/tang/tang_ws/remote_h/crsf_parser/install/crsf_parser/share/crsf_parser/cmake/ament_cmake_export_libraries-extras.cmake
-- Up-to-date: /home/tang/tang_ws/remote_h/crsf_parser/install/crsf_parser/share/crsf_parser/cmake/ament_cmake_export_targets-extras.cmake
-- Up-to-date: /home/tang/tang_ws/remote_h/crsf_parser/install/crsf_parser/share/crsf_parser/cmake/rosidl_cmake_export_typesupport_targets-extras.cmake
-- Up-to-date: /home/tang/tang_ws/remote_h/crsf_parser/install/crsf_parser/share/crsf_parser/cmake/rosidl_cmake_export_typesupport_libraries-extras.cmake
-- Up-to-date: /home/tang/tang_ws/remote_h/crsf_parser/install/crsf_parser/share/crsf_parser/cmake/crsf_parserConfig.cmake
-- Up-to-date: /home/tang/tang_ws/remote_h/crsf_parser/install/crsf_parser/share/crsf_parser/cmake/crsf_parserConfig-version.cmake
-- Up-to-date: /home/tang/tang_ws/remote_h/crsf_parser/install/crsf_parser/share/crsf_parser/package.xml
