-- The C compiler identification is GNU 11.4.0
-- The CXX compiler identification is GNU 11.4.0
-- Detecting C compiler ABI info
-- Detecting C compiler ABI info - done
-- Check for working C compiler: /usr/bin/cc - skipped
-- Detecting C compile features
-- Detecting C compile features - done
-- Detecting CXX compiler ABI info
-- Detecting CXX compiler ABI info - done
-- Check for working CXX compiler: /usr/bin/c++ - skipped
-- Detecting CXX compile features
-- Detecting CXX compile features - done
-- Found ament_cmake: 1.3.12 (/opt/ros/humble/share/ament_cmake/cmake)
-- Found Python3: /usr/bin/python3 (found version "3.10.12") found components: Interpreter 
-- Found rclcpp: 16.0.17 (/opt/ros/humble/share/rclcpp/cmake)
-- Found rosidl_generator_c: 3.1.8 (/opt/ros/humble/share/rosidl_generator_c/cmake)
-- Found rosidl_adapter: 3.1.8 (/opt/ros/humble/share/rosidl_adapter/cmake)
-- Found rosidl_generator_cpp: 3.1.8 (/opt/ros/humble/share/rosidl_generator_cpp/cmake)
-- Using all available rosidl_typesupport_c: rosidl_typesupport_fastrtps_c;rosidl_typesupport_introspection_c
-- Using all available rosidl_typesupport_cpp: rosidl_typesupport_fastrtps_cpp;rosidl_typesupport_introspection_cpp
-- Found rmw_implementation_cmake: 6.1.2 (/opt/ros/humble/share/rmw_implementation_cmake/cmake)
-- Found rmw_fastrtps_cpp: 6.2.9 (/opt/ros/humble/share/rmw_fastrtps_cpp/cmake)
-- Found OpenSSL: /usr/lib/x86_64-linux-gnu/libcrypto.so (found version "3.0.2")  
-- Found FastRTPS: /opt/ros/humble/include  
-- Using RMW implementation 'rmw_fastrtps_cpp' as default
-- Looking for pthread.h
-- Looking for pthread.h - found
-- Performing Test CMAKE_HAVE_LIBC_PTHREAD
-- Performing Test CMAKE_HAVE_LIBC_PTHREAD - Success
-- Found Threads: TRUE  
-- Found sensor_msgs: 4.9.0 (/opt/ros/humble/share/sensor_msgs/cmake)
-- Found rosidl_default_generators: 1.2.0 (/opt/ros/humble/share/rosidl_default_generators/cmake)
-- Found ament_cmake_ros: 0.10.0 (/opt/ros/humble/share/ament_cmake_ros/cmake)
-- Using all available rosidl_typesupport_c: rosidl_typesupport_fastrtps_c;rosidl_typesupport_introspection_c
-- Using all available rosidl_typesupport_cpp: rosidl_typesupport_fastrtps_cpp;rosidl_typesupport_introspection_cpp
-- Found PythonInterp: /usr/bin/python3 (found suitable version "3.10.12", minimum required is "3.6") 
-- Found python_cmake_module: 0.10.0 (/opt/ros/humble/share/python_cmake_module/cmake)
-- Found PythonLibs: /usr/lib/x86_64-linux-gnu/libpython3.10.so (found suitable version "3.10.12", minimum required is "3.5") 
-- Using PYTHON_EXECUTABLE: /usr/bin/python3
-- Using PYTHON_INCLUDE_DIRS: /usr/include/python3.10
-- Using PYTHON_LIBRARIES: /usr/lib/x86_64-linux-gnu/libpython3.10.so
-- Found PythonExtra: .so  
[0mCMake Deprecation Warning at /opt/ros/humble/share/rosidl_cmake/cmake/rosidl_target_interfaces.cmake:32 (message):
  Use rosidl_get_typesupport_target() and target_link_libraries() instead of
  rosidl_target_interfaces()
Call Stack (most recent call first):
  CMakeLists.txt:48 (rosidl_target_interfaces)

[0m
-- Configuring done
-- Generating done
-- Build files have been written to: /home/tang/tang_ws/remote_h/crsf_parser/build/crsf_parser
[  3%] [34m[1mGenerating C code for ROS interfaces[0m
[  6%] [34m[1mGenerating C++ code for ROS interfaces[0m
[  6%] Built target ament_cmake_python_copy_crsf_parser
running egg_info
creating crsf_parser.egg-info
writing crsf_parser.egg-info/PKG-INFO
writing dependency_links to crsf_parser.egg-info/dependency_links.txt
writing top-level names to crsf_parser.egg-info/top_level.txt
writing manifest file 'crsf_parser.egg-info/SOURCES.txt'
reading manifest file 'crsf_parser.egg-info/SOURCES.txt'
writing manifest file 'crsf_parser.egg-info/SOURCES.txt'
[  6%] Built target ament_cmake_python_build_crsf_parser_egg
[  6%] Built target crsf_parser__cpp
[  9%] [32mBuilding C object CMakeFiles/crsf_parser__rosidl_generator_c.dir/rosidl_generator_c/crsf_parser/msg/detail/crsf_channels__functions.c.o[0m
[ 12%] [34m[1mGenerating C++ introspection for ROS interfaces[0m
[ 15%] [34m[1mGenerating C++ type support for eProsima Fast-RTPS[0m
[ 18%] [34m[1mGenerating C++ type support dispatch for ROS interfaces[0m
[ 21%] [32m[1mLinking C shared library libcrsf_parser__rosidl_generator_c.so[0m
[ 21%] Built target crsf_parser__rosidl_generator_c
[ 24%] [34m[1mGenerating C type support dispatch for ROS interfaces[0m
[ 27%] [34m[1mGenerating C introspection for ROS interfaces[0m
[ 30%] [34m[1mGenerating C type support for eProsima Fast-RTPS[0m
[ 33%] [32mBuilding CXX object CMakeFiles/crsf_parser__rosidl_typesupport_cpp.dir/rosidl_typesupport_cpp/crsf_parser/msg/crsf_channels__type_support.cpp.o[0m
[ 36%] [32mBuilding CXX object CMakeFiles/crsf_parser__rosidl_typesupport_introspection_cpp.dir/rosidl_typesupport_introspection_cpp/crsf_parser/msg/detail/crsf_channels__type_support.cpp.o[0m
[ 39%] [32mBuilding CXX object CMakeFiles/crsf_parser__rosidl_typesupport_fastrtps_cpp.dir/rosidl_typesupport_fastrtps_cpp/crsf_parser/msg/detail/dds_fastrtps/crsf_channels__type_support.cpp.o[0m
[ 42%] [32mBuilding CXX object CMakeFiles/crsf_parser__rosidl_typesupport_c.dir/rosidl_typesupport_c/crsf_parser/msg/crsf_channels__type_support.cpp.o[0m
[ 45%] [32m[1mLinking CXX shared library libcrsf_parser__rosidl_typesupport_c.so[0m
[ 48%] [32mBuilding CXX object CMakeFiles/crsf_parser__rosidl_typesupport_fastrtps_c.dir/rosidl_typesupport_fastrtps_c/crsf_parser/msg/detail/crsf_channels__type_support_c.cpp.o[0m
[ 51%] [32mBuilding C object CMakeFiles/crsf_parser__rosidl_typesupport_introspection_c.dir/rosidl_typesupport_introspection_c/crsf_parser/msg/detail/crsf_channels__type_support.c.o[0m
[ 54%] [32m[1mLinking C shared library libcrsf_parser__rosidl_typesupport_introspection_c.so[0m
[ 54%] Built target crsf_parser__rosidl_typesupport_c
[ 54%] Built target crsf_parser__rosidl_typesupport_introspection_c
[ 57%] [32m[1mLinking CXX shared library libcrsf_parser__rosidl_typesupport_cpp.so[0m
[ 57%] Built target crsf_parser__rosidl_typesupport_cpp
[ 60%] [32m[1mLinking CXX shared library libcrsf_parser__rosidl_typesupport_fastrtps_cpp.so[0m
[ 63%] [32m[1mLinking CXX shared library libcrsf_parser__rosidl_typesupport_introspection_cpp.so[0m
[ 66%] [32m[1mLinking CXX shared library libcrsf_parser__rosidl_typesupport_fastrtps_c.so[0m
[ 66%] Built target crsf_parser__rosidl_typesupport_introspection_cpp
[ 66%] Built target crsf_parser__rosidl_typesupport_fastrtps_cpp
[ 66%] Built target crsf_parser__rosidl_typesupport_fastrtps_c
[ 66%] Built target crsf_parser
[ 69%] [32mBuilding CXX object CMakeFiles/crsf_parser_node.dir/src/crsf_parser.cpp.o[0m
[ 72%] [34m[1mGenerating Python code for ROS interfaces[0m
[ 72%] Built target crsf_parser__py
[ 75%] [32mBuilding C object CMakeFiles/crsf_parser__rosidl_generator_py.dir/rosidl_generator_py/crsf_parser/msg/_crsf_channels_s.c.o[0m
[ 78%] [32m[1mLinking C shared library rosidl_generator_py/crsf_parser/libcrsf_parser__rosidl_generator_py.so[0m
[ 78%] Built target crsf_parser__rosidl_generator_py
[ 81%] [32mBuilding C object CMakeFiles/crsf_parser__rosidl_typesupport_introspection_c__pyext.dir/rosidl_generator_py/crsf_parser/_crsf_parser_s.ep.rosidl_typesupport_introspection_c.c.o[0m
[ 84%] [32mBuilding C object CMakeFiles/crsf_parser__rosidl_typesupport_c__pyext.dir/rosidl_generator_py/crsf_parser/_crsf_parser_s.ep.rosidl_typesupport_c.c.o[0m
[ 87%] [32mBuilding C object CMakeFiles/crsf_parser__rosidl_typesupport_fastrtps_c__pyext.dir/rosidl_generator_py/crsf_parser/_crsf_parser_s.ep.rosidl_typesupport_fastrtps_c.c.o[0m
[ 90%] [32m[1mLinking C shared library rosidl_generator_py/crsf_parser/crsf_parser_s__rosidl_typesupport_fastrtps_c.cpython-310-x86_64-linux-gnu.so[0m
[ 96%] [32m[1mLinking C shared library rosidl_generator_py/crsf_parser/crsf_parser_s__rosidl_typesupport_c.cpython-310-x86_64-linux-gnu.so[0m
[ 96%] [32m[1mLinking C shared library rosidl_generator_py/crsf_parser/crsf_parser_s__rosidl_typesupport_introspection_c.cpython-310-x86_64-linux-gnu.so[0m
[ 96%] Built target crsf_parser__rosidl_typesupport_c__pyext
[ 96%] Built target crsf_parser__rosidl_typesupport_fastrtps_c__pyext
[ 96%] Built target crsf_parser__rosidl_typesupport_introspection_c__pyext
[100%] [32m[1mLinking CXX executable crsf_parser_node[0m
[100%] Built target crsf_parser_node
-- Install configuration: ""
-- Installing: /home/tang/tang_ws/remote_h/crsf_parser/install/crsf_parser/share/ament_index/resource_index/rosidl_interfaces/crsf_parser
-- Installing: /home/tang/tang_ws/remote_h/crsf_parser/install/crsf_parser/include/crsf_parser/crsf_parser
-- Installing: /home/tang/tang_ws/remote_h/crsf_parser/install/crsf_parser/include/crsf_parser/crsf_parser/msg
-- Installing: /home/tang/tang_ws/remote_h/crsf_parser/install/crsf_parser/include/crsf_parser/crsf_parser/msg/rosidl_generator_c__visibility_control.h
-- Installing: /home/tang/tang_ws/remote_h/crsf_parser/install/crsf_parser/include/crsf_parser/crsf_parser/msg/crsf_channels.h
-- Installing: /home/tang/tang_ws/remote_h/crsf_parser/install/crsf_parser/include/crsf_parser/crsf_parser/msg/detail
-- Installing: /home/tang/tang_ws/remote_h/crsf_parser/install/crsf_parser/include/crsf_parser/crsf_parser/msg/detail/crsf_channels__struct.h
-- Installing: /home/tang/tang_ws/remote_h/crsf_parser/install/crsf_parser/include/crsf_parser/crsf_parser/msg/detail/crsf_channels__functions.c
-- Installing: /home/tang/tang_ws/remote_h/crsf_parser/install/crsf_parser/include/crsf_parser/crsf_parser/msg/detail/crsf_channels__type_support.h
-- Installing: /home/tang/tang_ws/remote_h/crsf_parser/install/crsf_parser/include/crsf_parser/crsf_parser/msg/detail/crsf_channels__functions.h
-- Installing: /home/tang/tang_ws/remote_h/crsf_parser/install/crsf_parser/share/crsf_parser/environment/library_path.sh
-- Installing: /home/tang/tang_ws/remote_h/crsf_parser/install/crsf_parser/share/crsf_parser/environment/library_path.dsv
-- Installing: /home/tang/tang_ws/remote_h/crsf_parser/install/crsf_parser/lib/libcrsf_parser__rosidl_generator_c.so
-- Set runtime path of "/home/tang/tang_ws/remote_h/crsf_parser/install/crsf_parser/lib/libcrsf_parser__rosidl_generator_c.so" to ""
-- Up-to-date: /home/tang/tang_ws/remote_h/crsf_parser/install/crsf_parser/include/crsf_parser/crsf_parser
-- Up-to-date: /home/tang/tang_ws/remote_h/crsf_parser/install/crsf_parser/include/crsf_parser/crsf_parser/msg
-- Up-to-date: /home/tang/tang_ws/remote_h/crsf_parser/install/crsf_parser/include/crsf_parser/crsf_parser/msg/detail
-- Installing: /home/tang/tang_ws/remote_h/crsf_parser/install/crsf_parser/include/crsf_parser/crsf_parser/msg/detail/crsf_channels__rosidl_typesupport_fastrtps_c.h
-- Installing: /home/tang/tang_ws/remote_h/crsf_parser/install/crsf_parser/include/crsf_parser/crsf_parser/msg/rosidl_typesupport_fastrtps_c__visibility_control.h
-- Installing: /home/tang/tang_ws/remote_h/crsf_parser/install/crsf_parser/lib/libcrsf_parser__rosidl_typesupport_fastrtps_c.so
-- Set runtime path of "/home/tang/tang_ws/remote_h/crsf_parser/install/crsf_parser/lib/libcrsf_parser__rosidl_typesupport_fastrtps_c.so" to ""
-- Up-to-date: /home/tang/tang_ws/remote_h/crsf_parser/install/crsf_parser/include/crsf_parser/crsf_parser
-- Up-to-date: /home/tang/tang_ws/remote_h/crsf_parser/install/crsf_parser/include/crsf_parser/crsf_parser/msg
-- Installing: /home/tang/tang_ws/remote_h/crsf_parser/install/crsf_parser/include/crsf_parser/crsf_parser/msg/rosidl_generator_cpp__visibility_control.hpp
-- Installing: /home/tang/tang_ws/remote_h/crsf_parser/install/crsf_parser/include/crsf_parser/crsf_parser/msg/crsf_channels.hpp
-- Up-to-date: /home/tang/tang_ws/remote_h/crsf_parser/install/crsf_parser/include/crsf_parser/crsf_parser/msg/detail
-- Installing: /home/tang/tang_ws/remote_h/crsf_parser/install/crsf_parser/include/crsf_parser/crsf_parser/msg/detail/crsf_channels__type_support.hpp
-- Installing: /home/tang/tang_ws/remote_h/crsf_parser/install/crsf_parser/include/crsf_parser/crsf_parser/msg/detail/crsf_channels__builder.hpp
-- Installing: /home/tang/tang_ws/remote_h/crsf_parser/install/crsf_parser/include/crsf_parser/crsf_parser/msg/detail/crsf_channels__struct.hpp
-- Installing: /home/tang/tang_ws/remote_h/crsf_parser/install/crsf_parser/include/crsf_parser/crsf_parser/msg/detail/crsf_channels__traits.hpp
-- Up-to-date: /home/tang/tang_ws/remote_h/crsf_parser/install/crsf_parser/include/crsf_parser/crsf_parser
-- Up-to-date: /home/tang/tang_ws/remote_h/crsf_parser/install/crsf_parser/include/crsf_parser/crsf_parser/msg
-- Installing: /home/tang/tang_ws/remote_h/crsf_parser/install/crsf_parser/include/crsf_parser/crsf_parser/msg/rosidl_typesupport_fastrtps_cpp__visibility_control.h
-- Up-to-date: /home/tang/tang_ws/remote_h/crsf_parser/install/crsf_parser/include/crsf_parser/crsf_parser/msg/detail
-- Installing: /home/tang/tang_ws/remote_h/crsf_parser/install/crsf_parser/include/crsf_parser/crsf_parser/msg/detail/dds_fastrtps
-- Installing: /home/tang/tang_ws/remote_h/crsf_parser/install/crsf_parser/include/crsf_parser/crsf_parser/msg/detail/crsf_channels__rosidl_typesupport_fastrtps_cpp.hpp
-- Installing: /home/tang/tang_ws/remote_h/crsf_parser/install/crsf_parser/lib/libcrsf_parser__rosidl_typesupport_fastrtps_cpp.so
-- Set runtime path of "/home/tang/tang_ws/remote_h/crsf_parser/install/crsf_parser/lib/libcrsf_parser__rosidl_typesupport_fastrtps_cpp.so" to ""
-- Up-to-date: /home/tang/tang_ws/remote_h/crsf_parser/install/crsf_parser/include/crsf_parser/crsf_parser
-- Up-to-date: /home/tang/tang_ws/remote_h/crsf_parser/install/crsf_parser/include/crsf_parser/crsf_parser/msg
-- Installing: /home/tang/tang_ws/remote_h/crsf_parser/install/crsf_parser/include/crsf_parser/crsf_parser/msg/rosidl_typesupport_introspection_c__visibility_control.h
-- Up-to-date: /home/tang/tang_ws/remote_h/crsf_parser/install/crsf_parser/include/crsf_parser/crsf_parser/msg/detail
-- Installing: /home/tang/tang_ws/remote_h/crsf_parser/install/crsf_parser/include/crsf_parser/crsf_parser/msg/detail/crsf_channels__type_support.c
-- Installing: /home/tang/tang_ws/remote_h/crsf_parser/install/crsf_parser/include/crsf_parser/crsf_parser/msg/detail/crsf_channels__rosidl_typesupport_introspection_c.h
-- Installing: /home/tang/tang_ws/remote_h/crsf_parser/install/crsf_parser/lib/libcrsf_parser__rosidl_typesupport_introspection_c.so
-- Set runtime path of "/home/tang/tang_ws/remote_h/crsf_parser/install/crsf_parser/lib/libcrsf_parser__rosidl_typesupport_introspection_c.so" to ""
-- Installing: /home/tang/tang_ws/remote_h/crsf_parser/install/crsf_parser/lib/libcrsf_parser__rosidl_typesupport_c.so
-- Set runtime path of "/home/tang/tang_ws/remote_h/crsf_parser/install/crsf_parser/lib/libcrsf_parser__rosidl_typesupport_c.so" to ""
-- Up-to-date: /home/tang/tang_ws/remote_h/crsf_parser/install/crsf_parser/include/crsf_parser/crsf_parser
-- Up-to-date: /home/tang/tang_ws/remote_h/crsf_parser/install/crsf_parser/include/crsf_parser/crsf_parser/msg
-- Up-to-date: /home/tang/tang_ws/remote_h/crsf_parser/install/crsf_parser/include/crsf_parser/crsf_parser/msg/detail
-- Installing: /home/tang/tang_ws/remote_h/crsf_parser/install/crsf_parser/include/crsf_parser/crsf_parser/msg/detail/crsf_channels__rosidl_typesupport_introspection_cpp.hpp
-- Installing: /home/tang/tang_ws/remote_h/crsf_parser/install/crsf_parser/include/crsf_parser/crsf_parser/msg/detail/crsf_channels__type_support.cpp
-- Installing: /home/tang/tang_ws/remote_h/crsf_parser/install/crsf_parser/lib/libcrsf_parser__rosidl_typesupport_introspection_cpp.so
-- Set runtime path of "/home/tang/tang_ws/remote_h/crsf_parser/install/crsf_parser/lib/libcrsf_parser__rosidl_typesupport_introspection_cpp.so" to ""
-- Installing: /home/tang/tang_ws/remote_h/crsf_parser/install/crsf_parser/lib/libcrsf_parser__rosidl_typesupport_cpp.so
-- Set runtime path of "/home/tang/tang_ws/remote_h/crsf_parser/install/crsf_parser/lib/libcrsf_parser__rosidl_typesupport_cpp.so" to ""
-- Installing: /home/tang/tang_ws/remote_h/crsf_parser/install/crsf_parser/share/crsf_parser/environment/pythonpath.sh
-- Installing: /home/tang/tang_ws/remote_h/crsf_parser/install/crsf_parser/share/crsf_parser/environment/pythonpath.dsv
-- Installing: /home/tang/tang_ws/remote_h/crsf_parser/install/crsf_parser/local/lib/python3.10/dist-packages/crsf_parser-0.1.0-py3.10.egg-info
-- Installing: /home/tang/tang_ws/remote_h/crsf_parser/install/crsf_parser/local/lib/python3.10/dist-packages/crsf_parser-0.1.0-py3.10.egg-info/SOURCES.txt
-- Installing: /home/tang/tang_ws/remote_h/crsf_parser/install/crsf_parser/local/lib/python3.10/dist-packages/crsf_parser-0.1.0-py3.10.egg-info/PKG-INFO
-- Installing: /home/tang/tang_ws/remote_h/crsf_parser/install/crsf_parser/local/lib/python3.10/dist-packages/crsf_parser-0.1.0-py3.10.egg-info/top_level.txt
-- Installing: /home/tang/tang_ws/remote_h/crsf_parser/install/crsf_parser/local/lib/python3.10/dist-packages/crsf_parser-0.1.0-py3.10.egg-info/dependency_links.txt
-- Installing: /home/tang/tang_ws/remote_h/crsf_parser/install/crsf_parser/local/lib/python3.10/dist-packages/crsf_parser
-- Installing: /home/tang/tang_ws/remote_h/crsf_parser/install/crsf_parser/local/lib/python3.10/dist-packages/crsf_parser/crsf_parser_s__rosidl_typesupport_c.cpython-310-x86_64-linux-gnu.so
-- Installing: /home/tang/tang_ws/remote_h/crsf_parser/install/crsf_parser/local/lib/python3.10/dist-packages/crsf_parser/crsf_parser_s__rosidl_typesupport_fastrtps_c.cpython-310-x86_64-linux-gnu.so
-- Installing: /home/tang/tang_ws/remote_h/crsf_parser/install/crsf_parser/local/lib/python3.10/dist-packages/crsf_parser/_crsf_parser_s.ep.rosidl_typesupport_fastrtps_c.c
-- Installing: /home/tang/tang_ws/remote_h/crsf_parser/install/crsf_parser/local/lib/python3.10/dist-packages/crsf_parser/crsf_parser_s__rosidl_typesupport_introspection_c.cpython-310-x86_64-linux-gnu.so
-- Installing: /home/tang/tang_ws/remote_h/crsf_parser/install/crsf_parser/local/lib/python3.10/dist-packages/crsf_parser/_crsf_parser_s.ep.rosidl_typesupport_introspection_c.c
-- Installing: /home/tang/tang_ws/remote_h/crsf_parser/install/crsf_parser/local/lib/python3.10/dist-packages/crsf_parser/__init__.py
-- Installing: /home/tang/tang_ws/remote_h/crsf_parser/install/crsf_parser/local/lib/python3.10/dist-packages/crsf_parser/libcrsf_parser__rosidl_generator_py.so
-- Installing: /home/tang/tang_ws/remote_h/crsf_parser/install/crsf_parser/local/lib/python3.10/dist-packages/crsf_parser/msg
-- Installing: /home/tang/tang_ws/remote_h/crsf_parser/install/crsf_parser/local/lib/python3.10/dist-packages/crsf_parser/msg/_crsf_channels_s.c
-- Installing: /home/tang/tang_ws/remote_h/crsf_parser/install/crsf_parser/local/lib/python3.10/dist-packages/crsf_parser/msg/__init__.py
-- Installing: /home/tang/tang_ws/remote_h/crsf_parser/install/crsf_parser/local/lib/python3.10/dist-packages/crsf_parser/msg/_crsf_channels.py
-- Installing: /home/tang/tang_ws/remote_h/crsf_parser/install/crsf_parser/local/lib/python3.10/dist-packages/crsf_parser/_crsf_parser_s.ep.rosidl_typesupport_c.c
Listing '/home/tang/tang_ws/remote_h/crsf_parser/install/crsf_parser/local/lib/python3.10/dist-packages/crsf_parser'...
Compiling '/home/tang/tang_ws/remote_h/crsf_parser/install/crsf_parser/local/lib/python3.10/dist-packages/crsf_parser/__init__.py'...
Listing '/home/tang/tang_ws/remote_h/crsf_parser/install/crsf_parser/local/lib/python3.10/dist-packages/crsf_parser/msg'...
Compiling '/home/tang/tang_ws/remote_h/crsf_parser/install/crsf_parser/local/lib/python3.10/dist-packages/crsf_parser/msg/__init__.py'...
Compiling '/home/tang/tang_ws/remote_h/crsf_parser/install/crsf_parser/local/lib/python3.10/dist-packages/crsf_parser/msg/_crsf_channels.py'...
-- Installing: /home/tang/tang_ws/remote_h/crsf_parser/install/crsf_parser/local/lib/python3.10/dist-packages/crsf_parser/crsf_parser_s__rosidl_typesupport_fastrtps_c.cpython-310-x86_64-linux-gnu.so
-- Set runtime path of "/home/tang/tang_ws/remote_h/crsf_parser/install/crsf_parser/local/lib/python3.10/dist-packages/crsf_parser/crsf_parser_s__rosidl_typesupport_fastrtps_c.cpython-310-x86_64-linux-gnu.so" to ""
-- Installing: /home/tang/tang_ws/remote_h/crsf_parser/install/crsf_parser/local/lib/python3.10/dist-packages/crsf_parser/crsf_parser_s__rosidl_typesupport_introspection_c.cpython-310-x86_64-linux-gnu.so
-- Set runtime path of "/home/tang/tang_ws/remote_h/crsf_parser/install/crsf_parser/local/lib/python3.10/dist-packages/crsf_parser/crsf_parser_s__rosidl_typesupport_introspection_c.cpython-310-x86_64-linux-gnu.so" to ""
-- Installing: /home/tang/tang_ws/remote_h/crsf_parser/install/crsf_parser/local/lib/python3.10/dist-packages/crsf_parser/crsf_parser_s__rosidl_typesupport_c.cpython-310-x86_64-linux-gnu.so
-- Set runtime path of "/home/tang/tang_ws/remote_h/crsf_parser/install/crsf_parser/local/lib/python3.10/dist-packages/crsf_parser/crsf_parser_s__rosidl_typesupport_c.cpython-310-x86_64-linux-gnu.so" to ""
-- Installing: /home/tang/tang_ws/remote_h/crsf_parser/install/crsf_parser/lib/libcrsf_parser__rosidl_generator_py.so
-- Set runtime path of "/home/tang/tang_ws/remote_h/crsf_parser/install/crsf_parser/lib/libcrsf_parser__rosidl_generator_py.so" to ""
-- Installing: /home/tang/tang_ws/remote_h/crsf_parser/install/crsf_parser/share/crsf_parser/msg/CRSFChannels.idl
-- Installing: /home/tang/tang_ws/remote_h/crsf_parser/install/crsf_parser/share/crsf_parser/msg/CRSFChannels.msg
-- Installing: /home/tang/tang_ws/remote_h/crsf_parser/install/crsf_parser/lib/crsf_parser/crsf_parser_node
-- Set runtime path of "/home/tang/tang_ws/remote_h/crsf_parser/install/crsf_parser/lib/crsf_parser/crsf_parser_node" to ""
-- Installing: /home/tang/tang_ws/remote_h/crsf_parser/install/crsf_parser/share/crsf_parser/launch
-- Installing: /home/tang/tang_ws/remote_h/crsf_parser/install/crsf_parser/share/crsf_parser/launch/crsf_parser.launch.py
-- Up-to-date: /home/tang/tang_ws/remote_h/crsf_parser/install/crsf_parser/share/crsf_parser/msg
-- Up-to-date: /home/tang/tang_ws/remote_h/crsf_parser/install/crsf_parser/share/crsf_parser/msg/CRSFChannels.msg
-- Installing: /home/tang/tang_ws/remote_h/crsf_parser/install/crsf_parser/share/ament_index/resource_index/package_run_dependencies/crsf_parser
-- Installing: /home/tang/tang_ws/remote_h/crsf_parser/install/crsf_parser/share/ament_index/resource_index/parent_prefix_path/crsf_parser
-- Installing: /home/tang/tang_ws/remote_h/crsf_parser/install/crsf_parser/share/crsf_parser/environment/ament_prefix_path.sh
-- Installing: /home/tang/tang_ws/remote_h/crsf_parser/install/crsf_parser/share/crsf_parser/environment/ament_prefix_path.dsv
-- Installing: /home/tang/tang_ws/remote_h/crsf_parser/install/crsf_parser/share/crsf_parser/environment/path.sh
-- Installing: /home/tang/tang_ws/remote_h/crsf_parser/install/crsf_parser/share/crsf_parser/environment/path.dsv
-- Installing: /home/tang/tang_ws/remote_h/crsf_parser/install/crsf_parser/share/crsf_parser/local_setup.bash
-- Installing: /home/tang/tang_ws/remote_h/crsf_parser/install/crsf_parser/share/crsf_parser/local_setup.sh
-- Installing: /home/tang/tang_ws/remote_h/crsf_parser/install/crsf_parser/share/crsf_parser/local_setup.zsh
-- Installing: /home/tang/tang_ws/remote_h/crsf_parser/install/crsf_parser/share/crsf_parser/local_setup.dsv
-- Installing: /home/tang/tang_ws/remote_h/crsf_parser/install/crsf_parser/share/crsf_parser/package.dsv
-- Installing: /home/tang/tang_ws/remote_h/crsf_parser/install/crsf_parser/share/ament_index/resource_index/packages/crsf_parser
-- Installing: /home/tang/tang_ws/remote_h/crsf_parser/install/crsf_parser/share/crsf_parser/cmake/export_crsf_parser__rosidl_generator_cExport.cmake
-- Installing: /home/tang/tang_ws/remote_h/crsf_parser/install/crsf_parser/share/crsf_parser/cmake/export_crsf_parser__rosidl_generator_cExport-noconfig.cmake
-- Installing: /home/tang/tang_ws/remote_h/crsf_parser/install/crsf_parser/share/crsf_parser/cmake/export_crsf_parser__rosidl_typesupport_fastrtps_cExport.cmake
-- Installing: /home/tang/tang_ws/remote_h/crsf_parser/install/crsf_parser/share/crsf_parser/cmake/export_crsf_parser__rosidl_typesupport_fastrtps_cExport-noconfig.cmake
-- Installing: /home/tang/tang_ws/remote_h/crsf_parser/install/crsf_parser/share/crsf_parser/cmake/export_crsf_parser__rosidl_generator_cppExport.cmake
-- Installing: /home/tang/tang_ws/remote_h/crsf_parser/install/crsf_parser/share/crsf_parser/cmake/export_crsf_parser__rosidl_typesupport_fastrtps_cppExport.cmake
-- Installing: /home/tang/tang_ws/remote_h/crsf_parser/install/crsf_parser/share/crsf_parser/cmake/export_crsf_parser__rosidl_typesupport_fastrtps_cppExport-noconfig.cmake
-- Installing: /home/tang/tang_ws/remote_h/crsf_parser/install/crsf_parser/share/crsf_parser/cmake/crsf_parser__rosidl_typesupport_introspection_cExport.cmake
-- Installing: /home/tang/tang_ws/remote_h/crsf_parser/install/crsf_parser/share/crsf_parser/cmake/crsf_parser__rosidl_typesupport_introspection_cExport-noconfig.cmake
-- Installing: /home/tang/tang_ws/remote_h/crsf_parser/install/crsf_parser/share/crsf_parser/cmake/crsf_parser__rosidl_typesupport_cExport.cmake
-- Installing: /home/tang/tang_ws/remote_h/crsf_parser/install/crsf_parser/share/crsf_parser/cmake/crsf_parser__rosidl_typesupport_cExport-noconfig.cmake
-- Installing: /home/tang/tang_ws/remote_h/crsf_parser/install/crsf_parser/share/crsf_parser/cmake/crsf_parser__rosidl_typesupport_introspection_cppExport.cmake
-- Installing: /home/tang/tang_ws/remote_h/crsf_parser/install/crsf_parser/share/crsf_parser/cmake/crsf_parser__rosidl_typesupport_introspection_cppExport-noconfig.cmake
-- Installing: /home/tang/tang_ws/remote_h/crsf_parser/install/crsf_parser/share/crsf_parser/cmake/crsf_parser__rosidl_typesupport_cppExport.cmake
-- Installing: /home/tang/tang_ws/remote_h/crsf_parser/install/crsf_parser/share/crsf_parser/cmake/crsf_parser__rosidl_typesupport_cppExport-noconfig.cmake
-- Installing: /home/tang/tang_ws/remote_h/crsf_parser/install/crsf_parser/share/crsf_parser/cmake/export_crsf_parser__rosidl_generator_pyExport.cmake
-- Installing: /home/tang/tang_ws/remote_h/crsf_parser/install/crsf_parser/share/crsf_parser/cmake/export_crsf_parser__rosidl_generator_pyExport-noconfig.cmake
-- Installing: /home/tang/tang_ws/remote_h/crsf_parser/install/crsf_parser/share/crsf_parser/cmake/rosidl_cmake-extras.cmake
-- Installing: /home/tang/tang_ws/remote_h/crsf_parser/install/crsf_parser/share/crsf_parser/cmake/ament_cmake_export_dependencies-extras.cmake
-- Installing: /home/tang/tang_ws/remote_h/crsf_parser/install/crsf_parser/share/crsf_parser/cmake/ament_cmake_export_include_directories-extras.cmake
-- Installing: /home/tang/tang_ws/remote_h/crsf_parser/install/crsf_parser/share/crsf_parser/cmake/ament_cmake_export_libraries-extras.cmake
-- Installing: /home/tang/tang_ws/remote_h/crsf_parser/install/crsf_parser/share/crsf_parser/cmake/ament_cmake_export_targets-extras.cmake
-- Installing: /home/tang/tang_ws/remote_h/crsf_parser/install/crsf_parser/share/crsf_parser/cmake/rosidl_cmake_export_typesupport_targets-extras.cmake
-- Installing: /home/tang/tang_ws/remote_h/crsf_parser/install/crsf_parser/share/crsf_parser/cmake/rosidl_cmake_export_typesupport_libraries-extras.cmake
-- Installing: /home/tang/tang_ws/remote_h/crsf_parser/install/crsf_parser/share/crsf_parser/cmake/crsf_parserConfig.cmake
-- Installing: /home/tang/tang_ws/remote_h/crsf_parser/install/crsf_parser/share/crsf_parser/cmake/crsf_parserConfig-version.cmake
-- Installing: /home/tang/tang_ws/remote_h/crsf_parser/install/crsf_parser/share/crsf_parser/package.xml
