[0.006s] Invoking command in '/home/tang/tang_ws/remote_h/crsf_parser/build/crsf_parser': CMAKE_PREFIX_PATH=${CMAKE_PREFIX_PATH}:/opt/ros/humble /usr/bin/cmake --build /home/tang/tang_ws/remote_h/crsf_parser/build/crsf_parser -- -j16 -l16
[0.022s] -- Found ament_cmake: 1.3.12 (/opt/ros/humble/share/ament_cmake/cmake)
[0.101s] -- Found rclcpp: 16.0.17 (/opt/ros/humble/share/rclcpp/cmake)
[0.116s] -- Found rosidl_generator_c: 3.1.8 (/opt/ros/humble/share/rosidl_generator_c/cmake)
[0.117s] -- Found rosidl_adapter: 3.1.8 (/opt/ros/humble/share/rosidl_adapter/cmake)
[0.122s] -- Found rosidl_generator_cpp: 3.1.8 (/opt/ros/humble/share/rosidl_generator_cpp/cmake)
[0.129s] -- Using all available rosidl_typesupport_c: rosidl_typesupport_fastrtps_c;rosidl_typesupport_introspection_c
[0.135s] -- Using all available rosidl_typesupport_cpp: rosidl_typesupport_fastrtps_cpp;rosidl_typesupport_introspection_cpp
[0.153s] -- Found rmw_implementation_cmake: 6.1.2 (/opt/ros/humble/share/rmw_implementation_cmake/cmake)
[0.153s] -- Found rmw_fastrtps_cpp: 6.2.9 (/opt/ros/humble/share/rmw_fastrtps_cpp/cmake)
[0.208s] -- Using RMW implementation 'rmw_fastrtps_cpp' as default
[0.235s] -- Found sensor_msgs: 4.9.0 (/opt/ros/humble/share/sensor_msgs/cmake)
[0.250s] -- Found rosidl_default_generators: 1.2.0 (/opt/ros/humble/share/rosidl_default_generators/cmake)
[0.405s] -- Found ament_cmake_ros: 0.10.0 (/opt/ros/humble/share/ament_cmake_ros/cmake)
[0.601s] -- Using all available rosidl_typesupport_c: rosidl_typesupport_fastrtps_c;rosidl_typesupport_introspection_c
[0.678s] -- Using all available rosidl_typesupport_cpp: rosidl_typesupport_fastrtps_cpp;rosidl_typesupport_introspection_cpp
[0.691s] -- Found python_cmake_module: 0.10.0 (/opt/ros/humble/share/python_cmake_module/cmake)
[0.706s] -- Using PYTHON_EXECUTABLE: /usr/bin/python3
[0.706s] -- Using PYTHON_INCLUDE_DIRS: /usr/include/python3.10
[0.706s] -- Using PYTHON_LIBRARIES: /usr/lib/x86_64-linux-gnu/libpython3.10.so
[0.715s] [0mCMake Deprecation Warning at /opt/ros/humble/share/rosidl_cmake/cmake/rosidl_target_interfaces.cmake:32 (message):
[0.715s]   Use rosidl_get_typesupport_target() and target_link_libraries() instead of
[0.715s]   rosidl_target_interfaces()
[0.715s] Call Stack (most recent call first):
[0.715s]   CMakeLists.txt:49 (rosidl_target_interfaces)
[0.715s] 
[0.715s] [0m
[0.715s] -- Found communication: 0.0.0 (/opt/bxi/bxi_ros2_pkg/share/communication/cmake)
[0.725s] [31mCMake Error at /opt/ros/humble/share/ament_cmake_target_dependencies/cmake/ament_target_dependencies.cmake:42 (message):
[0.725s]   ament_target_dependencies() the first argument must be a valid target name
[0.725s] Call Stack (most recent call first):
[0.725s]   CMakeLists.txt:63 (ament_target_dependencies)
[0.725s] 
[0.725s] [0m
[0.725s] -- Configuring incomplete, errors occurred!
[0.725s] See also "/home/tang/tang_ws/remote_h/crsf_parser/build/crsf_parser/CMakeFiles/CMakeOutput.log".
[0.730s] gmake: *** [Makefile:846：cmake_check_build_system] 错误 1
[0.731s] Invoked command in '/home/tang/tang_ws/remote_h/crsf_parser/build/crsf_parser' returned '2': CMAKE_PREFIX_PATH=${CMAKE_PREFIX_PATH}:/opt/ros/humble /usr/bin/cmake --build /home/tang/tang_ws/remote_h/crsf_parser/build/crsf_parser -- -j16 -l16
