[0.007s] Invoking command in '/home/tang/tang_ws/remote_h/crsf_parser/build/crsf_parser': CMAKE_PREFIX_PATH=${CMAKE_PREFIX_PATH}:/opt/ros/humble /usr/bin/cmake --build /home/tang/tang_ws/remote_h/crsf_parser/build/crsf_parser -- -j16 -l16
[0.036s] [35m[1mConsolidate compiler generated dependencies of target tranform[0m
[0.041s] [  2%] Built target crsf_parser__cpp
[0.043s] [ 11%] Built target crsf_parser__rosidl_generator_c
[0.048s] [ 11%] Built target ament_cmake_python_copy_crsf_parser
[0.048s] [ 14%] [32mBuilding CXX object CMakeFiles/tranform.dir/src/tranform.cpp.o[0m
[0.059s] [ 40%] Built target crsf_parser__rosidl_typesupport_introspection_cpp
[0.059s] [ 40%] Built target crsf_parser__rosidl_typesupport_c
[0.059s] [ 40%] Built target crsf_parser__rosidl_typesupport_fastrtps_c
[0.059s] [ 48%] Built target crsf_parser__rosidl_typesupport_introspection_c
[0.059s] [ 57%] Built target crsf_parser__rosidl_typesupport_cpp
[0.060s] [ 65%] Built target crsf_parser__rosidl_typesupport_fastrtps_cpp
[0.076s] [ 65%] Built target crsf_parser
[0.090s] [ 68%] Built target crsf_parser__py
[0.097s] [ 74%] Built target crsf_parser_node
[0.106s] [ 80%] Built target crsf_parser__rosidl_generator_py
[0.122s] [ 85%] Built target crsf_parser__rosidl_typesupport_c__pyext
[0.124s] [ 91%] Built target crsf_parser__rosidl_typesupport_introspection_c__pyext
[0.126s] [ 97%] Built target crsf_parser__rosidl_typesupport_fastrtps_c__pyext
[0.183s] running egg_info
[0.183s] writing crsf_parser.egg-info/PKG-INFO
[0.183s] writing dependency_links to crsf_parser.egg-info/dependency_links.txt
[0.183s] writing top-level names to crsf_parser.egg-info/top_level.txt
[0.185s] reading manifest file 'crsf_parser.egg-info/SOURCES.txt'
[0.185s] writing manifest file 'crsf_parser.egg-info/SOURCES.txt'
[0.205s] [ 97%] Built target ament_cmake_python_build_crsf_parser_egg
[4.688s] [100%] [32m[1mLinking CXX executable tranform[0m
[4.924s] [100%] Built target tranform
[4.934s] Invoked command in '/home/tang/tang_ws/remote_h/crsf_parser/build/crsf_parser' returned '0': CMAKE_PREFIX_PATH=${CMAKE_PREFIX_PATH}:/opt/ros/humble /usr/bin/cmake --build /home/tang/tang_ws/remote_h/crsf_parser/build/crsf_parser -- -j16 -l16
[4.942s] Invoking command in '/home/tang/tang_ws/remote_h/crsf_parser/build/crsf_parser': CMAKE_PREFIX_PATH=${CMAKE_PREFIX_PATH}:/opt/ros/humble /usr/bin/cmake --install /home/tang/tang_ws/remote_h/crsf_parser/build/crsf_parser
[4.948s] -- Install configuration: ""
[4.948s] -- Up-to-date: /home/tang/tang_ws/remote_h/crsf_parser/install/crsf_parser/share/ament_index/resource_index/rosidl_interfaces/crsf_parser
[4.948s] -- Up-to-date: /home/tang/tang_ws/remote_h/crsf_parser/install/crsf_parser/include/crsf_parser/crsf_parser
[4.948s] -- Up-to-date: /home/tang/tang_ws/remote_h/crsf_parser/install/crsf_parser/include/crsf_parser/crsf_parser/msg
[4.948s] -- Up-to-date: /home/tang/tang_ws/remote_h/crsf_parser/install/crsf_parser/include/crsf_parser/crsf_parser/msg/rosidl_generator_c__visibility_control.h
[4.948s] -- Up-to-date: /home/tang/tang_ws/remote_h/crsf_parser/install/crsf_parser/include/crsf_parser/crsf_parser/msg/crsf_channels.h
[4.948s] -- Up-to-date: /home/tang/tang_ws/remote_h/crsf_parser/install/crsf_parser/include/crsf_parser/crsf_parser/msg/detail
[4.948s] -- Up-to-date: /home/tang/tang_ws/remote_h/crsf_parser/install/crsf_parser/include/crsf_parser/crsf_parser/msg/detail/crsf_channels__struct.h
[4.948s] -- Up-to-date: /home/tang/tang_ws/remote_h/crsf_parser/install/crsf_parser/include/crsf_parser/crsf_parser/msg/detail/crsf_channels__functions.c
[4.949s] -- Up-to-date: /home/tang/tang_ws/remote_h/crsf_parser/install/crsf_parser/include/crsf_parser/crsf_parser/msg/detail/crsf_channels__type_support.h
[4.949s] -- Up-to-date: /home/tang/tang_ws/remote_h/crsf_parser/install/crsf_parser/include/crsf_parser/crsf_parser/msg/detail/crsf_channels__functions.h
[4.949s] -- Up-to-date: /home/tang/tang_ws/remote_h/crsf_parser/install/crsf_parser/share/crsf_parser/environment/library_path.sh
[4.949s] -- Up-to-date: /home/tang/tang_ws/remote_h/crsf_parser/install/crsf_parser/share/crsf_parser/environment/library_path.dsv
[4.949s] -- Up-to-date: /home/tang/tang_ws/remote_h/crsf_parser/install/crsf_parser/lib/libcrsf_parser__rosidl_generator_c.so
[4.949s] -- Up-to-date: /home/tang/tang_ws/remote_h/crsf_parser/install/crsf_parser/include/crsf_parser/crsf_parser
[4.949s] -- Up-to-date: /home/tang/tang_ws/remote_h/crsf_parser/install/crsf_parser/include/crsf_parser/crsf_parser/msg
[4.949s] -- Up-to-date: /home/tang/tang_ws/remote_h/crsf_parser/install/crsf_parser/include/crsf_parser/crsf_parser/msg/detail
[4.949s] -- Up-to-date: /home/tang/tang_ws/remote_h/crsf_parser/install/crsf_parser/include/crsf_parser/crsf_parser/msg/detail/crsf_channels__rosidl_typesupport_fastrtps_c.h
[4.949s] -- Up-to-date: /home/tang/tang_ws/remote_h/crsf_parser/install/crsf_parser/include/crsf_parser/crsf_parser/msg/rosidl_typesupport_fastrtps_c__visibility_control.h
[4.949s] -- Up-to-date: /home/tang/tang_ws/remote_h/crsf_parser/install/crsf_parser/lib/libcrsf_parser__rosidl_typesupport_fastrtps_c.so
[4.949s] -- Up-to-date: /home/tang/tang_ws/remote_h/crsf_parser/install/crsf_parser/include/crsf_parser/crsf_parser
[4.950s] -- Up-to-date: /home/tang/tang_ws/remote_h/crsf_parser/install/crsf_parser/include/crsf_parser/crsf_parser/msg
[4.950s] -- Up-to-date: /home/tang/tang_ws/remote_h/crsf_parser/install/crsf_parser/include/crsf_parser/crsf_parser/msg/rosidl_generator_cpp__visibility_control.hpp
[4.950s] -- Up-to-date: /home/tang/tang_ws/remote_h/crsf_parser/install/crsf_parser/include/crsf_parser/crsf_parser/msg/crsf_channels.hpp
[4.950s] -- Up-to-date: /home/tang/tang_ws/remote_h/crsf_parser/install/crsf_parser/include/crsf_parser/crsf_parser/msg/detail
[4.950s] -- Up-to-date: /home/tang/tang_ws/remote_h/crsf_parser/install/crsf_parser/include/crsf_parser/crsf_parser/msg/detail/crsf_channels__type_support.hpp
[4.950s] -- Up-to-date: /home/tang/tang_ws/remote_h/crsf_parser/install/crsf_parser/include/crsf_parser/crsf_parser/msg/detail/crsf_channels__builder.hpp
[4.950s] -- Up-to-date: /home/tang/tang_ws/remote_h/crsf_parser/install/crsf_parser/include/crsf_parser/crsf_parser/msg/detail/crsf_channels__struct.hpp
[4.950s] -- Up-to-date: /home/tang/tang_ws/remote_h/crsf_parser/install/crsf_parser/include/crsf_parser/crsf_parser/msg/detail/crsf_channels__traits.hpp
[4.950s] -- Up-to-date: /home/tang/tang_ws/remote_h/crsf_parser/install/crsf_parser/include/crsf_parser/crsf_parser
[4.950s] -- Up-to-date: /home/tang/tang_ws/remote_h/crsf_parser/install/crsf_parser/include/crsf_parser/crsf_parser/msg
[4.950s] -- Up-to-date: /home/tang/tang_ws/remote_h/crsf_parser/install/crsf_parser/include/crsf_parser/crsf_parser/msg/rosidl_typesupport_fastrtps_cpp__visibility_control.h
[4.950s] -- Up-to-date: /home/tang/tang_ws/remote_h/crsf_parser/install/crsf_parser/include/crsf_parser/crsf_parser/msg/detail
[4.950s] -- Up-to-date: /home/tang/tang_ws/remote_h/crsf_parser/install/crsf_parser/include/crsf_parser/crsf_parser/msg/detail/dds_fastrtps
[4.950s] -- Up-to-date: /home/tang/tang_ws/remote_h/crsf_parser/install/crsf_parser/include/crsf_parser/crsf_parser/msg/detail/crsf_channels__rosidl_typesupport_fastrtps_cpp.hpp
[4.950s] -- Up-to-date: /home/tang/tang_ws/remote_h/crsf_parser/install/crsf_parser/lib/libcrsf_parser__rosidl_typesupport_fastrtps_cpp.so
[4.950s] -- Up-to-date: /home/tang/tang_ws/remote_h/crsf_parser/install/crsf_parser/include/crsf_parser/crsf_parser
[4.950s] -- Up-to-date: /home/tang/tang_ws/remote_h/crsf_parser/install/crsf_parser/include/crsf_parser/crsf_parser/msg
[4.951s] -- Up-to-date: /home/tang/tang_ws/remote_h/crsf_parser/install/crsf_parser/include/crsf_parser/crsf_parser/msg/rosidl_typesupport_introspection_c__visibility_control.h
[4.951s] -- Up-to-date: /home/tang/tang_ws/remote_h/crsf_parser/install/crsf_parser/include/crsf_parser/crsf_parser/msg/detail
[4.951s] -- Up-to-date: /home/tang/tang_ws/remote_h/crsf_parser/install/crsf_parser/include/crsf_parser/crsf_parser/msg/detail/crsf_channels__type_support.c
[4.951s] -- Up-to-date: /home/tang/tang_ws/remote_h/crsf_parser/install/crsf_parser/include/crsf_parser/crsf_parser/msg/detail/crsf_channels__rosidl_typesupport_introspection_c.h
[4.951s] -- Up-to-date: /home/tang/tang_ws/remote_h/crsf_parser/install/crsf_parser/lib/libcrsf_parser__rosidl_typesupport_introspection_c.so
[4.951s] -- Up-to-date: /home/tang/tang_ws/remote_h/crsf_parser/install/crsf_parser/lib/libcrsf_parser__rosidl_typesupport_c.so
[4.951s] -- Up-to-date: /home/tang/tang_ws/remote_h/crsf_parser/install/crsf_parser/include/crsf_parser/crsf_parser
[4.951s] -- Up-to-date: /home/tang/tang_ws/remote_h/crsf_parser/install/crsf_parser/include/crsf_parser/crsf_parser/msg
[4.951s] -- Up-to-date: /home/tang/tang_ws/remote_h/crsf_parser/install/crsf_parser/include/crsf_parser/crsf_parser/msg/detail
[4.951s] -- Up-to-date: /home/tang/tang_ws/remote_h/crsf_parser/install/crsf_parser/include/crsf_parser/crsf_parser/msg/detail/crsf_channels__rosidl_typesupport_introspection_cpp.hpp
[4.951s] -- Up-to-date: /home/tang/tang_ws/remote_h/crsf_parser/install/crsf_parser/include/crsf_parser/crsf_parser/msg/detail/crsf_channels__type_support.cpp
[4.951s] -- Up-to-date: /home/tang/tang_ws/remote_h/crsf_parser/install/crsf_parser/lib/libcrsf_parser__rosidl_typesupport_introspection_cpp.so
[4.951s] -- Up-to-date: /home/tang/tang_ws/remote_h/crsf_parser/install/crsf_parser/lib/libcrsf_parser__rosidl_typesupport_cpp.so
[4.951s] -- Up-to-date: /home/tang/tang_ws/remote_h/crsf_parser/install/crsf_parser/share/crsf_parser/environment/pythonpath.sh
[4.951s] -- Up-to-date: /home/tang/tang_ws/remote_h/crsf_parser/install/crsf_parser/share/crsf_parser/environment/pythonpath.dsv
[4.951s] -- Up-to-date: /home/tang/tang_ws/remote_h/crsf_parser/install/crsf_parser/local/lib/python3.10/dist-packages/crsf_parser-0.1.0-py3.10.egg-info
[4.952s] -- Installing: /home/tang/tang_ws/remote_h/crsf_parser/install/crsf_parser/local/lib/python3.10/dist-packages/crsf_parser-0.1.0-py3.10.egg-info/SOURCES.txt
[4.952s] -- Installing: /home/tang/tang_ws/remote_h/crsf_parser/install/crsf_parser/local/lib/python3.10/dist-packages/crsf_parser-0.1.0-py3.10.egg-info/PKG-INFO
[4.952s] -- Installing: /home/tang/tang_ws/remote_h/crsf_parser/install/crsf_parser/local/lib/python3.10/dist-packages/crsf_parser-0.1.0-py3.10.egg-info/top_level.txt
[4.952s] -- Installing: /home/tang/tang_ws/remote_h/crsf_parser/install/crsf_parser/local/lib/python3.10/dist-packages/crsf_parser-0.1.0-py3.10.egg-info/dependency_links.txt
[4.952s] -- Up-to-date: /home/tang/tang_ws/remote_h/crsf_parser/install/crsf_parser/local/lib/python3.10/dist-packages/crsf_parser
[4.952s] -- Up-to-date: /home/tang/tang_ws/remote_h/crsf_parser/install/crsf_parser/local/lib/python3.10/dist-packages/crsf_parser/crsf_parser_s__rosidl_typesupport_c.cpython-310-x86_64-linux-gnu.so
[4.952s] -- Up-to-date: /home/tang/tang_ws/remote_h/crsf_parser/install/crsf_parser/local/lib/python3.10/dist-packages/crsf_parser/crsf_parser_s__rosidl_typesupport_fastrtps_c.cpython-310-x86_64-linux-gnu.so
[4.952s] -- Up-to-date: /home/tang/tang_ws/remote_h/crsf_parser/install/crsf_parser/local/lib/python3.10/dist-packages/crsf_parser/_crsf_parser_s.ep.rosidl_typesupport_fastrtps_c.c
[4.952s] -- Up-to-date: /home/tang/tang_ws/remote_h/crsf_parser/install/crsf_parser/local/lib/python3.10/dist-packages/crsf_parser/crsf_parser_s__rosidl_typesupport_introspection_c.cpython-310-x86_64-linux-gnu.so
[4.952s] -- Up-to-date: /home/tang/tang_ws/remote_h/crsf_parser/install/crsf_parser/local/lib/python3.10/dist-packages/crsf_parser/_crsf_parser_s.ep.rosidl_typesupport_introspection_c.c
[4.952s] -- Up-to-date: /home/tang/tang_ws/remote_h/crsf_parser/install/crsf_parser/local/lib/python3.10/dist-packages/crsf_parser/__init__.py
[4.952s] -- Up-to-date: /home/tang/tang_ws/remote_h/crsf_parser/install/crsf_parser/local/lib/python3.10/dist-packages/crsf_parser/libcrsf_parser__rosidl_generator_py.so
[4.952s] -- Up-to-date: /home/tang/tang_ws/remote_h/crsf_parser/install/crsf_parser/local/lib/python3.10/dist-packages/crsf_parser/msg
[4.952s] -- Up-to-date: /home/tang/tang_ws/remote_h/crsf_parser/install/crsf_parser/local/lib/python3.10/dist-packages/crsf_parser/msg/_crsf_channels_s.c
[4.952s] -- Up-to-date: /home/tang/tang_ws/remote_h/crsf_parser/install/crsf_parser/local/lib/python3.10/dist-packages/crsf_parser/msg/__init__.py
[4.952s] -- Up-to-date: /home/tang/tang_ws/remote_h/crsf_parser/install/crsf_parser/local/lib/python3.10/dist-packages/crsf_parser/msg/_crsf_channels.py
[4.953s] -- Up-to-date: /home/tang/tang_ws/remote_h/crsf_parser/install/crsf_parser/local/lib/python3.10/dist-packages/crsf_parser/_crsf_parser_s.ep.rosidl_typesupport_c.c
[4.968s] Listing '/home/tang/tang_ws/remote_h/crsf_parser/install/crsf_parser/local/lib/python3.10/dist-packages/crsf_parser'...
[4.968s] Listing '/home/tang/tang_ws/remote_h/crsf_parser/install/crsf_parser/local/lib/python3.10/dist-packages/crsf_parser/msg'...
[4.970s] -- Up-to-date: /home/tang/tang_ws/remote_h/crsf_parser/install/crsf_parser/local/lib/python3.10/dist-packages/crsf_parser/crsf_parser_s__rosidl_typesupport_fastrtps_c.cpython-310-x86_64-linux-gnu.so
[4.970s] -- Up-to-date: /home/tang/tang_ws/remote_h/crsf_parser/install/crsf_parser/local/lib/python3.10/dist-packages/crsf_parser/crsf_parser_s__rosidl_typesupport_introspection_c.cpython-310-x86_64-linux-gnu.so
[4.970s] -- Up-to-date: /home/tang/tang_ws/remote_h/crsf_parser/install/crsf_parser/local/lib/python3.10/dist-packages/crsf_parser/crsf_parser_s__rosidl_typesupport_c.cpython-310-x86_64-linux-gnu.so
[4.970s] -- Up-to-date: /home/tang/tang_ws/remote_h/crsf_parser/install/crsf_parser/lib/libcrsf_parser__rosidl_generator_py.so
[4.970s] -- Up-to-date: /home/tang/tang_ws/remote_h/crsf_parser/install/crsf_parser/share/crsf_parser/msg/CRSFChannels.idl
[4.971s] -- Up-to-date: /home/tang/tang_ws/remote_h/crsf_parser/install/crsf_parser/share/crsf_parser/msg/CRSFChannels.msg
[4.971s] -- Up-to-date: /home/tang/tang_ws/remote_h/crsf_parser/install/crsf_parser/lib/crsf_parser/crsf_parser_node
[4.971s] -- Installing: /home/tang/tang_ws/remote_h/crsf_parser/install/crsf_parser/lib/crsf_parser/tranform
[4.973s] -- Set runtime path of "/home/tang/tang_ws/remote_h/crsf_parser/install/crsf_parser/lib/crsf_parser/tranform" to ""
[4.973s] -- Up-to-date: /home/tang/tang_ws/remote_h/crsf_parser/install/crsf_parser/share/crsf_parser/launch
[4.973s] -- Up-to-date: /home/tang/tang_ws/remote_h/crsf_parser/install/crsf_parser/share/crsf_parser/launch/crsf_parser.launch.py
[4.973s] -- Up-to-date: /home/tang/tang_ws/remote_h/crsf_parser/install/crsf_parser/share/crsf_parser/msg
[4.973s] -- Up-to-date: /home/tang/tang_ws/remote_h/crsf_parser/install/crsf_parser/share/crsf_parser/msg/CRSFChannels.msg
[4.973s] -- Up-to-date: /home/tang/tang_ws/remote_h/crsf_parser/install/crsf_parser/share/ament_index/resource_index/package_run_dependencies/crsf_parser
[4.973s] -- Up-to-date: /home/tang/tang_ws/remote_h/crsf_parser/install/crsf_parser/share/ament_index/resource_index/parent_prefix_path/crsf_parser
[4.973s] -- Up-to-date: /home/tang/tang_ws/remote_h/crsf_parser/install/crsf_parser/share/crsf_parser/environment/ament_prefix_path.sh
[4.973s] -- Up-to-date: /home/tang/tang_ws/remote_h/crsf_parser/install/crsf_parser/share/crsf_parser/environment/ament_prefix_path.dsv
[4.973s] -- Up-to-date: /home/tang/tang_ws/remote_h/crsf_parser/install/crsf_parser/share/crsf_parser/environment/path.sh
[4.973s] -- Up-to-date: /home/tang/tang_ws/remote_h/crsf_parser/install/crsf_parser/share/crsf_parser/environment/path.dsv
[4.974s] -- Up-to-date: /home/tang/tang_ws/remote_h/crsf_parser/install/crsf_parser/share/crsf_parser/local_setup.bash
[4.974s] -- Up-to-date: /home/tang/tang_ws/remote_h/crsf_parser/install/crsf_parser/share/crsf_parser/local_setup.sh
[4.974s] -- Up-to-date: /home/tang/tang_ws/remote_h/crsf_parser/install/crsf_parser/share/crsf_parser/local_setup.zsh
[4.974s] -- Up-to-date: /home/tang/tang_ws/remote_h/crsf_parser/install/crsf_parser/share/crsf_parser/local_setup.dsv
[4.974s] -- Installing: /home/tang/tang_ws/remote_h/crsf_parser/install/crsf_parser/share/crsf_parser/package.dsv
[4.974s] -- Up-to-date: /home/tang/tang_ws/remote_h/crsf_parser/install/crsf_parser/share/ament_index/resource_index/packages/crsf_parser
[4.974s] -- Up-to-date: /home/tang/tang_ws/remote_h/crsf_parser/install/crsf_parser/share/crsf_parser/cmake/export_crsf_parser__rosidl_generator_cExport.cmake
[4.974s] -- Up-to-date: /home/tang/tang_ws/remote_h/crsf_parser/install/crsf_parser/share/crsf_parser/cmake/export_crsf_parser__rosidl_generator_cExport-noconfig.cmake
[4.974s] -- Up-to-date: /home/tang/tang_ws/remote_h/crsf_parser/install/crsf_parser/share/crsf_parser/cmake/export_crsf_parser__rosidl_typesupport_fastrtps_cExport.cmake
[4.974s] -- Up-to-date: /home/tang/tang_ws/remote_h/crsf_parser/install/crsf_parser/share/crsf_parser/cmake/export_crsf_parser__rosidl_typesupport_fastrtps_cExport-noconfig.cmake
[4.974s] -- Up-to-date: /home/tang/tang_ws/remote_h/crsf_parser/install/crsf_parser/share/crsf_parser/cmake/export_crsf_parser__rosidl_generator_cppExport.cmake
[4.974s] -- Up-to-date: /home/tang/tang_ws/remote_h/crsf_parser/install/crsf_parser/share/crsf_parser/cmake/export_crsf_parser__rosidl_typesupport_fastrtps_cppExport.cmake
[4.974s] -- Up-to-date: /home/tang/tang_ws/remote_h/crsf_parser/install/crsf_parser/share/crsf_parser/cmake/export_crsf_parser__rosidl_typesupport_fastrtps_cppExport-noconfig.cmake
[4.974s] -- Up-to-date: /home/tang/tang_ws/remote_h/crsf_parser/install/crsf_parser/share/crsf_parser/cmake/crsf_parser__rosidl_typesupport_introspection_cExport.cmake
[4.974s] -- Up-to-date: /home/tang/tang_ws/remote_h/crsf_parser/install/crsf_parser/share/crsf_parser/cmake/crsf_parser__rosidl_typesupport_introspection_cExport-noconfig.cmake
[4.974s] -- Up-to-date: /home/tang/tang_ws/remote_h/crsf_parser/install/crsf_parser/share/crsf_parser/cmake/crsf_parser__rosidl_typesupport_cExport.cmake
[4.974s] -- Up-to-date: /home/tang/tang_ws/remote_h/crsf_parser/install/crsf_parser/share/crsf_parser/cmake/crsf_parser__rosidl_typesupport_cExport-noconfig.cmake
[4.974s] -- Up-to-date: /home/tang/tang_ws/remote_h/crsf_parser/install/crsf_parser/share/crsf_parser/cmake/crsf_parser__rosidl_typesupport_introspection_cppExport.cmake
[4.974s] -- Up-to-date: /home/tang/tang_ws/remote_h/crsf_parser/install/crsf_parser/share/crsf_parser/cmake/crsf_parser__rosidl_typesupport_introspection_cppExport-noconfig.cmake
[4.974s] -- Up-to-date: /home/tang/tang_ws/remote_h/crsf_parser/install/crsf_parser/share/crsf_parser/cmake/crsf_parser__rosidl_typesupport_cppExport.cmake
[4.974s] -- Up-to-date: /home/tang/tang_ws/remote_h/crsf_parser/install/crsf_parser/share/crsf_parser/cmake/crsf_parser__rosidl_typesupport_cppExport-noconfig.cmake
[4.974s] -- Up-to-date: /home/tang/tang_ws/remote_h/crsf_parser/install/crsf_parser/share/crsf_parser/cmake/export_crsf_parser__rosidl_generator_pyExport.cmake
[4.974s] -- Up-to-date: /home/tang/tang_ws/remote_h/crsf_parser/install/crsf_parser/share/crsf_parser/cmake/export_crsf_parser__rosidl_generator_pyExport-noconfig.cmake
[4.974s] -- Up-to-date: /home/tang/tang_ws/remote_h/crsf_parser/install/crsf_parser/share/crsf_parser/cmake/rosidl_cmake-extras.cmake
[4.974s] -- Up-to-date: /home/tang/tang_ws/remote_h/crsf_parser/install/crsf_parser/share/crsf_parser/cmake/ament_cmake_export_dependencies-extras.cmake
[4.974s] -- Up-to-date: /home/tang/tang_ws/remote_h/crsf_parser/install/crsf_parser/share/crsf_parser/cmake/ament_cmake_export_include_directories-extras.cmake
[4.974s] -- Up-to-date: /home/tang/tang_ws/remote_h/crsf_parser/install/crsf_parser/share/crsf_parser/cmake/ament_cmake_export_libraries-extras.cmake
[4.974s] -- Up-to-date: /home/tang/tang_ws/remote_h/crsf_parser/install/crsf_parser/share/crsf_parser/cmake/ament_cmake_export_targets-extras.cmake
[4.974s] -- Up-to-date: /home/tang/tang_ws/remote_h/crsf_parser/install/crsf_parser/share/crsf_parser/cmake/rosidl_cmake_export_typesupport_targets-extras.cmake
[4.974s] -- Up-to-date: /home/tang/tang_ws/remote_h/crsf_parser/install/crsf_parser/share/crsf_parser/cmake/rosidl_cmake_export_typesupport_libraries-extras.cmake
[4.974s] -- Up-to-date: /home/tang/tang_ws/remote_h/crsf_parser/install/crsf_parser/share/crsf_parser/cmake/crsf_parserConfig.cmake
[4.974s] -- Up-to-date: /home/tang/tang_ws/remote_h/crsf_parser/install/crsf_parser/share/crsf_parser/cmake/crsf_parserConfig-version.cmake
[4.974s] -- Up-to-date: /home/tang/tang_ws/remote_h/crsf_parser/install/crsf_parser/share/crsf_parser/package.xml
[4.976s] Invoked command in '/home/tang/tang_ws/remote_h/crsf_parser/build/crsf_parser' returned '0': CMAKE_PREFIX_PATH=${CMAKE_PREFIX_PATH}:/opt/ros/humble /usr/bin/cmake --install /home/tang/tang_ws/remote_h/crsf_parser/build/crsf_parser
