[35m[1mConsolidate compiler generated dependencies of target tranform[0m
[  5%] Built target crsf_parser__cpp
[ 11%] Built target crsf_parser__rosidl_generator_c
[ 11%] Built target ament_cmake_python_copy_crsf_parser
[ 14%] [32mBuilding CXX object CMakeFiles/tranform.dir/src/tranform.cpp.o[0m
[ 31%] Built target crsf_parser__rosidl_typesupport_introspection_cpp
[ 31%] Built target crsf_parser__rosidl_typesupport_c
[ 42%] Built target crsf_parser__rosidl_typesupport_introspection_c
[ 48%] Built target crsf_parser__rosidl_typesupport_fastrtps_cpp
[ 57%] Built target crsf_parser__rosidl_typesupport_cpp
[ 65%] Built target crsf_parser__rosidl_typesupport_fastrtps_c
[ 65%] Built target crsf_parser
[ 68%] Built target crsf_parser__py
[ 74%] Built target crsf_parser_node
[ 80%] Built target crsf_parser__rosidl_generator_py
[ 85%] Built target crsf_parser__rosidl_typesupport_fastrtps_c__pyext
[ 91%] Built target crsf_parser__rosidl_typesupport_c__pyext
[ 97%] Built target crsf_parser__rosidl_typesupport_introspection_c__pyext
running egg_info
writing crsf_parser.egg-info/PKG-INFO
writing dependency_links to crsf_parser.egg-info/dependency_links.txt
writing top-level names to crsf_parser.egg-info/top_level.txt
reading manifest file 'crsf_parser.egg-info/SOURCES.txt'
writing manifest file 'crsf_parser.egg-info/SOURCES.txt'
[ 97%] Built target ament_cmake_python_build_crsf_parser_egg
