[0.007s] Invoking command in '/home/tang/tang_ws/remote_h/crsf_parser/build/crsf_parser': CMAKE_PREFIX_PATH=${CMAKE_PREFIX_PATH}:/opt/ros/humble /usr/bin/cmake --build /home/tang/tang_ws/remote_h/crsf_parser/build/crsf_parser -- -j16 -l16
[0.037s] [35m[1mConsolidate compiler generated dependencies of target tranform[0m
[0.044s] [  5%] Built target crsf_parser__cpp
[0.044s] [ 11%] Built target crsf_parser__rosidl_generator_c
[0.051s] [ 11%] Built target ament_cmake_python_copy_crsf_parser
[0.052s] [ 14%] [32mBuilding CXX object CMakeFiles/tranform.dir/src/tranform.cpp.o[0m
[0.060s] [ 31%] Built target crsf_parser__rosidl_typesupport_introspection_cpp
[0.060s] [ 31%] Built target crsf_parser__rosidl_typesupport_c
[0.060s] [ 42%] Built target crsf_parser__rosidl_typesupport_introspection_c
[0.060s] [ 48%] Built target crsf_parser__rosidl_typesupport_fastrtps_cpp
[0.064s] [ 57%] Built target crsf_parser__rosidl_typesupport_cpp
[0.068s] [ 65%] Built target crsf_parser__rosidl_typesupport_fastrtps_c
[0.083s] [ 65%] Built target crsf_parser
[0.097s] [ 68%] Built target crsf_parser__py
[0.103s] [ 74%] Built target crsf_parser_node
[0.113s] [ 80%] Built target crsf_parser__rosidl_generator_py
[0.128s] [ 85%] Built target crsf_parser__rosidl_typesupport_fastrtps_c__pyext
[0.131s] [ 91%] Built target crsf_parser__rosidl_typesupport_c__pyext
[0.132s] [ 97%] Built target crsf_parser__rosidl_typesupport_introspection_c__pyext
[0.189s] running egg_info
[0.189s] writing crsf_parser.egg-info/PKG-INFO
[0.190s] writing dependency_links to crsf_parser.egg-info/dependency_links.txt
[0.190s] writing top-level names to crsf_parser.egg-info/top_level.txt
[0.191s] reading manifest file 'crsf_parser.egg-info/SOURCES.txt'
[0.191s] writing manifest file 'crsf_parser.egg-info/SOURCES.txt'
[0.211s] [ 97%] Built target ament_cmake_python_build_crsf_parser_egg
[1.360s] [01m[K/home/tang/tang_ws/remote_h/crsf_parser/src/tranform.cpp:[m[K In member function ‘[01m[Kvoid TransformNode::publish_motion_commands()[m[K’:
[1.360s] [01m[K/home/tang/tang_ws/remote_h/crsf_parser/src/tranform.cpp:43:18:[m[K [01;31m[Kerror: [m[Kno match for ‘[01m[Koperator<<[m[K’ (operand types are ‘[01m[Kstd::ostream[m[K’ {aka ‘[01m[Kstd::basic_ostream<char>[m[K’} and ‘[01m[Krclcpp::Time[m[K’)
[1.360s]    43 |         [32m[Kstd::cout[m[K[01;31m[K<<[m[K[34m[Kcurrent_time[m[K<<std::endl;
[1.360s]       |         [32m[K~~~~~~~~~[m[K[01;31m[K^~[m[K[34m[K~~~~~~~~~~~~[m[K
[1.360s]       |              [32m[K|[m[K     [34m[K|[m[K
[1.361s]       |              [32m[K|[m[K     [34m[Krclcpp::Time[m[K
[1.361s]       |              [32m[Kstd::ostream {aka std::basic_ostream<char>}[m[K
[1.362s] In file included from [01m[K/usr/include/c++/11/iostream:39[m[K,
[1.363s]                  from [01m[K/opt/ros/humble/include/rclcpp/rclcpp/executor.hpp:22[m[K,
[1.363s]                  from [01m[K/opt/ros/humble/include/rclcpp/rclcpp/executors/multi_threaded_executor.hpp:25[m[K,
[1.363s]                  from [01m[K/opt/ros/humble/include/rclcpp/rclcpp/executors.hpp:21[m[K,
[1.363s]                  from [01m[K/opt/ros/humble/include/rclcpp/rclcpp/rclcpp.hpp:155[m[K,
[1.363s]                  from [01m[K/home/tang/tang_ws/remote_h/crsf_parser/src/tranform.cpp:1[m[K:
[1.364s] [01m[K/usr/include/c++/11/ostream:108:7:[m[K [01;36m[Knote: [m[Kcandidate: ‘[01m[Kstd::basic_ostream<_CharT, _Traits>::__ostream_type& std::basic_ostream<_CharT, _Traits>::operator<<(std::basic_ostream<_CharT, _Traits>::__ostream_type& (*)(std::basic_ostream<_CharT, _Traits>::__ostream_type&)) [with _CharT = char; _Traits = std::char_traits<char>; std::basic_ostream<_CharT, _Traits>::__ostream_type = std::basic_ostream<char>][m[K’
[1.364s]   108 |       [01;36m[Koperator[m[K<<(__ostream_type& (*__pf)(__ostream_type&))
[1.364s]       |       [01;36m[K^~~~~~~~[m[K
[1.364s] [01m[K/usr/include/c++/11/ostream:108:36:[m[K [01;36m[Knote: [m[K  no known conversion for argument 1 from ‘[01m[Krclcpp::Time[m[K’ to ‘[01m[Kstd::basic_ostream<char>::__ostream_type& (*)(std::basic_ostream<char>::__ostream_type&)[m[K’ {aka ‘[01m[Kstd::basic_ostream<char>& (*)(std::basic_ostream<char>&)[m[K’}
[1.364s]   108 |       operator<<([01;36m[K__ostream_type& (*__pf)(__ostream_type&)[m[K)
[1.364s]       |                  [01;36m[K~~~~~~~~~~~~~~~~~~^~~~~~~~~~~~~~~~~~~~~~[m[K
[1.364s] [01m[K/usr/include/c++/11/ostream:117:7:[m[K [01;36m[Knote: [m[Kcandidate: ‘[01m[Kstd::basic_ostream<_CharT, _Traits>::__ostream_type& std::basic_ostream<_CharT, _Traits>::operator<<(std::basic_ostream<_CharT, _Traits>::__ios_type& (*)(std::basic_ostream<_CharT, _Traits>::__ios_type&)) [with _CharT = char; _Traits = std::char_traits<char>; std::basic_ostream<_CharT, _Traits>::__ostream_type = std::basic_ostream<char>; std::basic_ostream<_CharT, _Traits>::__ios_type = std::basic_ios<char>][m[K’
[1.364s]   117 |       [01;36m[Koperator[m[K<<(__ios_type& (*__pf)(__ios_type&))
[1.364s]       |       [01;36m[K^~~~~~~~[m[K
[1.364s] [01m[K/usr/include/c++/11/ostream:117:32:[m[K [01;36m[Knote: [m[K  no known conversion for argument 1 from ‘[01m[Krclcpp::Time[m[K’ to ‘[01m[Kstd::basic_ostream<char>::__ios_type& (*)(std::basic_ostream<char>::__ios_type&)[m[K’ {aka ‘[01m[Kstd::basic_ios<char>& (*)(std::basic_ios<char>&)[m[K’}
[1.364s]   117 |       operator<<([01;36m[K__ios_type& (*__pf)(__ios_type&)[m[K)
[1.364s]       |                  [01;36m[K~~~~~~~~~~~~~~^~~~~~~~~~~~~~~~~~[m[K
[1.364s] [01m[K/usr/include/c++/11/ostream:127:7:[m[K [01;36m[Knote: [m[Kcandidate: ‘[01m[Kstd::basic_ostream<_CharT, _Traits>::__ostream_type& std::basic_ostream<_CharT, _Traits>::operator<<(std::ios_base& (*)(std::ios_base&)) [with _CharT = char; _Traits = std::char_traits<char>; std::basic_ostream<_CharT, _Traits>::__ostream_type = std::basic_ostream<char>][m[K’
[1.364s]   127 |       [01;36m[Koperator[m[K<<(ios_base& (*__pf) (ios_base&))
[1.364s]       |       [01;36m[K^~~~~~~~[m[K
[1.364s] [01m[K/usr/include/c++/11/ostream:127:30:[m[K [01;36m[Knote: [m[K  no known conversion for argument 1 from ‘[01m[Krclcpp::Time[m[K’ to ‘[01m[Kstd::ios_base& (*)(std::ios_base&)[m[K’
[1.364s]   127 |       operator<<([01;36m[Kios_base& (*__pf) (ios_base&)[m[K)
[1.365s]       |                  [01;36m[K~~~~~~~~~~~~^~~~~~~~~~~~~~~~~[m[K
[1.365s] [01m[K/usr/include/c++/11/ostream:166:7:[m[K [01;36m[Knote: [m[Kcandidate: ‘[01m[Kstd::basic_ostream<_CharT, _Traits>::__ostream_type& std::basic_ostream<_CharT, _Traits>::operator<<(long int) [with _CharT = char; _Traits = std::char_traits<char>; std::basic_ostream<_CharT, _Traits>::__ostream_type = std::basic_ostream<char>][m[K’
[1.365s]   166 |       [01;36m[Koperator[m[K<<(long __n)
[1.365s]       |       [01;36m[K^~~~~~~~[m[K
[1.365s] [01m[K/usr/include/c++/11/ostream:166:23:[m[K [01;36m[Knote: [m[K  no known conversion for argument 1 from ‘[01m[Krclcpp::Time[m[K’ to ‘[01m[Klong int[m[K’
[1.365s]   166 |       operator<<([01;36m[Klong __n[m[K)
[1.365s]       |                  [01;36m[K~~~~~^~~[m[K
[1.365s] [01m[K/usr/include/c++/11/ostream:170:7:[m[K [01;36m[Knote: [m[Kcandidate: ‘[01m[Kstd::basic_ostream<_CharT, _Traits>::__ostream_type& std::basic_ostream<_CharT, _Traits>::operator<<(long unsigned int) [with _CharT = char; _Traits = std::char_traits<char>; std::basic_ostream<_CharT, _Traits>::__ostream_type = std::basic_ostream<char>][m[K’
[1.365s]   170 |       [01;36m[Koperator[m[K<<(unsigned long __n)
[1.365s]       |       [01;36m[K^~~~~~~~[m[K
[1.365s] [01m[K/usr/include/c++/11/ostream:170:32:[m[K [01;36m[Knote: [m[K  no known conversion for argument 1 from ‘[01m[Krclcpp::Time[m[K’ to ‘[01m[Klong unsigned int[m[K’
[1.365s]   170 |       operator<<([01;36m[Kunsigned long __n[m[K)
[1.365s]       |                  [01;36m[K~~~~~~~~~~~~~~^~~[m[K
[1.365s] [01m[K/usr/include/c++/11/ostream:174:7:[m[K [01;36m[Knote: [m[Kcandidate: ‘[01m[Kstd::basic_ostream<_CharT, _Traits>::__ostream_type& std::basic_ostream<_CharT, _Traits>::operator<<(bool) [with _CharT = char; _Traits = std::char_traits<char>; std::basic_ostream<_CharT, _Traits>::__ostream_type = std::basic_ostream<char>][m[K’
[1.365s]   174 |       [01;36m[Koperator[m[K<<(bool __n)
[1.365s]       |       [01;36m[K^~~~~~~~[m[K
[1.365s] [01m[K/usr/include/c++/11/ostream:174:23:[m[K [01;36m[Knote: [m[K  no known conversion for argument 1 from ‘[01m[Krclcpp::Time[m[K’ to ‘[01m[Kbool[m[K’
[1.366s]   174 |       operator<<([01;36m[Kbool __n[m[K)
[1.366s]       |                  [01;36m[K~~~~~^~~[m[K
[1.366s] In file included from [01m[K/usr/include/c++/11/ostream:829[m[K,
[1.366s]                  from [01m[K/usr/include/c++/11/iostream:39[m[K,
[1.366s]                  from [01m[K/opt/ros/humble/include/rclcpp/rclcpp/executor.hpp:22[m[K,
[1.366s]                  from [01m[K/opt/ros/humble/include/rclcpp/rclcpp/executors/multi_threaded_executor.hpp:25[m[K,
[1.366s]                  from [01m[K/opt/ros/humble/include/rclcpp/rclcpp/executors.hpp:21[m[K,
[1.366s]                  from [01m[K/opt/ros/humble/include/rclcpp/rclcpp/rclcpp.hpp:155[m[K,
[1.366s]                  from [01m[K/home/tang/tang_ws/remote_h/crsf_parser/src/tranform.cpp:1[m[K:
[1.366s] [01m[K/usr/include/c++/11/bits/ostream.tcc:91:5:[m[K [01;36m[Knote: [m[Kcandidate: ‘[01m[Kstd::basic_ostream<_Ch, _Tr>& std::basic_ostream<_CharT, _Traits>::operator<<(short int) [with _CharT = char; _Traits = std::char_traits<char>][m[K’
[1.366s]    91 |     [01;36m[Kbasic_ostream<_CharT, _Traits>[m[K::
[1.366s]       |     [01;36m[K^~~~~~~~~~~~~~~~~~~~~~~~~~~~~~[m[K
[1.366s] [01m[K/usr/include/c++/11/bits/ostream.tcc:92:22:[m[K [01;36m[Knote: [m[K  no known conversion for argument 1 from ‘[01m[Krclcpp::Time[m[K’ to ‘[01m[Kshort int[m[K’
[1.366s]    92 |     operator<<([01;36m[Kshort __n[m[K)
[1.366s]       |                [01;36m[K~~~~~~^~~[m[K
[1.366s] In file included from [01m[K/usr/include/c++/11/iostream:39[m[K,
[1.367s]                  from [01m[K/opt/ros/humble/include/rclcpp/rclcpp/executor.hpp:22[m[K,
[1.367s]                  from [01m[K/opt/ros/humble/include/rclcpp/rclcpp/executors/multi_threaded_executor.hpp:25[m[K,
[1.367s]                  from [01m[K/opt/ros/humble/include/rclcpp/rclcpp/executors.hpp:21[m[K,
[1.367s]                  from [01m[K/opt/ros/humble/include/rclcpp/rclcpp/rclcpp.hpp:155[m[K,
[1.367s]                  from [01m[K/home/tang/tang_ws/remote_h/crsf_parser/src/tranform.cpp:1[m[K:
[1.367s] [01m[K/usr/include/c++/11/ostream:181:7:[m[K [01;36m[Knote: [m[Kcandidate: ‘[01m[Kstd::basic_ostream<_CharT, _Traits>::__ostream_type& std::basic_ostream<_CharT, _Traits>::operator<<(short unsigned int) [with _CharT = char; _Traits = std::char_traits<char>; std::basic_ostream<_CharT, _Traits>::__ostream_type = std::basic_ostream<char>][m[K’
[1.367s]   181 |       [01;36m[Koperator[m[K<<(unsigned short __n)
[1.367s]       |       [01;36m[K^~~~~~~~[m[K
[1.367s] [01m[K/usr/include/c++/11/ostream:181:33:[m[K [01;36m[Knote: [m[K  no known conversion for argument 1 from ‘[01m[Krclcpp::Time[m[K’ to ‘[01m[Kshort unsigned int[m[K’
[1.367s]   181 |       operator<<([01;36m[Kunsigned short __n[m[K)
[1.367s]       |                  [01;36m[K~~~~~~~~~~~~~~~^~~[m[K
[1.367s] In file included from [01m[K/usr/include/c++/11/ostream:829[m[K,
[1.367s]                  from [01m[K/usr/include/c++/11/iostream:39[m[K,
[1.367s]                  from [01m[K/opt/ros/humble/include/rclcpp/rclcpp/executor.hpp:22[m[K,
[1.367s]                  from [01m[K/opt/ros/humble/include/rclcpp/rclcpp/executors/multi_threaded_executor.hpp:25[m[K,
[1.367s]                  from [01m[K/opt/ros/humble/include/rclcpp/rclcpp/executors.hpp:21[m[K,
[1.367s]                  from [01m[K/opt/ros/humble/include/rclcpp/rclcpp/rclcpp.hpp:155[m[K,
[1.368s]                  from [01m[K/home/tang/tang_ws/remote_h/crsf_parser/src/tranform.cpp:1[m[K:
[1.368s] [01m[K/usr/include/c++/11/bits/ostream.tcc:105:5:[m[K [01;36m[Knote: [m[Kcandidate: ‘[01m[Kstd::basic_ostream<_Ch, _Tr>& std::basic_ostream<_CharT, _Traits>::operator<<(int) [with _CharT = char; _Traits = std::char_traits<char>][m[K’
[1.368s]   105 |     [01;36m[Kbasic_ostream<_CharT, _Traits>[m[K::
[1.368s]       |     [01;36m[K^~~~~~~~~~~~~~~~~~~~~~~~~~~~~~[m[K
[1.368s] [01m[K/usr/include/c++/11/bits/ostream.tcc:106:20:[m[K [01;36m[Knote: [m[K  no known conversion for argument 1 from ‘[01m[Krclcpp::Time[m[K’ to ‘[01m[Kint[m[K’
[1.368s]   106 |     operator<<([01;36m[Kint __n[m[K)
[1.368s]       |                [01;36m[K~~~~^~~[m[K
[1.368s] In file included from [01m[K/usr/include/c++/11/iostream:39[m[K,
[1.368s]                  from [01m[K/opt/ros/humble/include/rclcpp/rclcpp/executor.hpp:22[m[K,
[1.368s]                  from [01m[K/opt/ros/humble/include/rclcpp/rclcpp/executors/multi_threaded_executor.hpp:25[m[K,
[1.368s]                  from [01m[K/opt/ros/humble/include/rclcpp/rclcpp/executors.hpp:21[m[K,
[1.368s]                  from [01m[K/opt/ros/humble/include/rclcpp/rclcpp/rclcpp.hpp:155[m[K,
[1.368s]                  from [01m[K/home/tang/tang_ws/remote_h/crsf_parser/src/tranform.cpp:1[m[K:
[1.368s] [01m[K/usr/include/c++/11/ostream:192:7:[m[K [01;36m[Knote: [m[Kcandidate: ‘[01m[Kstd::basic_ostream<_CharT, _Traits>::__ostream_type& std::basic_ostream<_CharT, _Traits>::operator<<(unsigned int) [with _CharT = char; _Traits = std::char_traits<char>; std::basic_ostream<_CharT, _Traits>::__ostream_type = std::basic_ostream<char>][m[K’
[1.368s]   192 |       [01;36m[Koperator[m[K<<(unsigned int __n)
[1.368s]       |       [01;36m[K^~~~~~~~[m[K
[1.368s] [01m[K/usr/include/c++/11/ostream:192:31:[m[K [01;36m[Knote: [m[K  no known conversion for argument 1 from ‘[01m[Krclcpp::Time[m[K’ to ‘[01m[Kunsigned int[m[K’
[1.369s]   192 |       operator<<([01;36m[Kunsigned int __n[m[K)
[1.369s]       |                  [01;36m[K~~~~~~~~~~~~~^~~[m[K
[1.369s] [01m[K/usr/include/c++/11/ostream:201:7:[m[K [01;36m[Knote: [m[Kcandidate: ‘[01m[Kstd::basic_ostream<_CharT, _Traits>::__ostream_type& std::basic_ostream<_CharT, _Traits>::operator<<(long long int) [with _CharT = char; _Traits = std::char_traits<char>; std::basic_ostream<_CharT, _Traits>::__ostream_type = std::basic_ostream<char>][m[K’
[1.369s]   201 |       [01;36m[Koperator[m[K<<(long long __n)
[1.369s]       |       [01;36m[K^~~~~~~~[m[K
[1.369s] [01m[K/usr/include/c++/11/ostream:201:28:[m[K [01;36m[Knote: [m[K  no known conversion for argument 1 from ‘[01m[Krclcpp::Time[m[K’ to ‘[01m[Klong long int[m[K’
[1.369s]   201 |       operator<<([01;36m[Klong long __n[m[K)
[1.369s]       |                  [01;36m[K~~~~~~~~~~^~~[m[K
[1.369s] [01m[K/usr/include/c++/11/ostream:205:7:[m[K [01;36m[Knote: [m[Kcandidate: ‘[01m[Kstd::basic_ostream<_CharT, _Traits>::__ostream_type& std::basic_ostream<_CharT, _Traits>::operator<<(long long unsigned int) [with _CharT = char; _Traits = std::char_traits<char>; std::basic_ostream<_CharT, _Traits>::__ostream_type = std::basic_ostream<char>][m[K’
[1.369s]   205 |       [01;36m[Koperator[m[K<<(unsigned long long __n)
[1.369s]       |       [01;36m[K^~~~~~~~[m[K
[1.369s] [01m[K/usr/include/c++/11/ostream:205:37:[m[K [01;36m[Knote: [m[K  no known conversion for argument 1 from ‘[01m[Krclcpp::Time[m[K’ to ‘[01m[Klong long unsigned int[m[K’
[1.369s]   205 |       operator<<([01;36m[Kunsigned long long __n[m[K)
[1.369s]       |                  [01;36m[K~~~~~~~~~~~~~~~~~~~^~~[m[K
[1.369s] [01m[K/usr/include/c++/11/ostream:220:7:[m[K [01;36m[Knote: [m[Kcandidate: ‘[01m[Kstd::basic_ostream<_CharT, _Traits>::__ostream_type& std::basic_ostream<_CharT, _Traits>::operator<<(double) [with _CharT = char; _Traits = std::char_traits<char>; std::basic_ostream<_CharT, _Traits>::__ostream_type = std::basic_ostream<char>][m[K’
[1.369s]   220 |       [01;36m[Koperator[m[K<<(double __f)
[1.370s]       |       [01;36m[K^~~~~~~~[m[K
[1.370s] [01m[K/usr/include/c++/11/ostream:220:25:[m[K [01;36m[Knote: [m[K  no known conversion for argument 1 from ‘[01m[Krclcpp::Time[m[K’ to ‘[01m[Kdouble[m[K’
[1.370s]   220 |       operator<<([01;36m[Kdouble __f[m[K)
[1.370s]       |                  [01;36m[K~~~~~~~^~~[m[K
[1.370s] [01m[K/usr/include/c++/11/ostream:224:7:[m[K [01;36m[Knote: [m[Kcandidate: ‘[01m[Kstd::basic_ostream<_CharT, _Traits>::__ostream_type& std::basic_ostream<_CharT, _Traits>::operator<<(float) [with _CharT = char; _Traits = std::char_traits<char>; std::basic_ostream<_CharT, _Traits>::__ostream_type = std::basic_ostream<char>][m[K’
[1.370s]   224 |       [01;36m[Koperator[m[K<<(float __f)
[1.370s]       |       [01;36m[K^~~~~~~~[m[K
[1.370s] [01m[K/usr/include/c++/11/ostream:224:24:[m[K [01;36m[Knote: [m[K  no known conversion for argument 1 from ‘[01m[Krclcpp::Time[m[K’ to ‘[01m[Kfloat[m[K’
[1.370s]   224 |       operator<<([01;36m[Kfloat __f[m[K)
[1.370s]       |                  [01;36m[K~~~~~~^~~[m[K
[1.370s] [01m[K/usr/include/c++/11/ostream:232:7:[m[K [01;36m[Knote: [m[Kcandidate: ‘[01m[Kstd::basic_ostream<_CharT, _Traits>::__ostream_type& std::basic_ostream<_CharT, _Traits>::operator<<(long double) [with _CharT = char; _Traits = std::char_traits<char>; std::basic_ostream<_CharT, _Traits>::__ostream_type = std::basic_ostream<char>][m[K’
[1.370s]   232 |       [01;36m[Koperator[m[K<<(long double __f)
[1.370s]       |       [01;36m[K^~~~~~~~[m[K
[1.370s] [01m[K/usr/include/c++/11/ostream:232:30:[m[K [01;36m[Knote: [m[K  no known conversion for argument 1 from ‘[01m[Krclcpp::Time[m[K’ to ‘[01m[Klong double[m[K’
[1.370s]   232 |       operator<<([01;36m[Klong double __f[m[K)
[1.370s]       |                  [01;36m[K~~~~~~~~~~~~^~~[m[K
[1.370s] [01m[K/usr/include/c++/11/ostream:245:7:[m[K [01;36m[Knote: [m[Kcandidate: ‘[01m[Kstd::basic_ostream<_CharT, _Traits>::__ostream_type& std::basic_ostream<_CharT, _Traits>::operator<<(const void*) [with _CharT = char; _Traits = std::char_traits<char>; std::basic_ostream<_CharT, _Traits>::__ostream_type = std::basic_ostream<char>][m[K’
[1.371s]   245 |       [01;36m[Koperator[m[K<<(const void* __p)
[1.371s]       |       [01;36m[K^~~~~~~~[m[K
[1.371s] [01m[K/usr/include/c++/11/ostream:245:30:[m[K [01;36m[Knote: [m[K  no known conversion for argument 1 from ‘[01m[Krclcpp::Time[m[K’ to ‘[01m[Kconst void*[m[K’
[1.371s]   245 |       operator<<([01;36m[Kconst void* __p[m[K)
[1.371s]       |                  [01;36m[K~~~~~~~~~~~~^~~[m[K
[1.371s] [01m[K/usr/include/c++/11/ostream:250:7:[m[K [01;36m[Knote: [m[Kcandidate: ‘[01m[Kstd::basic_ostream<_CharT, _Traits>::__ostream_type& std::basic_ostream<_CharT, _Traits>::operator<<(std::nullptr_t) [with _CharT = char; _Traits = std::char_traits<char>; std::basic_ostream<_CharT, _Traits>::__ostream_type = std::basic_ostream<char>; std::nullptr_t = std::nullptr_t][m[K’
[1.371s]   250 |       [01;36m[Koperator[m[K<<(nullptr_t)
[1.371s]       |       [01;36m[K^~~~~~~~[m[K
[1.371s] [01m[K/usr/include/c++/11/ostream:250:18:[m[K [01;36m[Knote: [m[K  no known conversion for argument 1 from ‘[01m[Krclcpp::Time[m[K’ to ‘[01m[Kstd::nullptr_t[m[K’
[1.371s]   250 |       operator<<([01;36m[Knullptr_t[m[K)
[1.371s]       |                  [01;36m[K^~~~~~~~~[m[K
[1.371s] In file included from [01m[K/usr/include/c++/11/ostream:829[m[K,
[1.371s]                  from [01m[K/usr/include/c++/11/iostream:39[m[K,
[1.371s]                  from [01m[K/opt/ros/humble/include/rclcpp/rclcpp/executor.hpp:22[m[K,
[1.371s]                  from [01m[K/opt/ros/humble/include/rclcpp/rclcpp/executors/multi_threaded_executor.hpp:25[m[K,
[1.371s]                  from [01m[K/opt/ros/humble/include/rclcpp/rclcpp/executors.hpp:21[m[K,
[1.371s]                  from [01m[K/opt/ros/humble/include/rclcpp/rclcpp/rclcpp.hpp:155[m[K,
[1.371s]                  from [01m[K/home/tang/tang_ws/remote_h/crsf_parser/src/tranform.cpp:1[m[K:
[1.371s] [01m[K/usr/include/c++/11/bits/ostream.tcc:119:5:[m[K [01;36m[Knote: [m[Kcandidate: ‘[01m[Kstd::basic_ostream<_Ch, _Tr>& std::basic_ostream<_CharT, _Traits>::operator<<(std::basic_ostream<_CharT, _Traits>::__streambuf_type*) [with _CharT = char; _Traits = std::char_traits<char>; std::basic_ostream<_CharT, _Traits>::__streambuf_type = std::basic_streambuf<char>][m[K’
[1.371s]   119 |     [01;36m[Kbasic_ostream<_CharT, _Traits>[m[K::
[1.371s]       |     [01;36m[K^~~~~~~~~~~~~~~~~~~~~~~~~~~~~~[m[K
[1.371s] [01m[K/usr/include/c++/11/bits/ostream.tcc:120:34:[m[K [01;36m[Knote: [m[K  no known conversion for argument 1 from ‘[01m[Krclcpp::Time[m[K’ to ‘[01m[Kstd::basic_ostream<char>::__streambuf_type*[m[K’ {aka ‘[01m[Kstd::basic_streambuf<char>*[m[K’}
[1.371s]   120 |     operator<<([01;36m[K__streambuf_type* __sbin[m[K)
[1.371s]       |                [01;36m[K~~~~~~~~~~~~~~~~~~^~~~~~[m[K
[1.372s] In file included from [01m[K/usr/include/c++/11/memory:77[m[K,
[1.372s]                  from [01m[K/opt/ros/humble/include/rclcpp/rclcpp/rclcpp.hpp:153[m[K,
[1.372s]                  from [01m[K/home/tang/tang_ws/remote_h/crsf_parser/src/tranform.cpp:1[m[K:
[1.372s] [01m[K/usr/include/c++/11/bits/shared_ptr.h:70:5:[m[K [01;36m[Knote: [m[Kcandidate: ‘[01m[Ktemplate<class _Ch, class _Tr, class _Tp, __gnu_cxx::_Lock_policy _Lp> std::basic_ostream<_Ch, _Tr>& std::operator<<(std::basic_ostream<_Ch, _Tr>&, const std::__shared_ptr<_Tp, _Lp>&)[m[K’
[1.372s]    70 |     [01;36m[Koperator[m[K<<(std::basic_ostream<_Ch, _Tr>& __os,
[1.372s]       |     [01;36m[K^~~~~~~~[m[K
[1.372s] [01m[K/usr/include/c++/11/bits/shared_ptr.h:70:5:[m[K [01;36m[Knote: [m[K  template argument deduction/substitution failed:
[1.372s] [01m[K/home/tang/tang_ws/remote_h/crsf_parser/src/tranform.cpp:43:20:[m[K [01;36m[Knote: [m[K  ‘[01m[Krclcpp::Time[m[K’ is not derived from ‘[01m[Kconst std::__shared_ptr<_Tp, _Lp>[m[K’
[1.372s]    43 |         std::cout<<[01;36m[Kcurrent_time[m[K<<std::endl;
[1.372s]       |                    [01;36m[K^~~~~~~~~~~~[m[K
[1.372s] In file included from [01m[K/usr/include/c++/11/bits/basic_string.h:48[m[K,
[1.372s]                  from [01m[K/usr/include/c++/11/string:55[m[K,
[1.372s]                  from [01m[K/usr/include/c++/11/stdexcept:39[m[K,
[1.372s]                  from [01m[K/usr/include/c++/11/system_error:41[m[K,
[1.372s]                  from [01m[K/usr/include/c++/11/mutex:42[m[K,
[1.372s]                  from [01m[K/usr/include/c++/11/future:38[m[K,
[1.372s]                  from [01m[K/opt/ros/humble/include/rclcpp/rclcpp/executors.hpp:18[m[K,
[1.372s]                  from [01m[K/opt/ros/humble/include/rclcpp/rclcpp/rclcpp.hpp:155[m[K,
[1.372s]                  from [01m[K/home/tang/tang_ws/remote_h/crsf_parser/src/tranform.cpp:1[m[K:
[1.372s] [01m[K/usr/include/c++/11/string_view:667:5:[m[K [01;36m[Knote: [m[Kcandidate: ‘[01m[Ktemplate<class _CharT, class _Traits> std::basic_ostream<_Ch, _Tr>& std::operator<<(std::basic_ostream<_Ch, _Tr>&, std::basic_string_view<_CharT, _Traits>)[m[K’
[1.372s]   667 |     [01;36m[Koperator[m[K<<(basic_ostream<_CharT, _Traits>& __os,
[1.372s]       |     [01;36m[K^~~~~~~~[m[K
[1.372s] [01m[K/usr/include/c++/11/string_view:667:5:[m[K [01;36m[Knote: [m[K  template argument deduction/substitution failed:
[1.372s] [01m[K/home/tang/tang_ws/remote_h/crsf_parser/src/tranform.cpp:43:20:[m[K [01;36m[Knote: [m[K  ‘[01m[Krclcpp::Time[m[K’ is not derived from ‘[01m[Kstd::basic_string_view<_CharT, _Traits>[m[K’
[1.372s]    43 |         std::cout<<[01;36m[Kcurrent_time[m[K<<std::endl;
[1.372s]       |                    [01;36m[K^~~~~~~~~~~~[m[K
[1.372s] In file included from [01m[K/usr/include/c++/11/string:55[m[K,
[1.372s]                  from [01m[K/usr/include/c++/11/stdexcept:39[m[K,
[1.372s]                  from [01m[K/usr/include/c++/11/system_error:41[m[K,
[1.372s]                  from [01m[K/usr/include/c++/11/mutex:42[m[K,
[1.372s]                  from [01m[K/usr/include/c++/11/future:38[m[K,
[1.372s]                  from [01m[K/opt/ros/humble/include/rclcpp/rclcpp/executors.hpp:18[m[K,
[1.372s]                  from [01m[K/opt/ros/humble/include/rclcpp/rclcpp/rclcpp.hpp:155[m[K,
[1.372s]                  from [01m[K/home/tang/tang_ws/remote_h/crsf_parser/src/tranform.cpp:1[m[K:
[1.372s] [01m[K/usr/include/c++/11/bits/basic_string.h:6531:5:[m[K [01;36m[Knote: [m[Kcandidate: ‘[01m[Ktemplate<class _CharT, class _Traits, class _Alloc> std::basic_ostream<_Ch, _Tr>& std::operator<<(std::basic_ostream<_Ch, _Tr>&, const std::__cxx11::basic_string<_CharT, _Traits, _Allocator>&)[m[K’
[1.372s]  6531 |     [01;36m[Koperator[m[K<<(basic_ostream<_CharT, _Traits>& __os,
[1.372s]       |     [01;36m[K^~~~~~~~[m[K
[1.372s] [01m[K/usr/include/c++/11/bits/basic_string.h:6531:5:[m[K [01;36m[Knote: [m[K  template argument deduction/substitution failed:
[1.372s] [01m[K/home/tang/tang_ws/remote_h/crsf_parser/src/tranform.cpp:43:20:[m[K [01;36m[Knote: [m[K  ‘[01m[Krclcpp::Time[m[K’ is not derived from ‘[01m[Kconst std::__cxx11::basic_string<_CharT, _Traits, _Allocator>[m[K’
[1.372s]    43 |         std::cout<<[01;36m[Kcurrent_time[m[K<<std::endl;
[1.372s]       |                    [01;36m[K^~~~~~~~~~~~[m[K
[1.372s] In file included from [01m[K/usr/include/c++/11/mutex:42[m[K,
[1.373s]                  from [01m[K/usr/include/c++/11/future:38[m[K,
[1.373s]                  from [01m[K/opt/ros/humble/include/rclcpp/rclcpp/executors.hpp:18[m[K,
[1.373s]                  from [01m[K/opt/ros/humble/include/rclcpp/rclcpp/rclcpp.hpp:155[m[K,
[1.373s]                  from [01m[K/home/tang/tang_ws/remote_h/crsf_parser/src/tranform.cpp:1[m[K:
[1.373s] [01m[K/usr/include/c++/11/system_error:279:5:[m[K [01;36m[Knote: [m[Kcandidate: ‘[01m[Ktemplate<class _CharT, class _Traits> std::basic_ostream<_Ch, _Tr>& std::operator<<(std::basic_ostream<_Ch, _Tr>&, const std::error_code&)[m[K’
[1.373s]   279 |     [01;36m[Koperator[m[K<<(basic_ostream<_CharT, _Traits>& __os, const error_code& __e)
[1.373s]       |     [01;36m[K^~~~~~~~[m[K
[1.373s] [01m[K/usr/include/c++/11/system_error:279:5:[m[K [01;36m[Knote: [m[K  template argument deduction/substitution failed:
[1.373s] [01m[K/home/tang/tang_ws/remote_h/crsf_parser/src/tranform.cpp:43:20:[m[K [01;36m[Knote: [m[K  cannot convert ‘[01m[Kcurrent_time[m[K’ (type ‘[01m[Krclcpp::Time[m[K’) to type ‘[01m[Kconst std::error_code&[m[K’
[1.373s]    43 |         std::cout<<[01;36m[Kcurrent_time[m[K<<std::endl;
[1.373s]       |                    [01;36m[K^~~~~~~~~~~~[m[K
[1.373s] In file included from [01m[K/opt/ros/humble/include/rclcpp/rclcpp/executors/multi_threaded_executor.hpp:22[m[K,
[1.373s]                  from [01m[K/opt/ros/humble/include/rclcpp/rclcpp/executors.hpp:21[m[K,
[1.373s]                  from [01m[K/opt/ros/humble/include/rclcpp/rclcpp/rclcpp.hpp:155[m[K,
[1.373s]                  from [01m[K/home/tang/tang_ws/remote_h/crsf_parser/src/tranform.cpp:1[m[K:
[1.373s] [01m[K/usr/include/c++/11/thread:92:5:[m[K [01;36m[Knote: [m[Kcandidate: ‘[01m[Ktemplate<class _CharT, class _Traits> std::basic_ostream<_Ch, _Tr>& std::operator<<(std::basic_ostream<_Ch, _Tr>&, std::thread::id)[m[K’
[1.373s]    92 |     [01;36m[Koperator[m[K<<(basic_ostream<_CharT, _Traits>& __out, thread::id __id)
[1.373s]       |     [01;36m[K^~~~~~~~[m[K
[1.373s] [01m[K/usr/include/c++/11/thread:92:5:[m[K [01;36m[Knote: [m[K  template argument deduction/substitution failed:
[1.373s] [01m[K/home/tang/tang_ws/remote_h/crsf_parser/src/tranform.cpp:43:20:[m[K [01;36m[Knote: [m[K  cannot convert ‘[01m[Kcurrent_time[m[K’ (type ‘[01m[Krclcpp::Time[m[K’) to type ‘[01m[Kstd::thread::id[m[K’
[1.373s]    43 |         std::cout<<[01;36m[Kcurrent_time[m[K<<std::endl;
[1.373s]       |                    [01;36m[K^~~~~~~~~~~~[m[K
[1.373s] In file included from [01m[K/usr/include/c++/11/iostream:39[m[K,
[1.373s]                  from [01m[K/opt/ros/humble/include/rclcpp/rclcpp/executor.hpp:22[m[K,
[1.373s]                  from [01m[K/opt/ros/humble/include/rclcpp/rclcpp/executors/multi_threaded_executor.hpp:25[m[K,
[1.373s]                  from [01m[K/opt/ros/humble/include/rclcpp/rclcpp/executors.hpp:21[m[K,
[1.373s]                  from [01m[K/opt/ros/humble/include/rclcpp/rclcpp/rclcpp.hpp:155[m[K,
[1.373s]                  from [01m[K/home/tang/tang_ws/remote_h/crsf_parser/src/tranform.cpp:1[m[K:
[1.373s] [01m[K/usr/include/c++/11/ostream:513:5:[m[K [01;36m[Knote: [m[Kcandidate: ‘[01m[Ktemplate<class _CharT, class _Traits> std::basic_ostream<_Ch, _Tr>& std::operator<<(std::basic_ostream<_Ch, _Tr>&, _CharT)[m[K’
[1.373s]   513 |     [01;36m[Koperator[m[K<<(basic_ostream<_CharT, _Traits>& __out, _CharT __c)
[1.373s]       |     [01;36m[K^~~~~~~~[m[K
[1.373s] [01m[K/usr/include/c++/11/ostream:513:5:[m[K [01;36m[Knote: [m[K  template argument deduction/substitution failed:
[1.373s] [01m[K/home/tang/tang_ws/remote_h/crsf_parser/src/tranform.cpp:43:20:[m[K [01;36m[Knote: [m[K  deduced conflicting types for parameter ‘[01m[K_CharT[m[K’ (‘[01m[Kchar[m[K’ and ‘[01m[Krclcpp::Time[m[K’)
[1.373s]    43 |         std::cout<<[01;36m[Kcurrent_time[m[K<<std::endl;
[1.373s]       |                    [01;36m[K^~~~~~~~~~~~[m[K
[1.373s] In file included from [01m[K/usr/include/c++/11/iostream:39[m[K,
[1.373s]                  from [01m[K/opt/ros/humble/include/rclcpp/rclcpp/executor.hpp:22[m[K,
[1.373s]                  from [01m[K/opt/ros/humble/include/rclcpp/rclcpp/executors/multi_threaded_executor.hpp:25[m[K,
[1.373s]                  from [01m[K/opt/ros/humble/include/rclcpp/rclcpp/executors.hpp:21[m[K,
[1.373s]                  from [01m[K/opt/ros/humble/include/rclcpp/rclcpp/rclcpp.hpp:155[m[K,
[1.373s]                  from [01m[K/home/tang/tang_ws/remote_h/crsf_parser/src/tranform.cpp:1[m[K:
[1.374s] [01m[K/usr/include/c++/11/ostream:518:5:[m[K [01;36m[Knote: [m[Kcandidate: ‘[01m[Ktemplate<class _CharT, class _Traits> std::basic_ostream<_Ch, _Tr>& std::operator<<(std::basic_ostream<_Ch, _Tr>&, char)[m[K’
[1.374s]   518 |     [01;36m[Koperator[m[K<<(basic_ostream<_CharT, _Traits>& __out, char __c)
[1.374s]       |     [01;36m[K^~~~~~~~[m[K
[1.374s] [01m[K/usr/include/c++/11/ostream:518:5:[m[K [01;36m[Knote: [m[K  template argument deduction/substitution failed:
[1.374s] [01m[K/home/tang/tang_ws/remote_h/crsf_parser/src/tranform.cpp:43:20:[m[K [01;36m[Knote: [m[K  cannot convert ‘[01m[Kcurrent_time[m[K’ (type ‘[01m[Krclcpp::Time[m[K’) to type ‘[01m[Kchar[m[K’
[1.374s]    43 |         std::cout<<[01;36m[Kcurrent_time[m[K<<std::endl;
[1.374s]       |                    [01;36m[K^~~~~~~~~~~~[m[K
[1.374s] In file included from [01m[K/usr/include/c++/11/iostream:39[m[K,
[1.374s]                  from [01m[K/opt/ros/humble/include/rclcpp/rclcpp/executor.hpp:22[m[K,
[1.374s]                  from [01m[K/opt/ros/humble/include/rclcpp/rclcpp/executors/multi_threaded_executor.hpp:25[m[K,
[1.374s]                  from [01m[K/opt/ros/humble/include/rclcpp/rclcpp/executors.hpp:21[m[K,
[1.374s]                  from [01m[K/opt/ros/humble/include/rclcpp/rclcpp/rclcpp.hpp:155[m[K,
[1.374s]                  from [01m[K/home/tang/tang_ws/remote_h/crsf_parser/src/tranform.cpp:1[m[K:
[1.374s] [01m[K/usr/include/c++/11/ostream:524:5:[m[K [01;36m[Knote: [m[Kcandidate: ‘[01m[Ktemplate<class _Traits> std::basic_ostream<char, _Traits>& std::operator<<(std::basic_ostream<char, _Traits>&, char)[m[K’
[1.374s]   524 |     [01;36m[Koperator[m[K<<(basic_ostream<char, _Traits>& __out, char __c)
[1.374s]       |     [01;36m[K^~~~~~~~[m[K
[1.374s] [01m[K/usr/include/c++/11/ostream:524:5:[m[K [01;36m[Knote: [m[K  template argument deduction/substitution failed:
[1.374s] [01m[K/home/tang/tang_ws/remote_h/crsf_parser/src/tranform.cpp:43:20:[m[K [01;36m[Knote: [m[K  cannot convert ‘[01m[Kcurrent_time[m[K’ (type ‘[01m[Krclcpp::Time[m[K’) to type ‘[01m[Kchar[m[K’
[1.374s]    43 |         std::cout<<[01;36m[Kcurrent_time[m[K<<std::endl;
[1.374s]       |                    [01;36m[K^~~~~~~~~~~~[m[K
[1.374s] In file included from [01m[K/usr/include/c++/11/iostream:39[m[K,
[1.374s]                  from [01m[K/opt/ros/humble/include/rclcpp/rclcpp/executor.hpp:22[m[K,
[1.374s]                  from [01m[K/opt/ros/humble/include/rclcpp/rclcpp/executors/multi_threaded_executor.hpp:25[m[K,
[1.374s]                  from [01m[K/opt/ros/humble/include/rclcpp/rclcpp/executors.hpp:21[m[K,
[1.374s]                  from [01m[K/opt/ros/humble/include/rclcpp/rclcpp/rclcpp.hpp:155[m[K,
[1.374s]                  from [01m[K/home/tang/tang_ws/remote_h/crsf_parser/src/tranform.cpp:1[m[K:
[1.374s] [01m[K/usr/include/c++/11/ostream:530:5:[m[K [01;36m[Knote: [m[Kcandidate: ‘[01m[Ktemplate<class _Traits> std::basic_ostream<char, _Traits>& std::operator<<(std::basic_ostream<char, _Traits>&, signed char)[m[K’
[1.374s]   530 |     [01;36m[Koperator[m[K<<(basic_ostream<char, _Traits>& __out, signed char __c)
[1.374s]       |     [01;36m[K^~~~~~~~[m[K
[1.374s] [01m[K/usr/include/c++/11/ostream:530:5:[m[K [01;36m[Knote: [m[K  template argument deduction/substitution failed:
[1.374s] [01m[K/home/tang/tang_ws/remote_h/crsf_parser/src/tranform.cpp:43:20:[m[K [01;36m[Knote: [m[K  cannot convert ‘[01m[Kcurrent_time[m[K’ (type ‘[01m[Krclcpp::Time[m[K’) to type ‘[01m[Ksigned char[m[K’
[1.374s]    43 |         std::cout<<[01;36m[Kcurrent_time[m[K<<std::endl;
[1.374s]       |                    [01;36m[K^~~~~~~~~~~~[m[K
[1.374s] In file included from [01m[K/usr/include/c++/11/iostream:39[m[K,
[1.374s]                  from [01m[K/opt/ros/humble/include/rclcpp/rclcpp/executor.hpp:22[m[K,
[1.374s]                  from [01m[K/opt/ros/humble/include/rclcpp/rclcpp/executors/multi_threaded_executor.hpp:25[m[K,
[1.374s]                  from [01m[K/opt/ros/humble/include/rclcpp/rclcpp/executors.hpp:21[m[K,
[1.374s]                  from [01m[K/opt/ros/humble/include/rclcpp/rclcpp/rclcpp.hpp:155[m[K,
[1.374s]                  from [01m[K/home/tang/tang_ws/remote_h/crsf_parser/src/tranform.cpp:1[m[K:
[1.374s] [01m[K/usr/include/c++/11/ostream:535:5:[m[K [01;36m[Knote: [m[Kcandidate: ‘[01m[Ktemplate<class _Traits> std::basic_ostream<char, _Traits>& std::operator<<(std::basic_ostream<char, _Traits>&, unsigned char)[m[K’
[1.374s]   535 |     [01;36m[Koperator[m[K<<(basic_ostream<char, _Traits>& __out, unsigned char __c)
[1.374s]       |     [01;36m[K^~~~~~~~[m[K
[1.375s] [01m[K/usr/include/c++/11/ostream:535:5:[m[K [01;36m[Knote: [m[K  template argument deduction/substitution failed:
[1.375s] [01m[K/home/tang/tang_ws/remote_h/crsf_parser/src/tranform.cpp:43:20:[m[K [01;36m[Knote: [m[K  cannot convert ‘[01m[Kcurrent_time[m[K’ (type ‘[01m[Krclcpp::Time[m[K’) to type ‘[01m[Kunsigned char[m[K’
[1.375s]    43 |         std::cout<<[01;36m[Kcurrent_time[m[K<<std::endl;
[1.375s]       |                    [01;36m[K^~~~~~~~~~~~[m[K
[1.375s] In file included from [01m[K/usr/include/c++/11/iostream:39[m[K,
[1.375s]                  from [01m[K/opt/ros/humble/include/rclcpp/rclcpp/executor.hpp:22[m[K,
[1.375s]                  from [01m[K/opt/ros/humble/include/rclcpp/rclcpp/executors/multi_threaded_executor.hpp:25[m[K,
[1.375s]                  from [01m[K/opt/ros/humble/include/rclcpp/rclcpp/executors.hpp:21[m[K,
[1.375s]                  from [01m[K/opt/ros/humble/include/rclcpp/rclcpp/rclcpp.hpp:155[m[K,
[1.375s]                  from [01m[K/home/tang/tang_ws/remote_h/crsf_parser/src/tranform.cpp:1[m[K:
[1.375s] [01m[K/usr/include/c++/11/ostream:594:5:[m[K [01;36m[Knote: [m[Kcandidate: ‘[01m[Ktemplate<class _CharT, class _Traits> std::basic_ostream<_Ch, _Tr>& std::operator<<(std::basic_ostream<_Ch, _Tr>&, const _CharT*)[m[K’
[1.375s]   594 |     [01;36m[Koperator[m[K<<(basic_ostream<_CharT, _Traits>& __out, const _CharT* __s)
[1.375s]       |     [01;36m[K^~~~~~~~[m[K
[1.375s] [01m[K/usr/include/c++/11/ostream:594:5:[m[K [01;36m[Knote: [m[K  template argument deduction/substitution failed:
[1.375s] [01m[K/home/tang/tang_ws/remote_h/crsf_parser/src/tranform.cpp:43:20:[m[K [01;36m[Knote: [m[K  mismatched types ‘[01m[Kconst _CharT*[m[K’ and ‘[01m[Krclcpp::Time[m[K’
[1.375s]    43 |         std::cout<<[01;36m[Kcurrent_time[m[K<<std::endl;
[1.375s]       |                    [01;36m[K^~~~~~~~~~~~[m[K
[1.375s] In file included from [01m[K/usr/include/c++/11/ostream:829[m[K,
[1.375s]                  from [01m[K/usr/include/c++/11/iostream:39[m[K,
[1.375s]                  from [01m[K/opt/ros/humble/include/rclcpp/rclcpp/executor.hpp:22[m[K,
[1.375s]                  from [01m[K/opt/ros/humble/include/rclcpp/rclcpp/executors/multi_threaded_executor.hpp:25[m[K,
[1.375s]                  from [01m[K/opt/ros/humble/include/rclcpp/rclcpp/executors.hpp:21[m[K,
[1.375s]                  from [01m[K/opt/ros/humble/include/rclcpp/rclcpp/rclcpp.hpp:155[m[K,
[1.375s]                  from [01m[K/home/tang/tang_ws/remote_h/crsf_parser/src/tranform.cpp:1[m[K:
[1.375s] [01m[K/usr/include/c++/11/bits/ostream.tcc:321:5:[m[K [01;36m[Knote: [m[Kcandidate: ‘[01m[Ktemplate<class _CharT, class _Traits> std::basic_ostream<_Ch, _Tr>& std::operator<<(std::basic_ostream<_Ch, _Tr>&, const char*)[m[K’
[1.375s]   321 |     [01;36m[Koperator[m[K<<(basic_ostream<_CharT, _Traits>& __out, const char* __s)
[1.375s]       |     [01;36m[K^~~~~~~~[m[K
[1.375s] [01m[K/usr/include/c++/11/bits/ostream.tcc:321:5:[m[K [01;36m[Knote: [m[K  template argument deduction/substitution failed:
[1.375s] [01m[K/home/tang/tang_ws/remote_h/crsf_parser/src/tranform.cpp:43:20:[m[K [01;36m[Knote: [m[K  cannot convert ‘[01m[Kcurrent_time[m[K’ (type ‘[01m[Krclcpp::Time[m[K’) to type ‘[01m[Kconst char*[m[K’
[1.375s]    43 |         std::cout<<[01;36m[Kcurrent_time[m[K<<std::endl;
[1.375s]       |                    [01;36m[K^~~~~~~~~~~~[m[K
[1.375s] In file included from [01m[K/usr/include/c++/11/iostream:39[m[K,
[1.375s]                  from [01m[K/opt/ros/humble/include/rclcpp/rclcpp/executor.hpp:22[m[K,
[1.375s]                  from [01m[K/opt/ros/humble/include/rclcpp/rclcpp/executors/multi_threaded_executor.hpp:25[m[K,
[1.375s]                  from [01m[K/opt/ros/humble/include/rclcpp/rclcpp/executors.hpp:21[m[K,
[1.375s]                  from [01m[K/opt/ros/humble/include/rclcpp/rclcpp/rclcpp.hpp:155[m[K,
[1.375s]                  from [01m[K/home/tang/tang_ws/remote_h/crsf_parser/src/tranform.cpp:1[m[K:
[1.375s] [01m[K/usr/include/c++/11/ostream:611:5:[m[K [01;36m[Knote: [m[Kcandidate: ‘[01m[Ktemplate<class _Traits> std::basic_ostream<char, _Traits>& std::operator<<(std::basic_ostream<char, _Traits>&, const char*)[m[K’
[1.375s]   611 |     [01;36m[Koperator[m[K<<(basic_ostream<char, _Traits>& __out, const char* __s)
[1.375s]       |     [01;36m[K^~~~~~~~[m[K
[1.375s] [01m[K/usr/include/c++/11/ostream:611:5:[m[K [01;36m[Knote: [m[K  template argument deduction/substitution failed:
[1.375s] [01m[K/home/tang/tang_ws/remote_h/crsf_parser/src/tranform.cpp:43:20:[m[K [01;36m[Knote: [m[K  cannot convert ‘[01m[Kcurrent_time[m[K’ (type ‘[01m[Krclcpp::Time[m[K’) to type ‘[01m[Kconst char*[m[K’
[1.376s]    43 |         std::cout<<[01;36m[Kcurrent_time[m[K<<std::endl;
[1.376s]       |                    [01;36m[K^~~~~~~~~~~~[m[K
[1.376s] In file included from [01m[K/usr/include/c++/11/iostream:39[m[K,
[1.376s]                  from [01m[K/opt/ros/humble/include/rclcpp/rclcpp/executor.hpp:22[m[K,
[1.376s]                  from [01m[K/opt/ros/humble/include/rclcpp/rclcpp/executors/multi_threaded_executor.hpp:25[m[K,
[1.376s]                  from [01m[K/opt/ros/humble/include/rclcpp/rclcpp/executors.hpp:21[m[K,
[1.376s]                  from [01m[K/opt/ros/humble/include/rclcpp/rclcpp/rclcpp.hpp:155[m[K,
[1.376s]                  from [01m[K/home/tang/tang_ws/remote_h/crsf_parser/src/tranform.cpp:1[m[K:
[1.376s] [01m[K/usr/include/c++/11/ostream:624:5:[m[K [01;36m[Knote: [m[Kcandidate: ‘[01m[Ktemplate<class _Traits> std::basic_ostream<char, _Traits>& std::operator<<(std::basic_ostream<char, _Traits>&, const signed char*)[m[K’
[1.376s]   624 |     [01;36m[Koperator[m[K<<(basic_ostream<char, _Traits>& __out, const signed char* __s)
[1.376s]       |     [01;36m[K^~~~~~~~[m[K
[1.376s] [01m[K/usr/include/c++/11/ostream:624:5:[m[K [01;36m[Knote: [m[K  template argument deduction/substitution failed:
[1.376s] [01m[K/home/tang/tang_ws/remote_h/crsf_parser/src/tranform.cpp:43:20:[m[K [01;36m[Knote: [m[K  cannot convert ‘[01m[Kcurrent_time[m[K’ (type ‘[01m[Krclcpp::Time[m[K’) to type ‘[01m[Kconst signed char*[m[K’
[1.376s]    43 |         std::cout<<[01;36m[Kcurrent_time[m[K<<std::endl;
[1.376s]       |                    [01;36m[K^~~~~~~~~~~~[m[K
[1.376s] In file included from [01m[K/usr/include/c++/11/iostream:39[m[K,
[1.376s]                  from [01m[K/opt/ros/humble/include/rclcpp/rclcpp/executor.hpp:22[m[K,
[1.376s]                  from [01m[K/opt/ros/humble/include/rclcpp/rclcpp/executors/multi_threaded_executor.hpp:25[m[K,
[1.376s]                  from [01m[K/opt/ros/humble/include/rclcpp/rclcpp/executors.hpp:21[m[K,
[1.376s]                  from [01m[K/opt/ros/humble/include/rclcpp/rclcpp/rclcpp.hpp:155[m[K,
[1.376s]                  from [01m[K/home/tang/tang_ws/remote_h/crsf_parser/src/tranform.cpp:1[m[K:
[1.376s] [01m[K/usr/include/c++/11/ostream:629:5:[m[K [01;36m[Knote: [m[Kcandidate: ‘[01m[Ktemplate<class _Traits> std::basic_ostream<char, _Traits>& std::operator<<(std::basic_ostream<char, _Traits>&, const unsigned char*)[m[K’
[1.376s]   629 |     [01;36m[Koperator[m[K<<(basic_ostream<char, _Traits>& __out, const unsigned char* __s)
[1.376s]       |     [01;36m[K^~~~~~~~[m[K
[1.376s] [01m[K/usr/include/c++/11/ostream:629:5:[m[K [01;36m[Knote: [m[K  template argument deduction/substitution failed:
[1.376s] [01m[K/home/tang/tang_ws/remote_h/crsf_parser/src/tranform.cpp:43:20:[m[K [01;36m[Knote: [m[K  cannot convert ‘[01m[Kcurrent_time[m[K’ (type ‘[01m[Krclcpp::Time[m[K’) to type ‘[01m[Kconst unsigned char*[m[K’
[1.376s]    43 |         std::cout<<[01;36m[Kcurrent_time[m[K<<std::endl;
[1.376s]       |                    [01;36m[K^~~~~~~~~~~~[m[K
[1.376s] In file included from [01m[K/usr/include/c++/11/iostream:39[m[K,
[1.376s]                  from [01m[K/opt/ros/humble/include/rclcpp/rclcpp/executor.hpp:22[m[K,
[1.376s]                  from [01m[K/opt/ros/humble/include/rclcpp/rclcpp/executors/multi_threaded_executor.hpp:25[m[K,
[1.376s]                  from [01m[K/opt/ros/humble/include/rclcpp/rclcpp/executors.hpp:21[m[K,
[1.376s]                  from [01m[K/opt/ros/humble/include/rclcpp/rclcpp/rclcpp.hpp:155[m[K,
[1.376s]                  from [01m[K/home/tang/tang_ws/remote_h/crsf_parser/src/tranform.cpp:1[m[K:
[1.376s] [01m[K/usr/include/c++/11/ostream:750:5:[m[K [01;36m[Knote: [m[Kcandidate: ‘[01m[Ktemplate<class _Ostream, class _Tp> _Ostream&& std::operator<<(_Ostream&&, const _Tp&)[m[K’
[1.376s]   750 |     [01;36m[Koperator[m[K<<(_Ostream&& __os, const _Tp& __x)
[1.376s]       |     [01;36m[K^~~~~~~~[m[K
[1.376s] [01m[K/usr/include/c++/11/ostream:750:5:[m[K [01;36m[Knote: [m[K  template argument deduction/substitution failed:
[1.376s] /usr/include/c++/11/ostream: In substitution of ‘[01m[Ktemplate<class _Ostream, class _Tp> _Ostream&& std::operator<<(_Ostream&&, const _Tp&) [with _Ostream = std::basic_ostream<char>&; _Tp = rclcpp::Time][m[K’:
[1.376s] [01m[K/home/tang/tang_ws/remote_h/crsf_parser/src/tranform.cpp:43:20:[m[K   required from here
[1.376s] [01m[K/usr/include/c++/11/ostream:750:5:[m[K [01;31m[Kerror: [m[Kno type named ‘[01m[Ktype[m[K’ in ‘[01m[Kstruct std::enable_if<false, void>[m[K’
[1.376s] In file included from [01m[K/opt/ros/humble/include/rosidl_runtime_cpp/rosidl_runtime_cpp/traits.hpp:20[m[K,
[1.377s]                  from [01m[K/opt/ros/humble/include/builtin_interfaces/builtin_interfaces/msg/detail/duration__traits.hpp:15[m[K,
[1.377s]                  from [01m[K/opt/ros/humble/include/builtin_interfaces/builtin_interfaces/msg/duration.hpp:9[m[K,
[1.377s]                  from [01m[K/opt/ros/humble/include/rclcpp/rclcpp/duration.hpp:20[m[K,
[1.377s]                  from [01m[K/opt/ros/humble/include/rclcpp/rclcpp/qos.hpp:20[m[K,
[1.377s]                  from [01m[K/opt/ros/humble/include/rclcpp/rclcpp/node_interfaces/node_graph_interface.hpp:33[m[K,
[1.377s]                  from [01m[K/opt/ros/humble/include/rclcpp/rclcpp/client.hpp:42[m[K,
[1.377s]                  from [01m[K/opt/ros/humble/include/rclcpp/rclcpp/callback_group.hpp:24[m[K,
[1.377s]                  from [01m[K/opt/ros/humble/include/rclcpp/rclcpp/any_executable.hpp:20[m[K,
[1.377s]                  from [01m[K/opt/ros/humble/include/rclcpp/rclcpp/memory_strategy.hpp:25[m[K,
[1.377s]                  from [01m[K/opt/ros/humble/include/rclcpp/rclcpp/memory_strategies.hpp:18[m[K,
[1.377s]                  from [01m[K/opt/ros/humble/include/rclcpp/rclcpp/executor_options.hpp:20[m[K,
[1.377s]                  from [01m[K/opt/ros/humble/include/rclcpp/rclcpp/executor.hpp:37[m[K,
[1.377s]                  from [01m[K/opt/ros/humble/include/rclcpp/rclcpp/executors/multi_threaded_executor.hpp:25[m[K,
[1.377s]                  from [01m[K/opt/ros/humble/include/rclcpp/rclcpp/executors.hpp:21[m[K,
[1.377s]                  from [01m[K/opt/ros/humble/include/rclcpp/rclcpp/rclcpp.hpp:155[m[K,
[1.377s]                  from [01m[K/home/tang/tang_ws/remote_h/crsf_parser/src/tranform.cpp:1[m[K:
[1.377s] [01m[K/usr/include/c++/11/iomanip:79:5:[m[K [01;36m[Knote: [m[Kcandidate: ‘[01m[Ktemplate<class _CharT, class _Traits> std::basic_ostream<_Ch, _Tr>& std::operator<<(std::basic_ostream<_Ch, _Tr>&, std::_Resetiosflags)[m[K’
[1.377s]    79 |     [01;36m[Koperator[m[K<<(basic_ostream<_CharT, _Traits>& __os, _Resetiosflags __f)
[1.377s]       |     [01;36m[K^~~~~~~~[m[K
[1.377s] [01m[K/usr/include/c++/11/iomanip:79:5:[m[K [01;36m[Knote: [m[K  template argument deduction/substitution failed:
[1.377s] [01m[K/home/tang/tang_ws/remote_h/crsf_parser/src/tranform.cpp:43:20:[m[K [01;36m[Knote: [m[K  cannot convert ‘[01m[Kcurrent_time[m[K’ (type ‘[01m[Krclcpp::Time[m[K’) to type ‘[01m[Kstd::_Resetiosflags[m[K’
[1.377s]    43 |         std::cout<<[01;36m[Kcurrent_time[m[K<<std::endl;
[1.377s]       |                    [01;36m[K^~~~~~~~~~~~[m[K
[1.377s] In file included from [01m[K/opt/ros/humble/include/rosidl_runtime_cpp/rosidl_runtime_cpp/traits.hpp:20[m[K,
[1.377s]                  from [01m[K/opt/ros/humble/include/builtin_interfaces/builtin_interfaces/msg/detail/duration__traits.hpp:15[m[K,
[1.377s]                  from [01m[K/opt/ros/humble/include/builtin_interfaces/builtin_interfaces/msg/duration.hpp:9[m[K,
[1.377s]                  from [01m[K/opt/ros/humble/include/rclcpp/rclcpp/duration.hpp:20[m[K,
[1.377s]                  from [01m[K/opt/ros/humble/include/rclcpp/rclcpp/qos.hpp:20[m[K,
[1.377s]                  from [01m[K/opt/ros/humble/include/rclcpp/rclcpp/node_interfaces/node_graph_interface.hpp:33[m[K,
[1.377s]                  from [01m[K/opt/ros/humble/include/rclcpp/rclcpp/client.hpp:42[m[K,
[1.377s]                  from [01m[K/opt/ros/humble/include/rclcpp/rclcpp/callback_group.hpp:24[m[K,
[1.377s]                  from [01m[K/opt/ros/humble/include/rclcpp/rclcpp/any_executable.hpp:20[m[K,
[1.377s]                  from [01m[K/opt/ros/humble/include/rclcpp/rclcpp/memory_strategy.hpp:25[m[K,
[1.377s]                  from [01m[K/opt/ros/humble/include/rclcpp/rclcpp/memory_strategies.hpp:18[m[K,
[1.377s]                  from [01m[K/opt/ros/humble/include/rclcpp/rclcpp/executor_options.hpp:20[m[K,
[1.377s]                  from [01m[K/opt/ros/humble/include/rclcpp/rclcpp/executor.hpp:37[m[K,
[1.377s]                  from [01m[K/opt/ros/humble/include/rclcpp/rclcpp/executors/multi_threaded_executor.hpp:25[m[K,
[1.377s]                  from [01m[K/opt/ros/humble/include/rclcpp/rclcpp/executors.hpp:21[m[K,
[1.377s]                  from [01m[K/opt/ros/humble/include/rclcpp/rclcpp/rclcpp.hpp:155[m[K,
[1.377s]                  from [01m[K/home/tang/tang_ws/remote_h/crsf_parser/src/tranform.cpp:1[m[K:
[1.377s] [01m[K/usr/include/c++/11/iomanip:109:5:[m[K [01;36m[Knote: [m[Kcandidate: ‘[01m[Ktemplate<class _CharT, class _Traits> std::basic_ostream<_Ch, _Tr>& std::operator<<(std::basic_ostream<_Ch, _Tr>&, std::_Setiosflags)[m[K’
[1.377s]   109 |     [01;36m[Koperator[m[K<<(basic_ostream<_CharT, _Traits>& __os, _Setiosflags __f)
[1.378s]       |     [01;36m[K^~~~~~~~[m[K
[1.378s] [01m[K/usr/include/c++/11/iomanip:109:5:[m[K [01;36m[Knote: [m[K  template argument deduction/substitution failed:
[1.378s] [01m[K/home/tang/tang_ws/remote_h/crsf_parser/src/tranform.cpp:43:20:[m[K [01;36m[Knote: [m[K  cannot convert ‘[01m[Kcurrent_time[m[K’ (type ‘[01m[Krclcpp::Time[m[K’) to type ‘[01m[Kstd::_Setiosflags[m[K’
[1.378s]    43 |         std::cout<<[01;36m[Kcurrent_time[m[K<<std::endl;
[1.378s]       |                    [01;36m[K^~~~~~~~~~~~[m[K
[1.378s] In file included from [01m[K/opt/ros/humble/include/rosidl_runtime_cpp/rosidl_runtime_cpp/traits.hpp:20[m[K,
[1.378s]                  from [01m[K/opt/ros/humble/include/builtin_interfaces/builtin_interfaces/msg/detail/duration__traits.hpp:15[m[K,
[1.378s]                  from [01m[K/opt/ros/humble/include/builtin_interfaces/builtin_interfaces/msg/duration.hpp:9[m[K,
[1.378s]                  from [01m[K/opt/ros/humble/include/rclcpp/rclcpp/duration.hpp:20[m[K,
[1.378s]                  from [01m[K/opt/ros/humble/include/rclcpp/rclcpp/qos.hpp:20[m[K,
[1.378s]                  from [01m[K/opt/ros/humble/include/rclcpp/rclcpp/node_interfaces/node_graph_interface.hpp:33[m[K,
[1.378s]                  from [01m[K/opt/ros/humble/include/rclcpp/rclcpp/client.hpp:42[m[K,
[1.378s]                  from [01m[K/opt/ros/humble/include/rclcpp/rclcpp/callback_group.hpp:24[m[K,
[1.378s]                  from [01m[K/opt/ros/humble/include/rclcpp/rclcpp/any_executable.hpp:20[m[K,
[1.378s]                  from [01m[K/opt/ros/humble/include/rclcpp/rclcpp/memory_strategy.hpp:25[m[K,
[1.378s]                  from [01m[K/opt/ros/humble/include/rclcpp/rclcpp/memory_strategies.hpp:18[m[K,
[1.378s]                  from [01m[K/opt/ros/humble/include/rclcpp/rclcpp/executor_options.hpp:20[m[K,
[1.378s]                  from [01m[K/opt/ros/humble/include/rclcpp/rclcpp/executor.hpp:37[m[K,
[1.378s]                  from [01m[K/opt/ros/humble/include/rclcpp/rclcpp/executors/multi_threaded_executor.hpp:25[m[K,
[1.378s]                  from [01m[K/opt/ros/humble/include/rclcpp/rclcpp/executors.hpp:21[m[K,
[1.378s]                  from [01m[K/opt/ros/humble/include/rclcpp/rclcpp/rclcpp.hpp:155[m[K,
[1.378s]                  from [01m[K/home/tang/tang_ws/remote_h/crsf_parser/src/tranform.cpp:1[m[K:
[1.378s] [01m[K/usr/include/c++/11/iomanip:143:5:[m[K [01;36m[Knote: [m[Kcandidate: ‘[01m[Ktemplate<class _CharT, class _Traits> std::basic_ostream<_Ch, _Tr>& std::operator<<(std::basic_ostream<_Ch, _Tr>&, std::_Setbase)[m[K’
[1.378s]   143 |     [01;36m[Koperator[m[K<<(basic_ostream<_CharT, _Traits>& __os, _Setbase __f)
[1.378s]       |     [01;36m[K^~~~~~~~[m[K
[1.378s] [01m[K/usr/include/c++/11/iomanip:143:5:[m[K [01;36m[Knote: [m[K  template argument deduction/substitution failed:
[1.378s] [01m[K/home/tang/tang_ws/remote_h/crsf_parser/src/tranform.cpp:43:20:[m[K [01;36m[Knote: [m[K  cannot convert ‘[01m[Kcurrent_time[m[K’ (type ‘[01m[Krclcpp::Time[m[K’) to type ‘[01m[Kstd::_Setbase[m[K’
[1.378s]    43 |         std::cout<<[01;36m[Kcurrent_time[m[K<<std::endl;
[1.378s]       |                    [01;36m[K^~~~~~~~~~~~[m[K
[1.378s] In file included from [01m[K/opt/ros/humble/include/rosidl_runtime_cpp/rosidl_runtime_cpp/traits.hpp:20[m[K,
[1.378s]                  from [01m[K/opt/ros/humble/include/builtin_interfaces/builtin_interfaces/msg/detail/duration__traits.hpp:15[m[K,
[1.378s]                  from [01m[K/opt/ros/humble/include/builtin_interfaces/builtin_interfaces/msg/duration.hpp:9[m[K,
[1.378s]                  from [01m[K/opt/ros/humble/include/rclcpp/rclcpp/duration.hpp:20[m[K,
[1.378s]                  from [01m[K/opt/ros/humble/include/rclcpp/rclcpp/qos.hpp:20[m[K,
[1.378s]                  from [01m[K/opt/ros/humble/include/rclcpp/rclcpp/node_interfaces/node_graph_interface.hpp:33[m[K,
[1.378s]                  from [01m[K/opt/ros/humble/include/rclcpp/rclcpp/client.hpp:42[m[K,
[1.378s]                  from [01m[K/opt/ros/humble/include/rclcpp/rclcpp/callback_group.hpp:24[m[K,
[1.378s]                  from [01m[K/opt/ros/humble/include/rclcpp/rclcpp/any_executable.hpp:20[m[K,
[1.378s]                  from [01m[K/opt/ros/humble/include/rclcpp/rclcpp/memory_strategy.hpp:25[m[K,
[1.378s]                  from [01m[K/opt/ros/humble/include/rclcpp/rclcpp/memory_strategies.hpp:18[m[K,
[1.378s]                  from [01m[K/opt/ros/humble/include/rclcpp/rclcpp/executor_options.hpp:20[m[K,
[1.379s]                  from [01m[K/opt/ros/humble/include/rclcpp/rclcpp/executor.hpp:37[m[K,
[1.379s]                  from [01m[K/opt/ros/humble/include/rclcpp/rclcpp/executors/multi_threaded_executor.hpp:25[m[K,
[1.379s]                  from [01m[K/opt/ros/humble/include/rclcpp/rclcpp/executors.hpp:21[m[K,
[1.379s]                  from [01m[K/opt/ros/humble/include/rclcpp/rclcpp/rclcpp.hpp:155[m[K,
[1.379s]                  from [01m[K/home/tang/tang_ws/remote_h/crsf_parser/src/tranform.cpp:1[m[K:
[1.379s] [01m[K/usr/include/c++/11/iomanip:178:5:[m[K [01;36m[Knote: [m[Kcandidate: ‘[01m[Ktemplate<class _CharT, class _Traits> std::basic_ostream<_Ch, _Tr>& std::operator<<(std::basic_ostream<_Ch, _Tr>&, std::_Setfill<_CharT>)[m[K’
[1.379s]   178 |     [01;36m[Koperator[m[K<<(basic_ostream<_CharT, _Traits>& __os, _Setfill<_CharT> __f)
[1.379s]       |     [01;36m[K^~~~~~~~[m[K
[1.379s] [01m[K/usr/include/c++/11/iomanip:178:5:[m[K [01;36m[Knote: [m[K  template argument deduction/substitution failed:
[1.379s] [01m[K/home/tang/tang_ws/remote_h/crsf_parser/src/tranform.cpp:43:20:[m[K [01;36m[Knote: [m[K  ‘[01m[Krclcpp::Time[m[K’ is not derived from ‘[01m[Kstd::_Setfill<_CharT>[m[K’
[1.379s]    43 |         std::cout<<[01;36m[Kcurrent_time[m[K<<std::endl;
[1.379s]       |                    [01;36m[K^~~~~~~~~~~~[m[K
[1.379s] In file included from [01m[K/opt/ros/humble/include/rosidl_runtime_cpp/rosidl_runtime_cpp/traits.hpp:20[m[K,
[1.379s]                  from [01m[K/opt/ros/humble/include/builtin_interfaces/builtin_interfaces/msg/detail/duration__traits.hpp:15[m[K,
[1.379s]                  from [01m[K/opt/ros/humble/include/builtin_interfaces/builtin_interfaces/msg/duration.hpp:9[m[K,
[1.379s]                  from [01m[K/opt/ros/humble/include/rclcpp/rclcpp/duration.hpp:20[m[K,
[1.379s]                  from [01m[K/opt/ros/humble/include/rclcpp/rclcpp/qos.hpp:20[m[K,
[1.379s]                  from [01m[K/opt/ros/humble/include/rclcpp/rclcpp/node_interfaces/node_graph_interface.hpp:33[m[K,
[1.379s]                  from [01m[K/opt/ros/humble/include/rclcpp/rclcpp/client.hpp:42[m[K,
[1.379s]                  from [01m[K/opt/ros/humble/include/rclcpp/rclcpp/callback_group.hpp:24[m[K,
[1.379s]                  from [01m[K/opt/ros/humble/include/rclcpp/rclcpp/any_executable.hpp:20[m[K,
[1.379s]                  from [01m[K/opt/ros/humble/include/rclcpp/rclcpp/memory_strategy.hpp:25[m[K,
[1.379s]                  from [01m[K/opt/ros/humble/include/rclcpp/rclcpp/memory_strategies.hpp:18[m[K,
[1.379s]                  from [01m[K/opt/ros/humble/include/rclcpp/rclcpp/executor_options.hpp:20[m[K,
[1.379s]                  from [01m[K/opt/ros/humble/include/rclcpp/rclcpp/executor.hpp:37[m[K,
[1.379s]                  from [01m[K/opt/ros/humble/include/rclcpp/rclcpp/executors/multi_threaded_executor.hpp:25[m[K,
[1.379s]                  from [01m[K/opt/ros/humble/include/rclcpp/rclcpp/executors.hpp:21[m[K,
[1.379s]                  from [01m[K/opt/ros/humble/include/rclcpp/rclcpp/rclcpp.hpp:155[m[K,
[1.379s]                  from [01m[K/home/tang/tang_ws/remote_h/crsf_parser/src/tranform.cpp:1[m[K:
[1.379s] [01m[K/usr/include/c++/11/iomanip:208:5:[m[K [01;36m[Knote: [m[Kcandidate: ‘[01m[Ktemplate<class _CharT, class _Traits> std::basic_ostream<_Ch, _Tr>& std::operator<<(std::basic_ostream<_Ch, _Tr>&, std::_Setprecision)[m[K’
[1.379s]   208 |     [01;36m[Koperator[m[K<<(basic_ostream<_CharT, _Traits>& __os, _Setprecision __f)
[1.379s]       |     [01;36m[K^~~~~~~~[m[K
[1.379s] [01m[K/usr/include/c++/11/iomanip:208:5:[m[K [01;36m[Knote: [m[K  template argument deduction/substitution failed:
[1.379s] [01m[K/home/tang/tang_ws/remote_h/crsf_parser/src/tranform.cpp:43:20:[m[K [01;36m[Knote: [m[K  cannot convert ‘[01m[Kcurrent_time[m[K’ (type ‘[01m[Krclcpp::Time[m[K’) to type ‘[01m[Kstd::_Setprecision[m[K’
[1.379s]    43 |         std::cout<<[01;36m[Kcurrent_time[m[K<<std::endl;
[1.379s]       |                    [01;36m[K^~~~~~~~~~~~[m[K
[1.379s] In file included from [01m[K/opt/ros/humble/include/rosidl_runtime_cpp/rosidl_runtime_cpp/traits.hpp:20[m[K,
[1.379s]                  from [01m[K/opt/ros/humble/include/builtin_interfaces/builtin_interfaces/msg/detail/duration__traits.hpp:15[m[K,
[1.379s]                  from [01m[K/opt/ros/humble/include/builtin_interfaces/builtin_interfaces/msg/duration.hpp:9[m[K,
[1.379s]                  from [01m[K/opt/ros/humble/include/rclcpp/rclcpp/duration.hpp:20[m[K,
[1.380s]                  from [01m[K/opt/ros/humble/include/rclcpp/rclcpp/qos.hpp:20[m[K,
[1.380s]                  from [01m[K/opt/ros/humble/include/rclcpp/rclcpp/node_interfaces/node_graph_interface.hpp:33[m[K,
[1.380s]                  from [01m[K/opt/ros/humble/include/rclcpp/rclcpp/client.hpp:42[m[K,
[1.380s]                  from [01m[K/opt/ros/humble/include/rclcpp/rclcpp/callback_group.hpp:24[m[K,
[1.380s]                  from [01m[K/opt/ros/humble/include/rclcpp/rclcpp/any_executable.hpp:20[m[K,
[1.380s]                  from [01m[K/opt/ros/humble/include/rclcpp/rclcpp/memory_strategy.hpp:25[m[K,
[1.380s]                  from [01m[K/opt/ros/humble/include/rclcpp/rclcpp/memory_strategies.hpp:18[m[K,
[1.380s]                  from [01m[K/opt/ros/humble/include/rclcpp/rclcpp/executor_options.hpp:20[m[K,
[1.380s]                  from [01m[K/opt/ros/humble/include/rclcpp/rclcpp/executor.hpp:37[m[K,
[1.380s]                  from [01m[K/opt/ros/humble/include/rclcpp/rclcpp/executors/multi_threaded_executor.hpp:25[m[K,
[1.380s]                  from [01m[K/opt/ros/humble/include/rclcpp/rclcpp/executors.hpp:21[m[K,
[1.380s]                  from [01m[K/opt/ros/humble/include/rclcpp/rclcpp/rclcpp.hpp:155[m[K,
[1.380s]                  from [01m[K/home/tang/tang_ws/remote_h/crsf_parser/src/tranform.cpp:1[m[K:
[1.380s] [01m[K/usr/include/c++/11/iomanip:238:5:[m[K [01;36m[Knote: [m[Kcandidate: ‘[01m[Ktemplate<class _CharT, class _Traits> std::basic_ostream<_Ch, _Tr>& std::operator<<(std::basic_ostream<_Ch, _Tr>&, std::_Setw)[m[K’
[1.380s]   238 |     [01;36m[Koperator[m[K<<(basic_ostream<_CharT, _Traits>& __os, _Setw __f)
[1.380s]       |     [01;36m[K^~~~~~~~[m[K
[1.380s] [01m[K/usr/include/c++/11/iomanip:238:5:[m[K [01;36m[Knote: [m[K  template argument deduction/substitution failed:
[1.380s] [01m[K/home/tang/tang_ws/remote_h/crsf_parser/src/tranform.cpp:43:20:[m[K [01;36m[Knote: [m[K  cannot convert ‘[01m[Kcurrent_time[m[K’ (type ‘[01m[Krclcpp::Time[m[K’) to type ‘[01m[Kstd::_Setw[m[K’
[1.380s]    43 |         std::cout<<[01;36m[Kcurrent_time[m[K<<std::endl;
[1.380s]       |                    [01;36m[K^~~~~~~~~~~~[m[K
[1.380s] In file included from [01m[K/opt/ros/humble/include/rosidl_runtime_cpp/rosidl_runtime_cpp/traits.hpp:20[m[K,
[1.380s]                  from [01m[K/opt/ros/humble/include/builtin_interfaces/builtin_interfaces/msg/detail/duration__traits.hpp:15[m[K,
[1.380s]                  from [01m[K/opt/ros/humble/include/builtin_interfaces/builtin_interfaces/msg/duration.hpp:9[m[K,
[1.380s]                  from [01m[K/opt/ros/humble/include/rclcpp/rclcpp/duration.hpp:20[m[K,
[1.380s]                  from [01m[K/opt/ros/humble/include/rclcpp/rclcpp/qos.hpp:20[m[K,
[1.380s]                  from [01m[K/opt/ros/humble/include/rclcpp/rclcpp/node_interfaces/node_graph_interface.hpp:33[m[K,
[1.380s]                  from [01m[K/opt/ros/humble/include/rclcpp/rclcpp/client.hpp:42[m[K,
[1.380s]                  from [01m[K/opt/ros/humble/include/rclcpp/rclcpp/callback_group.hpp:24[m[K,
[1.380s]                  from [01m[K/opt/ros/humble/include/rclcpp/rclcpp/any_executable.hpp:20[m[K,
[1.380s]                  from [01m[K/opt/ros/humble/include/rclcpp/rclcpp/memory_strategy.hpp:25[m[K,
[1.380s]                  from [01m[K/opt/ros/humble/include/rclcpp/rclcpp/memory_strategies.hpp:18[m[K,
[1.380s]                  from [01m[K/opt/ros/humble/include/rclcpp/rclcpp/executor_options.hpp:20[m[K,
[1.380s]                  from [01m[K/opt/ros/humble/include/rclcpp/rclcpp/executor.hpp:37[m[K,
[1.380s]                  from [01m[K/opt/ros/humble/include/rclcpp/rclcpp/executors/multi_threaded_executor.hpp:25[m[K,
[1.380s]                  from [01m[K/opt/ros/humble/include/rclcpp/rclcpp/executors.hpp:21[m[K,
[1.380s]                  from [01m[K/opt/ros/humble/include/rclcpp/rclcpp/rclcpp.hpp:155[m[K,
[1.380s]                  from [01m[K/home/tang/tang_ws/remote_h/crsf_parser/src/tranform.cpp:1[m[K:
[1.380s] [01m[K/usr/include/c++/11/iomanip:311:5:[m[K [01;36m[Knote: [m[Kcandidate: ‘[01m[Ktemplate<class _CharT, class _Traits, class _MoneyT> std::basic_ostream<_Ch, _Tr>& std::operator<<(std::basic_ostream<_Ch, _Tr>&, std::_Put_money<_MoneyT>)[m[K’
[1.380s]   311 |     [01;36m[Koperator[m[K<<(basic_ostream<_CharT, _Traits>& __os, _Put_money<_MoneyT> __f)
[1.380s]       |     [01;36m[K^~~~~~~~[m[K
[1.380s] [01m[K/usr/include/c++/11/iomanip:311:5:[m[K [01;36m[Knote: [m[K  template argument deduction/substitution failed:
[1.380s] [01m[K/home/tang/tang_ws/remote_h/crsf_parser/src/tranform.cpp:43:20:[m[K [01;36m[Knote: [m[K  ‘[01m[Krclcpp::Time[m[K’ is not derived from ‘[01m[Kstd::_Put_money<_MoneyT>[m[K’
[1.380s]    43 |         std::cout<<[01;36m[Kcurrent_time[m[K<<std::endl;
[1.381s]       |                    [01;36m[K^~~~~~~~~~~~[m[K
[1.381s] In file included from [01m[K/opt/ros/humble/include/rosidl_runtime_cpp/rosidl_runtime_cpp/traits.hpp:20[m[K,
[1.381s]                  from [01m[K/opt/ros/humble/include/builtin_interfaces/builtin_interfaces/msg/detail/duration__traits.hpp:15[m[K,
[1.381s]                  from [01m[K/opt/ros/humble/include/builtin_interfaces/builtin_interfaces/msg/duration.hpp:9[m[K,
[1.381s]                  from [01m[K/opt/ros/humble/include/rclcpp/rclcpp/duration.hpp:20[m[K,
[1.381s]                  from [01m[K/opt/ros/humble/include/rclcpp/rclcpp/qos.hpp:20[m[K,
[1.381s]                  from [01m[K/opt/ros/humble/include/rclcpp/rclcpp/node_interfaces/node_graph_interface.hpp:33[m[K,
[1.381s]                  from [01m[K/opt/ros/humble/include/rclcpp/rclcpp/client.hpp:42[m[K,
[1.381s]                  from [01m[K/opt/ros/humble/include/rclcpp/rclcpp/callback_group.hpp:24[m[K,
[1.381s]                  from [01m[K/opt/ros/humble/include/rclcpp/rclcpp/any_executable.hpp:20[m[K,
[1.381s]                  from [01m[K/opt/ros/humble/include/rclcpp/rclcpp/memory_strategy.hpp:25[m[K,
[1.381s]                  from [01m[K/opt/ros/humble/include/rclcpp/rclcpp/memory_strategies.hpp:18[m[K,
[1.381s]                  from [01m[K/opt/ros/humble/include/rclcpp/rclcpp/executor_options.hpp:20[m[K,
[1.381s]                  from [01m[K/opt/ros/humble/include/rclcpp/rclcpp/executor.hpp:37[m[K,
[1.381s]                  from [01m[K/opt/ros/humble/include/rclcpp/rclcpp/executors/multi_threaded_executor.hpp:25[m[K,
[1.381s]                  from [01m[K/opt/ros/humble/include/rclcpp/rclcpp/executors.hpp:21[m[K,
[1.381s]                  from [01m[K/opt/ros/humble/include/rclcpp/rclcpp/rclcpp.hpp:155[m[K,
[1.381s]                  from [01m[K/home/tang/tang_ws/remote_h/crsf_parser/src/tranform.cpp:1[m[K:
[1.381s] [01m[K/usr/include/c++/11/iomanip:363:5:[m[K [01;36m[Knote: [m[Kcandidate: ‘[01m[Ktemplate<class _CharT, class _Traits> std::basic_ostream<_Ch, _Tr>& std::operator<<(std::basic_ostream<_Ch, _Tr>&, std::_Put_time<_CharT>)[m[K’
[1.381s]   363 |     [01;36m[Koperator[m[K<<(basic_ostream<_CharT, _Traits>& __os, _Put_time<_CharT> __f)
[1.381s]       |     [01;36m[K^~~~~~~~[m[K
[1.381s] [01m[K/usr/include/c++/11/iomanip:363:5:[m[K [01;36m[Knote: [m[K  template argument deduction/substitution failed:
[1.381s] [01m[K/home/tang/tang_ws/remote_h/crsf_parser/src/tranform.cpp:43:20:[m[K [01;36m[Knote: [m[K  ‘[01m[Krclcpp::Time[m[K’ is not derived from ‘[01m[Kstd::_Put_time<_CharT>[m[K’
[1.381s]    43 |         std::cout<<[01;36m[Kcurrent_time[m[K<<std::endl;
[1.381s]       |                    [01;36m[K^~~~~~~~~~~~[m[K
[1.381s] In file included from [01m[K/opt/ros/humble/include/rclcpp/rclcpp/publisher_base.hpp:34[m[K,
[1.381s]                  from [01m[K/opt/ros/humble/include/rclcpp/rclcpp/callback_group.hpp:27[m[K,
[1.381s]                  from [01m[K/opt/ros/humble/include/rclcpp/rclcpp/any_executable.hpp:20[m[K,
[1.381s]                  from [01m[K/opt/ros/humble/include/rclcpp/rclcpp/memory_strategy.hpp:25[m[K,
[1.381s]                  from [01m[K/opt/ros/humble/include/rclcpp/rclcpp/memory_strategies.hpp:18[m[K,
[1.381s]                  from [01m[K/opt/ros/humble/include/rclcpp/rclcpp/executor_options.hpp:20[m[K,
[1.381s]                  from [01m[K/opt/ros/humble/include/rclcpp/rclcpp/executor.hpp:37[m[K,
[1.381s]                  from [01m[K/opt/ros/humble/include/rclcpp/rclcpp/executors/multi_threaded_executor.hpp:25[m[K,
[1.381s]                  from [01m[K/opt/ros/humble/include/rclcpp/rclcpp/executors.hpp:21[m[K,
[1.381s]                  from [01m[K/opt/ros/humble/include/rclcpp/rclcpp/rclcpp.hpp:155[m[K,
[1.381s]                  from [01m[K/home/tang/tang_ws/remote_h/crsf_parser/src/tranform.cpp:1[m[K:
[1.381s] [01m[K/opt/ros/humble/include/rclcpp/rclcpp/network_flow_endpoint.hpp:100:25:[m[K [01;36m[Knote: [m[Kcandidate: ‘[01m[Kstd::ostream& rclcpp::operator<<(std::ostream&, const rclcpp::NetworkFlowEndpoint&)[m[K’
[1.381s]   100 |   friend std::ostream & [01;36m[Krclcpp[m[K::operator<<(
[1.381s]       |                         [01;36m[K^~~~~~[m[K
[1.381s] [01m[K/opt/ros/humble/include/rclcpp/rclcpp/network_flow_endpoint.hpp:42:74:[m[K [01;36m[Knote: [m[K  no known conversion for argument 2 from ‘[01m[Krclcpp::Time[m[K’ to ‘[01m[Kconst rclcpp::NetworkFlowEndpoint&[m[K’
[1.381s]    42 | std::ostream & operator<<(std::ostream & os, [01;36m[Kconst NetworkFlowEndpoint & network_flow_endpoint[m[K);
[1.381s]       |                                              [01;36m[K~~~~~~~~~~~~~~~~~~~~~~~~~~~~^~~~~~~~~~~~~~~~~~~~~[m[K
[1.382s] In file included from [01m[K/opt/ros/humble/include/rclcpp/rclcpp/subscription_options.hpp:30[m[K,
[1.382s]                  from [01m[K/opt/ros/humble/include/rclcpp/rclcpp/subscription.hpp:45[m[K,
[1.382s]                  from [01m[K/opt/ros/humble/include/rclcpp/rclcpp/any_executable.hpp:25[m[K,
[1.382s]                  from [01m[K/opt/ros/humble/include/rclcpp/rclcpp/memory_strategy.hpp:25[m[K,
[1.382s]                  from [01m[K/opt/ros/humble/include/rclcpp/rclcpp/memory_strategies.hpp:18[m[K,
[1.382s]                  from [01m[K/opt/ros/humble/include/rclcpp/rclcpp/executor_options.hpp:20[m[K,
[1.382s]                  from [01m[K/opt/ros/humble/include/rclcpp/rclcpp/executor.hpp:37[m[K,
[1.382s]                  from [01m[K/opt/ros/humble/include/rclcpp/rclcpp/executors/multi_threaded_executor.hpp:25[m[K,
[1.382s]                  from [01m[K/opt/ros/humble/include/rclcpp/rclcpp/executors.hpp:21[m[K,
[1.382s]                  from [01m[K/opt/ros/humble/include/rclcpp/rclcpp/rclcpp.hpp:155[m[K,
[1.382s]                  from [01m[K/home/tang/tang_ws/remote_h/crsf_parser/src/tranform.cpp:1[m[K:
[1.382s] [01m[K/opt/ros/humble/include/rclcpp/rclcpp/qos_overriding_options.hpp:54:1:[m[K [01;36m[Knote: [m[Kcandidate: ‘[01m[Kstd::ostream& rclcpp::operator<<(std::ostream&, const rclcpp::QosPolicyKind&)[m[K’
[1.382s]    54 | [01;36m[Koperator[m[K<<(std::ostream & os, const QosPolicyKind & qpk);
[1.382s]       | [01;36m[K^~~~~~~~[m[K
[1.382s] [01m[K/opt/ros/humble/include/rclcpp/rclcpp/qos_overriding_options.hpp:54:53:[m[K [01;36m[Knote: [m[K  no known conversion for argument 2 from ‘[01m[Krclcpp::Time[m[K’ to ‘[01m[Kconst rclcpp::QosPolicyKind&[m[K’
[1.382s]    54 | operator<<(std::ostream & os, [01;36m[Kconst QosPolicyKind & qpk[m[K);
[1.382s]       |                               [01;36m[K~~~~~~~~~~~~~~~~~~~~~~^~~[m[K
[1.382s] In file included from [01m[K/opt/ros/humble/include/rclcpp/rclcpp/executor.hpp:38[m[K,
[1.382s]                  from [01m[K/opt/ros/humble/include/rclcpp/rclcpp/executors/multi_threaded_executor.hpp:25[m[K,
[1.382s]                  from [01m[K/opt/ros/humble/include/rclcpp/rclcpp/executors.hpp:21[m[K,
[1.382s]                  from [01m[K/opt/ros/humble/include/rclcpp/rclcpp/rclcpp.hpp:155[m[K,
[1.382s]                  from [01m[K/home/tang/tang_ws/remote_h/crsf_parser/src/tranform.cpp:1[m[K:
[1.382s] [01m[K/opt/ros/humble/include/rclcpp/rclcpp/future_return_code.hpp:38:1:[m[K [01;36m[Knote: [m[Kcandidate: ‘[01m[Kstd::ostream& rclcpp::operator<<(std::ostream&, const rclcpp::FutureReturnCode&)[m[K’
[1.382s]    38 | [01;36m[Koperator[m[K<<(std::ostream & os, const FutureReturnCode & future_return_code);
[1.382s]       | [01;36m[K^~~~~~~~[m[K
[1.382s] [01m[K/opt/ros/humble/include/rclcpp/rclcpp/future_return_code.hpp:38:56:[m[K [01;36m[Knote: [m[K  no known conversion for argument 2 from ‘[01m[Krclcpp::Time[m[K’ to ‘[01m[Kconst rclcpp::FutureReturnCode&[m[K’
[1.382s]    38 | operator<<(std::ostream & os, [01;36m[Kconst FutureReturnCode & future_return_code[m[K);
[1.382s]       |                               [01;36m[K~~~~~~~~~~~~~~~~~~~~~~~~~^~~~~~~~~~~~~~~~~~[m[K
[1.382s] In file included from [01m[K/opt/ros/humble/include/rclcpp/rclcpp/parameter.hpp:26[m[K,
[1.382s]                  from [01m[K/opt/ros/humble/include/rclcpp/rclcpp/node_interfaces/node_parameters_interface.hpp:29[m[K,
[1.382s]                  from [01m[K/opt/ros/humble/include/rclcpp/rclcpp/node.hpp:54[m[K,
[1.382s]                  from [01m[K/opt/ros/humble/include/rclcpp/rclcpp/executors/single_threaded_executor.hpp:28[m[K,
[1.382s]                  from [01m[K/opt/ros/humble/include/rclcpp/rclcpp/executors.hpp:22[m[K,
[1.382s]                  from [01m[K/opt/ros/humble/include/rclcpp/rclcpp/rclcpp.hpp:155[m[K,
[1.382s]                  from [01m[K/home/tang/tang_ws/remote_h/crsf_parser/src/tranform.cpp:1[m[K:
[1.382s] [01m[K/opt/ros/humble/include/rclcpp/rclcpp/parameter_value.hpp:53:1:[m[K [01;36m[Knote: [m[Kcandidate: ‘[01m[Kstd::ostream& rclcpp::operator<<(std::ostream&, rclcpp::ParameterType)[m[K’
[1.382s]    53 | [01;36m[Koperator[m[K<<(std::ostream & os, ParameterType type);
[1.382s]       | [01;36m[K^~~~~~~~[m[K
[1.382s] [01m[K/opt/ros/humble/include/rclcpp/rclcpp/parameter_value.hpp:53:45:[m[K [01;36m[Knote: [m[K  no known conversion for argument 2 from ‘[01m[Krclcpp::Time[m[K’ to ‘[01m[Krclcpp::ParameterType[m[K’
[1.382s]    53 | operator<<(std::ostream & os, [01;36m[KParameterType type[m[K);
[1.382s]       |                               [01;36m[K~~~~~~~~~~~~~~^~~~[m[K
[1.382s] In file included from [01m[K/opt/ros/humble/include/rclcpp/rclcpp/node_interfaces/node_parameters_interface.hpp:29[m[K,
[1.383s]                  from [01m[K/opt/ros/humble/include/rclcpp/rclcpp/node.hpp:54[m[K,
[1.383s]                  from [01m[K/opt/ros/humble/include/rclcpp/rclcpp/executors/single_threaded_executor.hpp:28[m[K,
[1.383s]                  from [01m[K/opt/ros/humble/include/rclcpp/rclcpp/executors.hpp:22[m[K,
[1.383s]                  from [01m[K/opt/ros/humble/include/rclcpp/rclcpp/rclcpp.hpp:155[m[K,
[1.383s]                  from [01m[K/home/tang/tang_ws/remote_h/crsf_parser/src/tranform.cpp:1[m[K:
[1.383s] [01m[K/opt/ros/humble/include/rclcpp/rclcpp/parameter.hpp:226:1:[m[K [01;36m[Knote: [m[Kcandidate: ‘[01m[Kstd::ostream& rclcpp::operator<<(std::ostream&, const rclcpp::Parameter&)[m[K’
[1.383s]   226 | [01;36m[Koperator[m[K<<(std::ostream & os, const rclcpp::Parameter & pv);
[1.383s]       | [01;36m[K^~~~~~~~[m[K
[1.383s] [01m[K/opt/ros/humble/include/rclcpp/rclcpp/parameter.hpp:226:57:[m[K [01;36m[Knote: [m[K  no known conversion for argument 2 from ‘[01m[Krclcpp::Time[m[K’ to ‘[01m[Kconst rclcpp::Parameter&[m[K’
[1.383s]   226 | operator<<(std::ostream & os, [01;36m[Kconst rclcpp::Parameter & pv[m[K);
[1.383s]       |                               [01;36m[K~~~~~~~~~~~~~~~~~~~~~~~~~~^~[m[K
[1.383s] [01m[K/opt/ros/humble/include/rclcpp/rclcpp/parameter.hpp:230:1:[m[K [01;36m[Knote: [m[Kcandidate: ‘[01m[Kstd::ostream& rclcpp::operator<<(std::ostream&, const std::vector<rclcpp::Parameter>&)[m[K’
[1.383s]   230 | [01;36m[Koperator[m[K<<(std::ostream & os, const std::vector<Parameter> & parameters);
[1.383s]       | [01;36m[K^~~~~~~~[m[K
[1.383s] [01m[K/opt/ros/humble/include/rclcpp/rclcpp/parameter.hpp:230:62:[m[K [01;36m[Knote: [m[K  no known conversion for argument 2 from ‘[01m[Krclcpp::Time[m[K’ to ‘[01m[Kconst std::vector<rclcpp::Parameter>&[m[K’
[1.383s]   230 | operator<<(std::ostream & os, [01;36m[Kconst std::vector<Parameter> & parameters[m[K);
[1.383s]       |                               [01;36m[K~~~~~~~~~~~~~~~~~~~~~~~~~~~~~~~^~~~~~~~~~[m[K
[2.775s] gmake[2]: *** [CMakeFiles/tranform.dir/build.make:76：CMakeFiles/tranform.dir/src/tranform.cpp.o] 错误 1
[2.775s] gmake[1]: *** [CMakeFiles/Makefile2:622：CMakeFiles/tranform.dir/all] 错误 2
[2.775s] gmake: *** [Makefile:146：all] 错误 2
[2.777s] Invoked command in '/home/tang/tang_ws/remote_h/crsf_parser/build/crsf_parser' returned '2': CMAKE_PREFIX_PATH=${CMAKE_PREFIX_PATH}:/opt/ros/humble /usr/bin/cmake --build /home/tang/tang_ws/remote_h/crsf_parser/build/crsf_parser -- -j16 -l16
